Log file open, 01/10/19 09:05:52
LogWindows: Failed to load 'aqProf.dll' (GetLastError=126)
LogWindows: File 'aqProf.dll' does not exist
LogWindows: Failed to load 'VtuneApi.dll' (GetLastError=126)
LogWindows: File 'VtuneApi.dll' does not exist
LogWindows: Failed to load 'VtuneApi32e.dll' (GetLastError=126)
LogWindows: File 'VtuneApi32e.dll' does not exist
LogConsoleResponse: Display: Failed to find resolution value strings in scalability ini. Falling back to default.
LogInit: Display: Running engine for game: Ultimate_NAF
LogPakFile: Registered encryption key '00000000000000000000000000000000': 0 pak files mounted, 0 remain pending
LogPlatformFile: Not using cached read wrapper
LogTaskGraph: Started task graph with 5 named threads and 17 total threads with 3 sets of task threads.
LogStats: Stats thread started at 0.305440
LogD3D11RHI: Loaded GFSDK_Aftermath_Lib.x64.dll
LogICUInternationalization: ICU TimeZone Detection - Raw Offset: +10:00, Platform Override: ''
LogPluginManager: Mounting plugin Paper2D
LogPluginManager: Mounting plugin AISupport
LogPluginManager: Mounting plugin LightPropagationVolume
LogPluginManager: Mounting plugin ActorLayerUtilities
LogPluginManager: Mounting plugin CLionSourceCodeAccess
LogPluginManager: Mounting plugin CodeLiteSourceCodeAccess
LogPluginManager: Mounting plugin GitSourceControl
LogPluginManager: Mounting plugin KDevelopSourceCodeAccess
LogPluginManager: Mounting plugin NullSourceCodeAccess
LogPluginManager: Mounting plugin PerforceSourceControl
LogPluginManager: Mounting plugin SubversionSourceControl
LogPluginManager: Mounting plugin UObjectPlugin
LogPluginManager: Mounting plugin VisualStudioCodeSourceCodeAccess
LogPluginManager: Mounting plugin VisualStudioSourceCodeAccess
LogPluginManager: Mounting plugin XCodeSourceCodeAccess
LogPluginManager: Mounting plugin AssetManagerEditor
LogPluginManager: Mounting plugin CryptoKeys
LogPluginManager: Mounting plugin DataValidation
LogPluginManager: Mounting plugin FacialAnimation
LogPluginManager: Mounting plugin GameplayTagsEditor
LogPluginManager: Mounting plugin MacGraphicsSwitching
LogPluginManager: Mounting plugin MeshEditor
LogPluginManager: Mounting plugin MobileLauncherProfileWizard
LogPluginManager: Mounting plugin PluginBrowser
LogPluginManager: Mounting plugin SpeedTreeImporter
LogPluginManager: Mounting plugin DatasmithContent
LogPluginManager: Mounting plugin VariantManagerContent
LogPluginManager: Mounting plugin AlembicImporter
LogPluginManager: Mounting plugin AppleImageUtils
LogPluginManager: Mounting plugin AppleVision
LogPluginManager: Mounting plugin BackChannel
LogPluginManager: Mounting plugin CharacterAI
LogPluginManager: Mounting plugin GeometryCache
LogPluginManager: Mounting plugin HTML5Networking
LogPluginManager: Mounting plugin ProxyLODPlugin
LogPluginManager: Mounting plugin MagicLeap
LogPluginManager: Mounting plugin MagicLeapMedia
LogPluginManager: Mounting plugin AndroidMedia
LogPluginManager: Mounting plugin AvfMedia
LogPluginManager: Mounting plugin ImgMedia
LogPluginManager: Mounting plugin LinearTimecode
LogPluginManager: Mounting plugin MediaCompositing
LogPluginManager: Mounting plugin MediaPlayerEditor
LogPluginManager: Mounting plugin WebMMedia
LogPluginManager: Mounting plugin WmfMedia
LogPluginManager: Mounting plugin TcpMessaging
LogPluginManager: Mounting plugin UdpMessaging
LogPluginManager: Mounting plugin ActorSequence
LogPluginManager: Mounting plugin LevelSequenceEditor
LogPluginManager: Mounting plugin MatineeToLevelSequence
LogPluginManager: Mounting plugin NetcodeUnitTest
LogPluginManager: Mounting plugin NUTUnrealEngine4
LogPluginManager: Mounting plugin OnlineSubsystemGooglePlay
LogPluginManager: Mounting plugin OnlineSubsystemIOS
LogPluginManager: Mounting plugin OnlineSubsystem
LogPluginManager: Mounting plugin OnlineSubsystemNull
LogPluginManager: Mounting plugin OnlineSubsystemUtils
LogPluginManager: Mounting plugin LauncherChunkInstaller
LogPluginManager: Mounting plugin AndroidDeviceProfileSelector
LogPluginManager: Mounting plugin AndroidMoviePlayer
LogPluginManager: Mounting plugin AndroidPermission
LogPluginManager: Mounting plugin AppleMoviePlayer
LogPluginManager: Mounting plugin ArchVisCharacter
LogPluginManager: Mounting plugin AudioCapture
LogPluginManager: Mounting plugin CableComponent
LogPluginManager: Mounting plugin CustomMeshComponent
LogPluginManager: Mounting plugin EditableMesh
LogPluginManager: Mounting plugin ExampleDeviceProfileSelector
LogPluginManager: Mounting plugin Firebase
LogPluginManager: Mounting plugin GoogleCloudMessaging
LogPluginManager: Mounting plugin IOSDeviceProfileSelector
LogPluginManager: Mounting plugin LinuxDeviceProfileSelector
LogPluginManager: Mounting plugin LocationServicesBPLibrary
LogPluginManager: Mounting plugin MobilePatchingUtils
LogPluginManager: Mounting plugin OculusVR
LogPluginManager: Mounting plugin PhysXVehicles
LogPluginManager: Mounting plugin ProceduralMeshComponent
LogPluginManager: Mounting plugin RuntimePhysXCooking
LogPluginManager: Mounting plugin SteamVR
LogPluginManager: Mounting plugin WebMMoviePlayer
LogPluginManager: Mounting plugin WindowsMoviePlayer
LogStreaming: Display: Took 241.454s to configure plugins.
LogInit: Using libcurl 7.55.1-DEV
LogInit:  - built for x86_64-pc-win32
LogInit:  - supports SSL with OpenSSL/1.0.2h
LogInit:  - supports HTTP deflate (compression) using libz 1.2.8
LogInit:  - other features:
LogInit:      CURL_VERSION_SSL
LogInit:      CURL_VERSION_LIBZ
LogInit:      CURL_VERSION_IPV6
LogInit:      CURL_VERSION_ASYNCHDNS
LogInit:      CURL_VERSION_LARGEFILE
LogInit:      CURL_VERSION_IDN
LogInit:  CurlRequestOptions (configurable via config and command line):
LogInit:  - bVerifyPeer = true  - Libcurl will verify peer certificate
LogInit:  - bUseHttpProxy = false  - Libcurl will NOT use HTTP proxy
LogInit:  - bDontReuseConnections = false  - Libcurl will reuse connections
LogInit:  - MaxHostConnections = 16  - Libcurl will limit the number of connections to a host
LogInit:  - LocalHostAddr = Default
LogInit:  - BufferSize = 65536
LogInit: WinSock: version 1.1 (2.2), MaxSocks=32767, MaxUdp=65467
LogInit: Build: ++UE4+Release-4.21-CL-4613538
LogInit: Engine Version: 4.21.1-4613538+++UE4+Release-4.21
LogInit: Compatible Engine Version: 4.21.0-4541578+++UE4+Release-4.21
LogInit: Net CL: 4541578
LogInit: OS: Windows 10 (), CPU: AMD FX(tm)-6300 Six-Core Processor             , GPU: NVIDIA GeForce GTX 1050 Ti
LogInit: Compiled (64-bit): Nov 30 2018 04:13:25
LogInit: Compiled with Visual C++: 19.13.26129.00
LogInit: Build Configuration: Development
LogInit: Branch Name: ++UE4+Release-4.21
LogInit: Command Line: 
LogInit: Base Directory: E:/Program Files/Epic Games/UE_4.21/Engine/Binaries/Win64/
LogInit: Installed Engine Build: 1
LogDevObjectVersion: Number of dev versions registered: 22
LogDevObjectVersion:   Dev-Blueprints (B0D832E4-1F89-4F0D-ACCF-7EB736FD4AA2): 10
LogDevObjectVersion:   Dev-Build (E1C64328-A22C-4D53-A36C-8E866417BD8C): 0
LogDevObjectVersion:   Dev-Core (375EC13C-06E4-48FB-B500-84F0262A717E): 2
LogDevObjectVersion:   Dev-Editor (E4B068ED-F494-42E9-A231-DA0B2E46BB41): 26
LogDevObjectVersion:   Dev-Framework (CFFC743F-43B0-4480-9391-14DF171D2073): 34
LogDevObjectVersion:   Dev-Mobile (B02B49B5-BB20-44E9-A304-32B752E40360): 2
LogDevObjectVersion:   Dev-Networking (A4E4105C-59A1-49B5-A7C5-40C4547EDFEE): 0
LogDevObjectVersion:   Dev-Online (39C831C9-5AE6-47DC-9A44-9C173E1C8E7C): 0
LogDevObjectVersion:   Dev-Physics (78F01B33-EBEA-4F98-B9B4-84EACCB95AA2): 0
LogDevObjectVersion:   Dev-Platform (6631380F-2D4D-43E0-8009-CF276956A95A): 0
LogDevObjectVersion:   Dev-Rendering (12F88B9F-8875-4AFC-A67C-D90C383ABD29): 27
LogDevObjectVersion:   Dev-Sequencer (7B5AE74C-D270-4C10-A958-57980B212A5A): 9
LogDevObjectVersion:   Dev-VR (D7296918-1DD6-4BDD-9DE2-64A83CC13884): 2
LogDevObjectVersion:   Dev-LoadTimes (C2A15278-BFE7-4AFE-6C17-90FF531DF755): 1
LogDevObjectVersion:   Private-Geometry (6EACA3D4-40EC-4CC1-B786-8BED09428FC5): 3
LogDevObjectVersion:   Dev-AnimPhys (29E575DD-E0A3-4627-9D10-D276232CDCEA): 17
LogDevObjectVersion:   Dev-Anim (AF43A65D-7FD3-4947-9873-3E8ED9C1BB05): 2
LogDevObjectVersion:   Dev-ReflectionCapture (6B266CEC-1EC7-4B8F-A30B-E4D90942FC07): 1
LogDevObjectVersion:   Dev-Automation (0DF73D61-A23F-47EA-B727-89E90C41499A): 1
LogDevObjectVersion:   FortniteMain (601D1886-AC64-4F84-AA16-D3DE0DEAC7D6): 17
LogDevObjectVersion:   Dev-Enterprise (9DFFBCD6-494F-0158-E221-12823C92A888): 4
LogDevObjectVersion:   Dev-Niagara (F2AED0AC-9AFE-416F-8664-AA7FFA26D6FC): 1
LogStreaming: Display: Took  0.003s to delete old logs.
LogInit: Presizing for max 8388607 objects, including 0 objects not considered by GC, pre-allocating 0 bytes for permanent pool.
LogInit: Object subsystem initialized
LogConfig: Setting CVar [[con.DebugEarlyDefault:1]]
LogConfig: Setting CVar [[r.setres:1280x720]]
[2019.01.09-22.09.30:047][  0]LogConfig: Setting CVar [[r.VSync:0]]
[2019.01.09-22.09.30:047][  0]LogConfig: Setting CVar [[r.RHICmdBypass:0]]
[2019.01.09-22.09.30:047][  0]LogConfig: Applying CVar settings from Section [/Script/Engine.RendererSettings] File [F:/PCBackup/MISC/Unreal Games/Ultimate-New-Age-Fighters/Ultimate_NAF/Saved/Config/Windows/Engine.ini]
[2019.01.09-22.09.30:047][  0]LogConfig: Setting CVar [[r.GPUCrashDebugging:0]]
[2019.01.09-22.09.30:047][  0]LogConfig: Setting CVar [[r.MobileHDR:1]]
[2019.01.09-22.09.30:047][  0]LogConfig: Setting CVar [[r.Mobile.DisableVertexFog:1]]
[2019.01.09-22.09.30:047][  0]LogConfig: Setting CVar [[r.Shadow.CSM.MaxMobileCascades:2]]
[2019.01.09-22.09.30:047][  0]LogConfig: Setting CVar [[r.MobileMSAA:1]]
[2019.01.09-22.09.30:047][  0]LogConfig: Setting CVar [[r.Mobile.UseLegacyShadingModel:0]]
[2019.01.09-22.09.30:047][  0]LogConfig: Setting CVar [[r.Mobile.AllowDitheredLODTransition:0]]
[2019.01.09-22.09.30:047][  0]LogConfig: Setting CVar [[r.Mobile.AllowSoftwareOcclusion:0]]
[2019.01.09-22.09.30:047][  0]LogConfig: Setting CVar [[r.DiscardUnusedQuality:0]]
[2019.01.09-22.09.30:047][  0]LogConfig: Setting CVar [[r.AllowOcclusionQueries:1]]
[2019.01.09-22.09.30:047][  0]LogConfig: Setting CVar [[r.MinScreenRadiusForLights:0.030000]]
[2019.01.09-22.09.30:047][  0]LogConfig: Setting CVar [[r.MinScreenRadiusForDepthPrepass:0.030000]]
[2019.01.09-22.09.30:047][  0]LogConfig: Setting CVar [[r.MinScreenRadiusForCSMDepth:0.010000]]
[2019.01.09-22.09.30:047][  0]LogConfig: Setting CVar [[r.PrecomputedVisibilityWarning:0]]
[2019.01.09-22.09.30:047][  0]LogConfig: Setting CVar [[r.TextureStreaming:1]]
[2019.01.09-22.09.30:047][  0]LogConfig: Setting CVar [[Compat.UseDXT5NormalMaps:0]]
[2019.01.09-22.09.30:047][  0]LogConfig: Setting CVar [[r.ClearCoatNormal:0]]
[2019.01.09-22.09.30:047][  0]LogConfig: Setting CVar [[r.ReflectionCaptureResolution:128]]
[2019.01.09-22.09.30:047][  0]LogConfig: Setting CVar [[r.ReflectionEnvironmentLightmapMixBasedOnRoughness:1]]
[2019.01.09-22.09.30:047][  0]LogConfig: Setting CVar [[r.ForwardShading:0]]
[2019.01.09-22.09.30:047][  0]LogConfig: Setting CVar [[r.VertexFoggingForOpaque:1]]
[2019.01.09-22.09.30:047][  0]LogConfig: Setting CVar [[r.AllowStaticLighting:1]]
[2019.01.09-22.09.30:047][  0]LogConfig: Setting CVar [[r.NormalMapsForStaticLighting:0]]
[2019.01.09-22.09.30:047][  0]LogConfig: Setting CVar [[r.GenerateMeshDistanceFields:0]]
[2019.01.09-22.09.30:047][  0]LogConfig: Setting CVar [[r.DistanceFieldBuild.EightBit:0]]
[2019.01.09-22.09.30:047][  0]LogConfig: Setting CVar [[r.GenerateLandscapeGIData:0]]
[2019.01.09-22.09.30:047][  0]LogConfig: Setting CVar [[r.DistanceFieldBuild.Compress:0]]
[2019.01.09-22.09.30:047][  0]LogConfig: Setting CVar [[r.TessellationAdaptivePixelsPerTriangle:48.000000]]
[2019.01.09-22.09.30:047][  0]LogConfig: Setting CVar [[r.SeparateTranslucency:1]]
[2019.01.09-22.09.30:047][  0]LogConfig: Setting CVar [[r.TranslucentSortPolicy:0]]
[2019.01.09-22.09.30:047][  0]LogConfig: Setting CVar [[r.CustomDepth:1]]
[2019.01.09-22.09.30:047][  0]LogConfig: Setting CVar [[r.CustomDepthTemporalAAJitter:1]]
[2019.01.09-22.09.30:047][  0]LogConfig: Setting CVar [[r.PostProcessing.PropagateAlpha:0]]
[2019.01.09-22.09.30:047][  0]LogConfig: Setting CVar [[r.DOF.Algorithm:1]]
[2019.01.09-22.09.30:047][  0]LogConfig: Setting CVar [[r.DefaultFeature.Bloom:1]]
[2019.01.09-22.09.30:047][  0]LogConfig: Setting CVar [[r.DefaultFeature.AmbientOcclusion:1]]
[2019.01.09-22.09.30:047][  0]LogConfig: Setting CVar [[r.DefaultFeature.AmbientOcclusionStaticFraction:1]]
[2019.01.09-22.09.30:047][  0]LogConfig: Setting CVar [[r.DefaultFeature.AutoExposure:1]]
[2019.01.09-22.09.30:047][  0]LogConfig: Setting CVar [[r.DefaultFeature.AutoExposure.Method:0]]
[2019.01.09-22.09.30:047][  0]LogConfig: Setting CVar [[r.DefaultFeature.AutoExposure.ExtendDefaultLuminanceRange:0]]
[2019.01.09-22.09.30:047][  0]LogConfig: Setting CVar [[r.UsePreExposure:0]]
[2019.01.09-22.09.30:047][  0]LogConfig: Setting CVar [[r.DefaultFeature.MotionBlur:1]]
[2019.01.09-22.09.30:047][  0]LogConfig: Setting CVar [[r.DefaultFeature.LensFlare:0]]
[2019.01.09-22.09.30:047][  0]LogConfig: Setting CVar [[r.TemporalAA.Upsampling:0]]
[2019.01.09-22.09.30:048][  0]LogConfig: Setting CVar [[r.DefaultFeature.AntiAliasing:2]]
[2019.01.09-22.09.30:048][  0]LogConfig: Setting CVar [[r.DefaultFeature.LightUnits:1]]
[2019.01.09-22.09.30:048][  0]LogConfig: Setting CVar [[r.DefaultBackBufferPixelFormat:4]]
[2019.01.09-22.09.30:048][  0]LogConfig: Setting CVar [[r.Shadow.UnbuiltPreviewInGame:1]]
[2019.01.09-22.09.30:048][  0]LogConfig: Setting CVar [[r.StencilForLODDither:0]]
[2019.01.09-22.09.30:048][  0]LogConfig: Setting CVar [[r.EarlyZPass:3]]
[2019.01.09-22.09.30:048][  0]LogConfig: Setting CVar [[r.EarlyZPassMovable:1]]
[2019.01.09-22.09.30:048][  0]LogConfig: Setting CVar [[r.EarlyZPassOnlyMaterialMasking:0]]
[2019.01.09-22.09.30:048][  0]LogConfig: Setting CVar [[r.DBuffer:1]]
[2019.01.09-22.09.30:048][  0]LogConfig: Setting CVar [[r.ClearSceneMethod:1]]
[2019.01.09-22.09.30:048][  0]LogConfig: Setting CVar [[r.BasePassOutputsVelocity:0]]
[2019.01.09-22.09.30:048][  0]LogConfig: Setting CVar [[r.SelectiveBasePassOutputs:0]]
[2019.01.09-22.09.30:048][  0]LogConfig: Setting CVar [[fx.GPUSimulationTextureSizeX:1024]]
[2019.01.09-22.09.30:048][  0]LogConfig: Setting CVar [[fx.GPUSimulationTextureSizeY:1024]]
[2019.01.09-22.09.30:048][  0]LogConfig: Setting CVar [[r.AllowGlobalClipPlane:0]]
[2019.01.09-22.09.30:048][  0]LogConfig: Setting CVar [[r.GBufferFormat:1]]
[2019.01.09-22.09.30:048][  0]LogConfig: Setting CVar [[r.MorphTarget.Mode:1]]
[2019.01.09-22.09.30:048][  0]LogConfig: Setting CVar [[vr.InstancedStereo:0]]
[2019.01.09-22.09.30:048][  0]LogConfig: Setting CVar [[vr.MultiView:0]]
[2019.01.09-22.09.30:048][  0]LogConfig: Setting CVar [[vr.MobileMultiView:0]]
[2019.01.09-22.09.30:048][  0]LogConfig: Setting CVar [[vr.MobileMultiView.Direct:0]]
[2019.01.09-22.09.30:048][  0]LogConfig: Setting CVar [[vr.MonoscopicFarField:0]]
[2019.01.09-22.09.30:048][  0]LogConfig: Setting CVar [[vr.RoundRobinOcclusion:0]]
[2019.01.09-22.09.30:048][  0]LogConfig: Setting CVar [[vr.ODSCapture:0]]
[2019.01.09-22.09.30:048][  0]LogConfig: Setting CVar [[r.WireframeCullThreshold:5.000000]]
[2019.01.09-22.09.30:048][  0]LogConfig: Setting CVar [[r.SupportStationarySkylight:1]]
[2019.01.09-22.09.30:048][  0]LogConfig: Setting CVar [[r.SupportLowQualityLightmaps:1]]
[2019.01.09-22.09.30:048][  0]LogConfig: Setting CVar [[r.SupportPointLightWholeSceneShadows:1]]
[2019.01.09-22.09.30:048][  0]LogConfig: Setting CVar [[r.SupportAtmosphericFog:1]]
[2019.01.09-22.09.30:048][  0]LogConfig: Setting CVar [[r.SkinCache.CompileShaders:0]]
[2019.01.09-22.09.30:048][  0]LogConfig: Setting CVar [[r.Mobile.EnableStaticAndCSMShadowReceivers:1]]
[2019.01.09-22.09.30:048][  0]LogConfig: Setting CVar [[r.Mobile.EnableMovableLightCSMShaderCulling:1]]
[2019.01.09-22.09.30:048][  0]LogConfig: Setting CVar [[r.Mobile.AllowDistanceFieldShadows:1]]
[2019.01.09-22.09.30:048][  0]LogConfig: Setting CVar [[r.Mobile.AllowMovableDirectionalLights:1]]
[2019.01.09-22.09.30:048][  0]LogConfig: Setting CVar [[r.MobileNumDynamicPointLights:4]]
[2019.01.09-22.09.30:048][  0]LogConfig: Setting CVar [[r.MobileDynamicPointLightsUseStaticBranch:1]]
[2019.01.09-22.09.30:048][  0]LogConfig: Setting CVar [[r.SkinCache.SceneMemoryLimitInMB:128.000000]]
[2019.01.09-22.09.30:048][  0]LogConfig: Setting CVar [[r.GPUSkin.Limit2BoneInfluences:0]]
[2019.01.09-22.09.30:048][  0]LogConfig: Setting CVar [[r.SupportDepthOnlyIndexBuffers:1]]
[2019.01.09-22.09.30:049][  0]LogConfig: Setting CVar [[r.SupportReversedIndexBuffers:1]]
[2019.01.09-22.09.30:049][  0]LogConfig: Setting CVar [[r.SupportMaterialLayers:0]]
[2019.01.09-22.09.30:049][  0]LogConfig: Applying CVar settings from Section [/Script/Engine.RendererOverrideSettings] File [F:/PCBackup/MISC/Unreal Games/Ultimate-New-Age-Fighters/Ultimate_NAF/Saved/Config/Windows/Engine.ini]
[2019.01.09-22.09.30:049][  0]LogConfig: Applying CVar settings from Section [/Script/Engine.StreamingSettings] File [F:/PCBackup/MISC/Unreal Games/Ultimate-New-Age-Fighters/Ultimate_NAF/Saved/Config/Windows/Engine.ini]
[2019.01.09-22.09.30:049][  0]LogConfig: Setting CVar [[s.MinBulkDataSizeForAsyncLoading:131072]]
[2019.01.09-22.09.30:049][  0]LogConfig: Setting CVar [[s.AsyncLoadingThreadEnabled:0]]
[2019.01.09-22.09.30:049][  0]LogConfig: Setting CVar [[s.EventDrivenLoaderEnabled:1]]
[2019.01.09-22.09.30:049][  0]LogConfig: Setting CVar [[s.WarnIfTimeLimitExceeded:0]]
[2019.01.09-22.09.30:049][  0]LogConfig: Setting CVar [[s.TimeLimitExceededMultiplier:1.5]]
[2019.01.09-22.09.30:049][  0]LogConfig: Setting CVar [[s.TimeLimitExceededMinTime:0.005]]
[2019.01.09-22.09.30:049][  0]LogConfig: Setting CVar [[s.UseBackgroundLevelStreaming:1]]
[2019.01.09-22.09.30:049][  0]LogConfig: Setting CVar [[s.PriorityAsyncLoadingExtraTime:15.0]]
[2019.01.09-22.09.30:049][  0]LogConfig: Setting CVar [[s.LevelStreamingActorsUpdateTimeLimit:5.0]]
[2019.01.09-22.09.30:049][  0]LogConfig: Setting CVar [[s.PriorityLevelStreamingActorsUpdateExtraTime:5.0]]
[2019.01.09-22.09.30:049][  0]LogConfig: Setting CVar [[s.LevelStreamingComponentsRegistrationGranularity:10]]
[2019.01.09-22.09.30:049][  0]LogConfig: Setting CVar [[s.UnregisterComponentsTimeLimit:1.0]]
[2019.01.09-22.09.30:049][  0]LogConfig: Setting CVar [[s.LevelStreamingComponentsUnregistrationGranularity:5]]
[2019.01.09-22.09.30:049][  0]LogConfig: Applying CVar settings from Section [/Script/Engine.GarbageCollectionSettings] File [F:/PCBackup/MISC/Unreal Games/Ultimate-New-Age-Fighters/Ultimate_NAF/Saved/Config/Windows/Engine.ini]
[2019.01.09-22.09.30:049][  0]LogConfig: Setting CVar [[gc.MaxObjectsNotConsideredByGC:1]]
[2019.01.09-22.09.30:049][  0]LogConfig: Setting CVar [[gc.SizeOfPermanentObjectPool:0]]
[2019.01.09-22.09.30:049][  0]LogConfig: Setting CVar [[gc.FlushStreamingOnGC:0]]
[2019.01.09-22.09.30:049][  0]LogConfig: Setting CVar [[gc.NumRetriesBeforeForcingGC:10]]
[2019.01.09-22.09.30:049][  0]LogConfig: Setting CVar [[gc.AllowParallelGC:1]]
[2019.01.09-22.09.30:049][  0]LogConfig: Setting CVar [[gc.TimeBetweenPurgingPendingKillObjects:61.1]]
[2019.01.09-22.09.30:049][  0]LogConfig: Setting CVar [[gc.MaxObjectsInEditor:8388607]]
[2019.01.09-22.09.30:049][  0]LogConfig: Setting CVar [[gc.IncrementalBeginDestroyEnabled:1]]
[2019.01.09-22.09.30:049][  0]LogConfig: Setting CVar [[gc.CreateGCClusters:1]]
[2019.01.09-22.09.30:049][  0]LogConfig: Setting CVar [[gc.MergeGCClusters:0]]
[2019.01.09-22.09.30:049][  0]LogConfig: Setting CVar [[gc.MinGCClusterSize:5]]
[2019.01.09-22.09.30:049][  0]LogConfig: Setting CVar [[gc.ActorClusteringEnabled:0]]
[2019.01.09-22.09.30:049][  0]LogConfig: Setting CVar [[gc.BlueprintClusteringEnabled:0]]
[2019.01.09-22.09.30:049][  0]LogConfig: Setting CVar [[gc.UseDisregardForGCOnDedicatedServers:0]]
[2019.01.09-22.09.30:049][  0]LogConfig: Applying CVar settings from Section [/Script/Engine.NetworkSettings] File [F:/PCBackup/MISC/Unreal Games/Ultimate-New-Age-Fighters/Ultimate_NAF/Saved/Config/Windows/Engine.ini]
[2019.01.09-22.09.30:049][  0]LogConfig: Applying CVar settings from Section [/Script/UnrealEd.CookerSettings] File [F:/PCBackup/MISC/Unreal Games/Ultimate-New-Age-Fighters/Ultimate_NAF/Saved/Config/Windows/Engine.ini]
[2019.01.09-22.09.30:063][  0]LogConfig: Applying CVar settings from Section [ViewDistanceQuality@3] File [F:/PCBackup/MISC/Unreal Games/Ultimate-New-Age-Fighters/Ultimate_NAF/Saved/Config/Windows/Scalability.ini]
[2019.01.09-22.09.30:063][  0]LogConfig: Setting CVar [[r.SkeletalMeshLODBias:0]]
[2019.01.09-22.09.30:064][  0]LogConfig: Setting CVar [[r.ViewDistanceScale:1.0]]
[2019.01.09-22.09.30:064][  0]LogConfig: Applying CVar settings from Section [AntiAliasingQuality@3] File [F:/PCBackup/MISC/Unreal Games/Ultimate-New-Age-Fighters/Ultimate_NAF/Saved/Config/Windows/Scalability.ini]
[2019.01.09-22.09.30:064][  0]LogConfig: Setting CVar [[r.PostProcessAAQuality:4]]
[2019.01.09-22.09.30:064][  0]LogConfig: Applying CVar settings from Section [ShadowQuality@3] File [F:/PCBackup/MISC/Unreal Games/Ultimate-New-Age-Fighters/Ultimate_NAF/Saved/Config/Windows/Scalability.ini]
[2019.01.09-22.09.30:064][  0]LogConfig: Setting CVar [[r.LightFunctionQuality:1]]
[2019.01.09-22.09.30:064][  0]LogConfig: Setting CVar [[r.ShadowQuality:5]]
[2019.01.09-22.09.30:064][  0]LogConfig: Setting CVar [[r.Shadow.CSM.MaxCascades:10]]
[2019.01.09-22.09.30:064][  0]LogConfig: Setting CVar [[r.Shadow.MaxResolution:2048]]
[2019.01.09-22.09.30:064][  0]LogConfig: Setting CVar [[r.Shadow.MaxCSMResolution:2048]]
[2019.01.09-22.09.30:064][  0]LogConfig: Setting CVar [[r.Shadow.RadiusThreshold:0.01]]
[2019.01.09-22.09.30:064][  0]LogConfig: Setting CVar [[r.Shadow.DistanceScale:1.0]]
[2019.01.09-22.09.30:064][  0]LogConfig: Setting CVar [[r.Shadow.CSM.TransitionScale:1.0]]
[2019.01.09-22.09.30:064][  0]LogConfig: Setting CVar [[r.Shadow.PreShadowResolutionFactor:1.0]]
[2019.01.09-22.09.30:064][  0]LogConfig: Setting CVar [[r.DistanceFieldShadowing:1]]
[2019.01.09-22.09.30:064][  0]LogConfig: Setting CVar [[r.DistanceFieldAO:1]]
[2019.01.09-22.09.30:064][  0]LogConfig: Setting CVar [[r.AOQuality:2]]
[2019.01.09-22.09.30:064][  0]LogConfig: Setting CVar [[r.VolumetricFog:1]]
[2019.01.09-22.09.30:064][  0]LogConfig: Setting CVar [[r.VolumetricFog.GridPixelSize:8]]
[2019.01.09-22.09.30:064][  0]LogConfig: Setting CVar [[r.VolumetricFog.GridSizeZ:128]]
[2019.01.09-22.09.30:064][  0]LogConfig: Setting CVar [[r.VolumetricFog.HistoryMissSupersampleCount:4]]
[2019.01.09-22.09.30:064][  0]LogConfig: Setting CVar [[r.LightMaxDrawDistanceScale:1]]
[2019.01.09-22.09.30:064][  0]LogConfig: Setting CVar [[r.CapsuleShadows:1]]
[2019.01.09-22.09.30:064][  0]LogConfig: Applying CVar settings from Section [PostProcessQuality@3] File [F:/PCBackup/MISC/Unreal Games/Ultimate-New-Age-Fighters/Ultimate_NAF/Saved/Config/Windows/Scalability.ini]
[2019.01.09-22.09.30:064][  0]LogConfig: Setting CVar [[r.MotionBlurQuality:4]]
[2019.01.09-22.09.30:064][  0]LogConfig: Setting CVar [[r.AmbientOcclusionMipLevelFactor:0.4]]
[2019.01.09-22.09.30:064][  0]LogConfig: Setting CVar [[r.AmbientOcclusionMaxQuality:100]]
[2019.01.09-22.09.30:064][  0]LogConfig: Setting CVar [[r.AmbientOcclusionLevels:-1]]
[2019.01.09-22.09.30:064][  0]LogConfig: Setting CVar [[r.AmbientOcclusionRadiusScale:1.0]]
[2019.01.09-22.09.30:064][  0]LogConfig: Setting CVar [[r.DepthOfFieldQuality:2]]
[2019.01.09-22.09.30:064][  0]LogConfig: Setting CVar [[r.RenderTargetPoolMin:400]]
[2019.01.09-22.09.30:064][  0]LogConfig: Setting CVar [[r.LensFlareQuality:2]]
[2019.01.09-22.09.30:064][  0]LogConfig: Setting CVar [[r.SceneColorFringeQuality:1]]
[2019.01.09-22.09.30:064][  0]LogConfig: Setting CVar [[r.EyeAdaptationQuality:2]]
[2019.01.09-22.09.30:064][  0]LogConfig: Setting CVar [[r.BloomQuality:5]]
[2019.01.09-22.09.30:064][  0]LogConfig: Setting CVar [[r.FastBlurThreshold:100]]
[2019.01.09-22.09.30:064][  0]LogConfig: Setting CVar [[r.Upscale.Quality:3]]
[2019.01.09-22.09.30:064][  0]LogConfig: Setting CVar [[r.Tonemapper.GrainQuantization:1]]
[2019.01.09-22.09.30:064][  0]LogConfig: Setting CVar [[r.LightShaftQuality:1]]
[2019.01.09-22.09.30:064][  0]LogConfig: Setting CVar [[r.Filter.SizeScale:1]]
[2019.01.09-22.09.30:064][  0]LogConfig: Setting CVar [[r.Tonemapper.Quality:5]]
[2019.01.09-22.09.30:064][  0]LogConfig: Setting CVar [[r.DOF.Gather.AccumulatorQuality:1        ; higher gathering accumulator quality]]
[2019.01.09-22.09.30:064][  0]LogConfig: Setting CVar [[r.DOF.Gather.PostfilterMethod:1          ; Median3x3 postfilering method]]
[2019.01.09-22.09.30:064][  0]LogConfig: Setting CVar [[r.DOF.Gather.EnableBokehSettings:0       ; no bokeh simulation when gathering]]
[2019.01.09-22.09.30:064][  0]LogConfig: Setting CVar [[r.DOF.Gather.RingCount:4                 ; medium number of samples when gathering]]
[2019.01.09-22.09.30:064][  0]LogConfig: Setting CVar [[r.DOF.Scatter.ForegroundCompositing:1    ; additive foreground scattering]]
[2019.01.09-22.09.30:064][  0]LogConfig: Setting CVar [[r.DOF.Scatter.BackgroundCompositing:2    ; additive background scattering]]
[2019.01.09-22.09.30:064][  0]LogConfig: Setting CVar [[r.DOF.Scatter.EnableBokehSettings:1      ; bokeh simulation when scattering]]
[2019.01.09-22.09.30:064][  0]LogConfig: Setting CVar [[r.DOF.Scatter.MaxSpriteRatio:0.1         ; only a maximum of 10% of scattered bokeh]]
[2019.01.09-22.09.30:065][  0]LogConfig: Setting CVar [[r.DOF.Recombine.Quality:1                ; cheap slight out of focus]]
[2019.01.09-22.09.30:065][  0]LogConfig: Setting CVar [[r.DOF.Recombine.EnableBokehSettings:0    ; no bokeh simulation on slight out of focus]]
[2019.01.09-22.09.30:065][  0]LogConfig: Setting CVar [[r.DOF.TemporalAAQuality:1                ; more stable temporal accumulation]]
[2019.01.09-22.09.30:065][  0]LogConfig: Setting CVar [[r.DOF.Kernel.MaxForegroundRadius:0.025]]
[2019.01.09-22.09.30:065][  0]LogConfig: Setting CVar [[r.DOF.Kernel.MaxBackgroundRadius:0.025]]
[2019.01.09-22.09.30:065][  0]LogConfig: Applying CVar settings from Section [TextureQuality@3] File [F:/PCBackup/MISC/Unreal Games/Ultimate-New-Age-Fighters/Ultimate_NAF/Saved/Config/Windows/Scalability.ini]
[2019.01.09-22.09.30:065][  0]LogConfig: Setting CVar [[r.Streaming.MipBias:0]]
[2019.01.09-22.09.30:065][  0]LogConfig: Setting CVar [[r.Streaming.AmortizeCPUToGPUCopy:0]]
[2019.01.09-22.09.30:065][  0]LogConfig: Setting CVar [[r.Streaming.MaxNumTexturesToStreamPerFrame:0]]
[2019.01.09-22.09.30:065][  0]LogConfig: Setting CVar [[r.Streaming.Boost:1]]
[2019.01.09-22.09.30:065][  0]LogConfig: Setting CVar [[r.MaxAnisotropy:8]]
[2019.01.09-22.09.30:065][  0]LogConfig: Setting CVar [[r.Streaming.LimitPoolSizeToVRAM:0]]
[2019.01.09-22.09.30:065][  0]LogConfig: Setting CVar [[r.Streaming.PoolSize:1000]]
[2019.01.09-22.09.30:065][  0]LogConfig: Setting CVar [[r.Streaming.MaxEffectiveScreenSize:0]]
[2019.01.09-22.09.30:065][  0]LogConfig: Applying CVar settings from Section [EffectsQuality@3] File [F:/PCBackup/MISC/Unreal Games/Ultimate-New-Age-Fighters/Ultimate_NAF/Saved/Config/Windows/Scalability.ini]
[2019.01.09-22.09.30:065][  0]LogConfig: Setting CVar [[r.TranslucencyLightingVolumeDim:64]]
[2019.01.09-22.09.30:065][  0]LogConfig: Setting CVar [[r.RefractionQuality:2]]
[2019.01.09-22.09.30:065][  0]LogConfig: Setting CVar [[r.SSR.Quality:3]]
[2019.01.09-22.09.30:065][  0]LogConfig: Setting CVar [[r.SceneColorFormat:4]]
[2019.01.09-22.09.30:065][  0]LogConfig: Setting CVar [[r.DetailMode:2]]
[2019.01.09-22.09.30:065][  0]LogConfig: Setting CVar [[r.TranslucencyVolumeBlur:1]]
[2019.01.09-22.09.30:065][  0]LogConfig: Setting CVar [[r.MaterialQualityLevel:1 ; High quality]]
[2019.01.09-22.09.30:065][  0]LogConfig: Setting CVar [[r.SSS.Scale:1]]
[2019.01.09-22.09.30:065][  0]LogConfig: Setting CVar [[r.SSS.SampleSet:2]]
[2019.01.09-22.09.30:065][  0]LogConfig: Setting CVar [[r.SSS.Quality:1]]
[2019.01.09-22.09.30:065][  0]LogConfig: Setting CVar [[r.SSS.HalfRes:1]]
[2019.01.09-22.09.30:065][  0]LogConfig: Setting CVar [[r.EmitterSpawnRateScale:1.0]]
[2019.01.09-22.09.30:065][  0]LogConfig: Setting CVar [[r.ParticleLightQuality:2]]
[2019.01.09-22.09.30:065][  0]LogConfig: Applying CVar settings from Section [FoliageQuality@3] File [F:/PCBackup/MISC/Unreal Games/Ultimate-New-Age-Fighters/Ultimate_NAF/Saved/Config/Windows/Scalability.ini]
[2019.01.09-22.09.30:065][  0]LogConfig: Setting CVar [[foliage.DensityScale:1.0]]
[2019.01.09-22.09.30:065][  0]LogConfig: Setting CVar [[grass.DensityScale:1.0]]
[2019.01.09-22.09.30:066][  0]LogInit: Selected Device Profile: [Windows]
[2019.01.09-22.09.30:066][  0]LogInit: Applying CVar settings loaded from the selected device profile: [Windows]
[2019.01.09-22.09.42:337][  0]LogHAL: Display: Platform has ~ 16 GB [17160523776 / 17179869184 / 16], which maps to Larger [LargestMinGB=32, LargerMinGB=12, DefaultMinGB=8, SmallerMinGB=6, SmallestMinGB=0)
[2019.01.09-22.09.42:337][  0]LogConfig: Setting CVar [[r.Vulkan.UseRealUBs:1]]
[2019.01.09-22.09.42:337][  0]LogInit: Going up to parent DeviceProfile []
[2019.01.09-22.09.42:337][  0]LogConfig: Applying CVar settings from Section [ViewDistanceQuality@3] File [F:/PCBackup/MISC/Unreal Games/Ultimate-New-Age-Fighters/Ultimate_NAF/Saved/Config/Windows/Scalability.ini]
[2019.01.09-22.09.42:337][  0]LogConfig: Setting CVar [[r.SkeletalMeshLODBias:0]]
[2019.01.09-22.09.42:337][  0]LogConfig: Setting CVar [[r.ViewDistanceScale:1.0]]
[2019.01.09-22.09.42:338][  0]LogConfig: Applying CVar settings from Section [AntiAliasingQuality@3] File [F:/PCBackup/MISC/Unreal Games/Ultimate-New-Age-Fighters/Ultimate_NAF/Saved/Config/Windows/Scalability.ini]
[2019.01.09-22.09.42:338][  0]LogConfig: Setting CVar [[r.PostProcessAAQuality:4]]
[2019.01.09-22.09.42:338][  0]LogConfig: Applying CVar settings from Section [ShadowQuality@3] File [F:/PCBackup/MISC/Unreal Games/Ultimate-New-Age-Fighters/Ultimate_NAF/Saved/Config/Windows/Scalability.ini]
[2019.01.09-22.09.42:338][  0]LogConfig: Setting CVar [[r.LightFunctionQuality:1]]
[2019.01.09-22.09.42:338][  0]LogConfig: Setting CVar [[r.ShadowQuality:5]]
[2019.01.09-22.09.42:338][  0]LogConfig: Setting CVar [[r.Shadow.CSM.MaxCascades:10]]
[2019.01.09-22.09.42:338][  0]LogConfig: Setting CVar [[r.Shadow.MaxResolution:2048]]
[2019.01.09-22.09.42:338][  0]LogConfig: Setting CVar [[r.Shadow.MaxCSMResolution:2048]]
[2019.01.09-22.09.42:338][  0]LogConfig: Setting CVar [[r.Shadow.RadiusThreshold:0.01]]
[2019.01.09-22.09.42:338][  0]LogConfig: Setting CVar [[r.Shadow.DistanceScale:1.0]]
[2019.01.09-22.09.42:338][  0]LogConfig: Setting CVar [[r.Shadow.CSM.TransitionScale:1.0]]
[2019.01.09-22.09.42:338][  0]LogConfig: Setting CVar [[r.Shadow.PreShadowResolutionFactor:1.0]]
[2019.01.09-22.09.42:338][  0]LogConfig: Setting CVar [[r.DistanceFieldShadowing:1]]
[2019.01.09-22.09.42:338][  0]LogConfig: Setting CVar [[r.DistanceFieldAO:1]]
[2019.01.09-22.09.42:338][  0]LogConfig: Setting CVar [[r.AOQuality:2]]
[2019.01.09-22.09.42:338][  0]LogConfig: Setting CVar [[r.VolumetricFog:1]]
[2019.01.09-22.09.42:338][  0]LogConfig: Setting CVar [[r.VolumetricFog.GridPixelSize:8]]
[2019.01.09-22.09.42:338][  0]LogConfig: Setting CVar [[r.VolumetricFog.GridSizeZ:128]]
[2019.01.09-22.09.42:338][  0]LogConfig: Setting CVar [[r.VolumetricFog.HistoryMissSupersampleCount:4]]
[2019.01.09-22.09.42:338][  0]LogConfig: Setting CVar [[r.LightMaxDrawDistanceScale:1]]
[2019.01.09-22.09.42:338][  0]LogConfig: Setting CVar [[r.CapsuleShadows:1]]
[2019.01.09-22.09.42:338][  0]LogConfig: Applying CVar settings from Section [PostProcessQuality@3] File [F:/PCBackup/MISC/Unreal Games/Ultimate-New-Age-Fighters/Ultimate_NAF/Saved/Config/Windows/Scalability.ini]
[2019.01.09-22.09.42:338][  0]LogConfig: Setting CVar [[r.MotionBlurQuality:4]]
[2019.01.09-22.09.42:338][  0]LogConfig: Setting CVar [[r.AmbientOcclusionMipLevelFactor:0.4]]
[2019.01.09-22.09.42:338][  0]LogConfig: Setting CVar [[r.AmbientOcclusionMaxQuality:100]]
[2019.01.09-22.09.42:338][  0]LogConfig: Setting CVar [[r.AmbientOcclusionLevels:-1]]
[2019.01.09-22.09.42:338][  0]LogConfig: Setting CVar [[r.AmbientOcclusionRadiusScale:1.0]]
[2019.01.09-22.09.42:338][  0]LogConfig: Setting CVar [[r.DepthOfFieldQuality:2]]
[2019.01.09-22.09.42:338][  0]LogConfig: Setting CVar [[r.RenderTargetPoolMin:400]]
[2019.01.09-22.09.42:338][  0]LogConfig: Setting CVar [[r.LensFlareQuality:2]]
[2019.01.09-22.09.42:338][  0]LogConfig: Setting CVar [[r.SceneColorFringeQuality:1]]
[2019.01.09-22.09.42:338][  0]LogConfig: Setting CVar [[r.EyeAdaptationQuality:2]]
[2019.01.09-22.09.42:339][  0]LogConfig: Setting CVar [[r.BloomQuality:5]]
[2019.01.09-22.09.42:339][  0]LogConfig: Setting CVar [[r.FastBlurThreshold:100]]
[2019.01.09-22.09.42:339][  0]LogConfig: Setting CVar [[r.Upscale.Quality:3]]
[2019.01.09-22.09.42:339][  0]LogConfig: Setting CVar [[r.Tonemapper.GrainQuantization:1]]
[2019.01.09-22.09.42:339][  0]LogConfig: Setting CVar [[r.LightShaftQuality:1]]
[2019.01.09-22.09.42:339][  0]LogConfig: Setting CVar [[r.Filter.SizeScale:1]]
[2019.01.09-22.09.42:339][  0]LogConfig: Setting CVar [[r.Tonemapper.Quality:5]]
[2019.01.09-22.09.42:339][  0]LogConfig: Setting CVar [[r.DOF.Gather.AccumulatorQuality:1        ; higher gathering accumulator quality]]
[2019.01.09-22.09.42:339][  0]LogConfig: Setting CVar [[r.DOF.Gather.PostfilterMethod:1          ; Median3x3 postfilering method]]
[2019.01.09-22.09.42:339][  0]LogConfig: Setting CVar [[r.DOF.Gather.EnableBokehSettings:0       ; no bokeh simulation when gathering]]
[2019.01.09-22.09.42:339][  0]LogConfig: Setting CVar [[r.DOF.Gather.RingCount:4                 ; medium number of samples when gathering]]
[2019.01.09-22.09.42:339][  0]LogConfig: Setting CVar [[r.DOF.Scatter.ForegroundCompositing:1    ; additive foreground scattering]]
[2019.01.09-22.09.42:339][  0]LogConfig: Setting CVar [[r.DOF.Scatter.BackgroundCompositing:2    ; additive background scattering]]
[2019.01.09-22.09.42:339][  0]LogConfig: Setting CVar [[r.DOF.Scatter.EnableBokehSettings:1      ; bokeh simulation when scattering]]
[2019.01.09-22.09.42:339][  0]LogConfig: Setting CVar [[r.DOF.Scatter.MaxSpriteRatio:0.1         ; only a maximum of 10% of scattered bokeh]]
[2019.01.09-22.09.42:339][  0]LogConfig: Setting CVar [[r.DOF.Recombine.Quality:1                ; cheap slight out of focus]]
[2019.01.09-22.09.42:339][  0]LogConfig: Setting CVar [[r.DOF.Recombine.EnableBokehSettings:0    ; no bokeh simulation on slight out of focus]]
[2019.01.09-22.09.42:339][  0]LogConfig: Setting CVar [[r.DOF.TemporalAAQuality:1                ; more stable temporal accumulation]]
[2019.01.09-22.09.42:339][  0]LogConfig: Setting CVar [[r.DOF.Kernel.MaxForegroundRadius:0.025]]
[2019.01.09-22.09.42:339][  0]LogConfig: Setting CVar [[r.DOF.Kernel.MaxBackgroundRadius:0.025]]
[2019.01.09-22.09.42:339][  0]LogConfig: Applying CVar settings from Section [TextureQuality@3] File [F:/PCBackup/MISC/Unreal Games/Ultimate-New-Age-Fighters/Ultimate_NAF/Saved/Config/Windows/Scalability.ini]
[2019.01.09-22.09.42:339][  0]LogConfig: Setting CVar [[r.Streaming.MipBias:0]]
[2019.01.09-22.09.42:339][  0]LogConfig: Setting CVar [[r.Streaming.AmortizeCPUToGPUCopy:0]]
[2019.01.09-22.09.42:339][  0]LogConfig: Setting CVar [[r.Streaming.MaxNumTexturesToStreamPerFrame:0]]
[2019.01.09-22.09.42:339][  0]LogConfig: Setting CVar [[r.Streaming.Boost:1]]
[2019.01.09-22.09.42:339][  0]LogConfig: Setting CVar [[r.MaxAnisotropy:8]]
[2019.01.09-22.09.42:339][  0]LogConfig: Setting CVar [[r.Streaming.LimitPoolSizeToVRAM:0]]
[2019.01.09-22.09.42:339][  0]LogConfig: Setting CVar [[r.Streaming.PoolSize:1000]]
[2019.01.09-22.09.42:339][  0]LogConfig: Setting CVar [[r.Streaming.MaxEffectiveScreenSize:0]]
[2019.01.09-22.09.42:339][  0]LogConfig: Applying CVar settings from Section [EffectsQuality@3] File [F:/PCBackup/MISC/Unreal Games/Ultimate-New-Age-Fighters/Ultimate_NAF/Saved/Config/Windows/Scalability.ini]
[2019.01.09-22.09.42:339][  0]LogConfig: Setting CVar [[r.TranslucencyLightingVolumeDim:64]]
[2019.01.09-22.09.42:339][  0]LogConfig: Setting CVar [[r.RefractionQuality:2]]
[2019.01.09-22.09.42:339][  0]LogConfig: Setting CVar [[r.SSR.Quality:3]]
[2019.01.09-22.09.42:339][  0]LogConfig: Setting CVar [[r.SceneColorFormat:4]]
[2019.01.09-22.09.42:339][  0]LogConfig: Setting CVar [[r.DetailMode:2]]
[2019.01.09-22.09.42:339][  0]LogConfig: Setting CVar [[r.TranslucencyVolumeBlur:1]]
[2019.01.09-22.09.42:339][  0]LogConfig: Setting CVar [[r.MaterialQualityLevel:1 ; High quality]]
[2019.01.09-22.09.42:339][  0]LogConfig: Setting CVar [[r.SSS.Scale:1]]
[2019.01.09-22.09.42:339][  0]LogConfig: Setting CVar [[r.SSS.SampleSet:2]]
[2019.01.09-22.09.42:339][  0]LogConfig: Setting CVar [[r.SSS.Quality:1]]
[2019.01.09-22.09.42:339][  0]LogConfig: Setting CVar [[r.SSS.HalfRes:1]]
[2019.01.09-22.09.42:339][  0]LogConfig: Setting CVar [[r.EmitterSpawnRateScale:1.0]]
[2019.01.09-22.09.42:339][  0]LogConfig: Setting CVar [[r.ParticleLightQuality:2]]
[2019.01.09-22.09.42:339][  0]LogConfig: Applying CVar settings from Section [FoliageQuality@3] File [F:/PCBackup/MISC/Unreal Games/Ultimate-New-Age-Fighters/Ultimate_NAF/Saved/Config/Windows/Scalability.ini]
[2019.01.09-22.09.42:340][  0]LogConfig: Setting CVar [[foliage.DensityScale:1.0]]
[2019.01.09-22.09.42:340][  0]LogConfig: Setting CVar [[grass.DensityScale:1.0]]
[2019.01.09-22.09.42:340][  0]LogConfig: Applying CVar settings from Section [Startup] File [../../../Engine/Config/ConsoleVariables.ini]
[2019.01.09-22.09.42:340][  0]LogConfig: Setting CVar [[net.UseAdaptiveNetUpdateFrequency:0]]
[2019.01.09-22.09.42:340][  0]LogConfig: Applying CVar settings from Section [ConsoleVariables] File [F:/PCBackup/MISC/Unreal Games/Ultimate-New-Age-Fighters/Ultimate_NAF/Saved/Config/Windows/Engine.ini]
[2019.01.09-22.09.42:340][  0]LogInit: Computer: DESKTOP-MARKS
[2019.01.09-22.09.42:340][  0]LogInit: User: Mark
[2019.01.09-22.09.42:340][  0]LogInit: CPU Page size=4096, Cores=3
[2019.01.09-22.09.42:340][  0]LogInit: High frequency timer resolution =3.433159 MHz
[2019.01.09-22.09.42:341][  0]LogMemory: Memory total: Physical=16.0GB (16GB approx)
[2019.01.09-22.09.42:341][  0]LogMemory: Platform Memory Stats for Windows
[2019.01.09-22.09.42:341][  0]LogMemory: Process Physical Memory: 103.03 MB used, 103.03 MB peak
[2019.01.09-22.09.42:341][  0]LogMemory: Process Virtual Memory: 86.43 MB used, 86.43 MB peak
[2019.01.09-22.09.42:341][  0]LogMemory: Physical Memory: 6441.55 MB used,  9924.00 MB free, 16365.55 MB total
[2019.01.09-22.09.42:341][  0]LogMemory: Virtual Memory: 4630.29 MB used,  134213096.00 MB free, 134217728.00 MB total
[2019.01.09-22.09.42:379][  0]LogInit: Using OS detected language (en-US).
[2019.01.09-22.09.42:379][  0]LogInit: Using OS detected locale (en-AU).
[2019.01.09-22.09.42:381][  0]LogTextLocalizationManager: No specific localization for 'en-US' exists, so the 'en' localization will be used.
[2019.01.09-22.09.42:980][  0]LogStreaming: Display: Took  0.601s to InitEngineTextLocalization.
[2019.01.09-22.09.42:980][  0]LogInit: Setting process to per monitor DPI aware
[2019.01.09-22.09.43:020][  0]LogSlate: New Slate User Created.  User Index 0, Is Virtual User: 0
[2019.01.09-22.09.43:020][  0]LogSlate: Slate User Registered.  User Index 0, Is Virtual User: 0
[2019.01.09-22.09.43:395][  0]LogHMD: Failed to initialize OpenVR with code 110
[2019.01.09-22.09.43:395][  0]LogD3D11RHI: D3D11 adapters:
[2019.01.09-22.09.43:498][  0]LogD3D11RHI:    0. 'NVIDIA GeForce GTX 1050 Ti' (Feature Level 11_0)
[2019.01.09-22.09.43:498][  0]LogD3D11RHI:       4018/0/8182 MB DedicatedVideo/DedicatedSystem/SharedSystem, Outputs:2, VendorId:0x10de
[2019.01.09-22.09.43:501][  0]LogD3D11RHI:    1. 'Microsoft Basic Render Driver' (Feature Level 11_0)
[2019.01.09-22.09.43:501][  0]LogD3D11RHI:       0/0/8182 MB DedicatedVideo/DedicatedSystem/SharedSystem, Outputs:0, VendorId:0x1414
[2019.01.09-22.09.43:501][  0]LogD3D11RHI: Chosen D3D11 Adapter: 0
[2019.01.09-22.09.43:511][  0]LogD3D11RHI: Creating new Direct3DDevice
[2019.01.09-22.09.43:511][  0]LogD3D11RHI:     GPU DeviceId: 0x1c82 (for the marketing name, search the web for "GPU Device Id")
[2019.01.09-22.09.43:511][  0]LogWindows: EnumDisplayDevices:
[2019.01.09-22.09.43:512][  0]LogWindows:    0. 'NVIDIA GeForce GTX 1050 Ti' (P:1 D:1)
[2019.01.09-22.09.43:512][  0]LogWindows:    1. 'NVIDIA GeForce GTX 1050 Ti' (P:0 D:1)
[2019.01.09-22.09.43:513][  0]LogWindows:    2. 'NVIDIA GeForce GTX 1050 Ti' (P:0 D:0)
[2019.01.09-22.09.43:513][  0]LogWindows:    3. 'NVIDIA GeForce GTX 1050 Ti' (P:0 D:0)
[2019.01.09-22.09.43:514][  0]LogWindows: DebugString: FoundDriverCount:4 
[2019.01.09-22.09.43:514][  0]LogD3D11RHI:     Adapter Name: NVIDIA GeForce GTX 1050 Ti
[2019.01.09-22.09.43:514][  0]LogD3D11RHI:   Driver Version: 417.35 (internal:25.21.14.1735, unified:417.35)
[2019.01.09-22.09.43:514][  0]LogD3D11RHI:      Driver Date: 12-11-2018
[2019.01.09-22.09.43:514][  0]LogRHI: Texture pool is 2812 MB (70% of 4018 MB)
[2019.01.09-22.09.43:593][  0]LogD3D11RHI: Async texture creation enabled
[2019.01.09-22.09.43:614][  0]LogD3D11RHI: GPU Timing Frequency: 1000.000000 (Debug: 2 2)
[2019.01.09-22.09.44:235][  0]LogTemp: Display: Loaded TP AllDesktopTargetPlatform
[2019.01.09-22.09.44:263][  0]LogTemp: Display: Loaded TP MacClientTargetPlatform
[2019.01.09-22.09.44:287][  0]LogTemp: Display: Loaded TP MacNoEditorTargetPlatform
[2019.01.09-22.09.44:312][  0]LogTemp: Display: Loaded TP MacServerTargetPlatform
[2019.01.09-22.09.44:338][  0]LogTemp: Display: Loaded TP MacTargetPlatform
[2019.01.09-22.09.44:363][  0]LogTemp: Display: Loaded TP WindowsClientTargetPlatform
[2019.01.09-22.09.44:390][  0]LogTemp: Display: Loaded TP WindowsNoEditorTargetPlatform
[2019.01.09-22.09.44:416][  0]LogTemp: Display: Loaded TP WindowsServerTargetPlatform
[2019.01.09-22.09.44:429][  0]LogTemp: Display: Loaded TP WindowsTargetPlatform
[2019.01.09-22.09.44:574][  0]LogTemp: Display: Loaded TP AndroidTargetPlatform
[2019.01.09-22.09.44:574][  0]LogTemp: Display: Loaded TP AndroidTargetPlatform
[2019.01.09-22.09.44:574][  0]LogTemp: Display: Loaded TP AndroidTargetPlatform
[2019.01.09-22.09.44:574][  0]LogTemp: Display: Loaded TP AndroidTargetPlatform
[2019.01.09-22.09.44:574][  0]LogTemp: Display: Loaded TP AndroidTargetPlatform
[2019.01.09-22.09.44:574][  0]LogTemp: Display: Loaded TP AndroidTargetPlatform
[2019.01.09-22.09.44:574][  0]LogTemp: Display: Loaded TP AndroidTargetPlatform
[2019.01.09-22.09.44:574][  0]LogTemp: Display: Loaded TP AndroidTargetPlatform
[2019.01.09-22.09.44:574][  0]LogTemp: Display: Loaded TP AndroidTargetPlatform
[2019.01.09-22.09.44:574][  0]LogTemp: Display: Loaded TP AndroidTargetPlatform
[2019.01.09-22.09.44:574][  0]LogTemp: Display: Loaded TP AndroidTargetPlatform
[2019.01.09-22.09.44:574][  0]LogTemp: Display: Loaded TP AndroidTargetPlatform
[2019.01.09-22.09.44:574][  0]LogTemp: Display: Loaded TP AndroidTargetPlatform
[2019.01.09-22.09.44:574][  0]LogTemp: Display: Loaded TP AndroidTargetPlatform
[2019.01.09-22.09.44:574][  0]LogTemp: Display: Loaded TP AndroidTargetPlatform
[2019.01.09-22.09.44:574][  0]LogTemp: Display: Loaded TP AndroidTargetPlatform
[2019.01.09-22.09.44:574][  0]LogTemp: Display: Loaded TP AndroidTargetPlatform
[2019.01.09-22.09.44:574][  0]LogTemp: Display: Loaded TP AndroidTargetPlatform
[2019.01.09-22.09.44:577][  0]LogTemp: Display: Loaded TP HTML5TargetPlatform
[2019.01.09-22.09.44:665][  0]LogTemp: Display: Loaded TP IOSTargetPlatform
[2019.01.09-22.09.44:665][  0]LogTemp: Display: Loaded TP IOSTargetPlatform
[2019.01.09-22.09.44:710][  0]LogTemp: Display: Loaded TP TVOSTargetPlatform
[2019.01.09-22.09.44:710][  0]LogTemp: Display: Loaded TP TVOSTargetPlatform
[2019.01.09-22.09.44:733][  0]LogTemp: Display: Loaded TP LinuxClientTargetPlatform
[2019.01.09-22.09.44:758][  0]LogTemp: Display: Loaded TP LinuxNoEditorTargetPlatform
[2019.01.09-22.09.44:780][  0]LogTemp: Display: Loaded TP LinuxServerTargetPlatform
[2019.01.09-22.09.44:806][  0]LogTemp: Display: Loaded TP LinuxTargetPlatform
[2019.01.09-22.09.44:899][  0]LogTemp: Display: Loaded TP LuminTargetPlatform
[2019.01.09-22.09.44:899][  0]LogTemp: Display: Loaded TP LuminTargetPlatform
[2019.01.09-22.09.44:899][  0]LogTargetPlatformManager: Display: Building Assets For Windows
[2019.01.09-22.09.44:993][  0]LogShaderCompilers: Guid format shader working directory is -23 characters bigger than the processId version (F:/PCBackup/MISC/Unreal Games/Ultimate-New-Age-Fighters/Ultimate_NAF/Intermediate/Shaders/WorkingDirectory/7232/).
[2019.01.09-22.09.44:994][  0]LogShaderCompilers: Cleaned the shader compiler working directory 'C:/Users/Mark/AppData/Local/Temp/UnrealShaderWorkingDir/281018DF44C1A10DAD79A69A7343D8E1/'.
[2019.01.09-22.09.44:997][  0]LogXGEController: Cannot use XGE Controller as Incredibuild is not installed on this machine.
[2019.01.09-22.09.44:997][  0]LogShaderCompilers: Cannot use XGE Shader Compiler as Incredibuild is not installed on this machine.
[2019.01.09-22.09.44:997][  0]LogShaderCompilers: Display: Using Local Shader Compiler.
[2019.01.09-22.09.46:046][  0]LogDerivedDataCache: Display: Max Cache Size: 512 MB
[2019.01.09-22.09.46:166][  0]LogDerivedDataCache: Loaded boot cache 0.12s 71MB C:/Users/Mark/AppData/Local/UnrealEngine/4.21/DerivedDataCache/Boot.ddc.
[2019.01.09-22.09.46:166][  0]LogDerivedDataCache: Display: Loaded Boot cache: C:/Users/Mark/AppData/Local/UnrealEngine/4.21/DerivedDataCache/Boot.ddc
[2019.01.09-22.09.46:166][  0]LogDerivedDataCache: FDerivedDataBackendGraph:  Pak pak cache file F:/PCBackup/MISC/Unreal Games/Ultimate-New-Age-Fighters/Ultimate_NAF/DerivedDataCache/DDC.ddp not found, will not use a pak cache.
[2019.01.09-22.09.46:166][  0]LogDerivedDataCache: Unable to find inner node Pak for hierarchical cache Hierarchy.
[2019.01.09-22.09.46:166][  0]LogDerivedDataCache: FDerivedDataBackendGraph:  CompressedPak pak cache file F:/PCBackup/MISC/Unreal Games/Ultimate-New-Age-Fighters/Ultimate_NAF/DerivedDataCache/Compressed.ddp not found, will not use a pak cache.
[2019.01.09-22.09.46:166][  0]LogDerivedDataCache: Unable to find inner node CompressedPak for hierarchical cache Hierarchy.
[2019.01.09-22.09.46:188][  0]LogDerivedDataCache: Display: Pak cache opened for reading ../../../Engine/DerivedDataCache/Compressed.ddp.
[2019.01.09-22.09.46:188][  0]LogDerivedDataCache: FDerivedDataBackendGraph:  EnterprisePak pak cache file ../../../Enterprise/DerivedDataCache/Compressed.ddp not found, will not use a pak cache.
[2019.01.09-22.09.46:188][  0]LogDerivedDataCache: Unable to find inner node EnterprisePak for hierarchical cache Hierarchy.
[2019.01.09-22.09.46:202][  0]LogDerivedDataCache: Using Local data cache path C:/Users/Mark/AppData/Local/UnrealEngine/Common/DerivedDataCache: Writable
[2019.01.09-22.09.46:202][  0]LogDerivedDataCache: Shared data cache path not found in *engine.ini, will not use an Shared cache.
[2019.01.09-22.09.46:202][  0]LogDerivedDataCache: Unable to find inner node Shared for hierarchical cache Hierarchy.
[2019.01.09-22.09.46:242][  0]LogMaterial: Verifying Global Shaders for PCD3D_SM5
[2019.01.09-22.09.46:244][  0]LogSlate: Using FreeType 2.6.0
[2019.01.09-22.09.46:245][  0]LogSlate: SlateFontServices - WITH_FREETYPE: 1, WITH_HARFBUZZ: 1
[2019.01.09-22.09.46:383][  0]LogAssetRegistry: FAssetRegistry took 0.0432 seconds to start up
[2019.01.09-22.09.47:024][  0]LogInit: Selected Device Profile: [Windows]
[2019.01.09-22.09.47:268][  0]LogSimplygon: Simplygon DLL not present - disabling.
[2019.01.09-22.09.47:275][  0]LogMeshReduction: Using SimplygonSwarm for distributed automatic mesh merging
[2019.01.09-22.09.47:275][  0]LogMeshReduction: Using ProxyLODMeshReduction for automatic mesh merging
[2019.01.09-22.09.47:275][  0]LogMeshReduction: Using QuadricMeshReduction for automatic static mesh reduction
[2019.01.09-22.09.47:275][  0]LogMeshReduction: No automatic skeletal mesh reduction module available
[2019.01.09-22.09.47:303][  0]LogNetVersion: Ultimate_NAF 1.0.0, NetCL: 4541578, EngineNetVer: 5, GameNetVer: 0 (Checksum: 2550955653)
[2019.01.09-22.11.53:320][  0]LogPackageLocalizationCache: Processed 11 localized package path(s) for 2 prioritized culture(s) in 113.555262 seconds
[2019.01.09-22.11.53:338][  0]LogUObjectArray: 39775 objects as part of root set at end of initial load.
[2019.01.09-22.11.53:338][  0]LogUObjectAllocator: 6914664 out of 0 bytes used by permanent object pool.
[2019.01.09-22.11.53:338][  0]LogUObjectArray: CloseDisregardForGC: 0/0 objects in disregard for GC pool
[2019.01.09-22.12.03:320][  0]LogTcpMessaging: Initializing TcpMessaging bridge
[2019.01.09-22.12.03:338][  0]LogUdpMessaging: Initializing bridge on interface 0.0.0.0:0 to multicast group 230.0.0.1:6666.
[2019.01.09-22.12.07:631][  0]SourceControl: Source control is disabled
[2019.01.09-22.12.07:631][  0]SourceControl: Source control is disabled
[2019.01.09-22.12.07:636][  0]SourceControl: Source control is disabled
[2019.01.09-22.12.07:639][  0]SourceControl: Source control is disabled
[2019.01.09-22.12.26:117][  0]LogAndroidPermission: UAndroidPermissionCallbackProxy::GetInstance
[2019.01.09-22.12.26:540][  0]LogOcInput: OculusInput pre-init called
[2019.01.09-22.12.26:805][  0]LogEngine: Initializing Engine...
[2019.01.09-22.12.26:807][  0]LogHMD: Failed to initialize OpenVR with code 110
[2019.01.09-22.12.26:811][  0]LogStats: UGameplayTagsManager::ConstructGameplayTagTree: ImportINI prefixes -  0.000 s
[2019.01.09-22.12.26:811][  0]LogStats: UGameplayTagsManager::ConstructGameplayTagTree: Construct from data asset -  0.000 s
[2019.01.09-22.12.26:811][  0]LogStats: UGameplayTagsManager::ConstructGameplayTagTree: ImportINI -  0.000 s
[2019.01.09-22.12.26:811][  0]LogStats: UGameplayTagsManager::ConstructGameplayTagTree: GameplayTagTreeChangedEvent.Broadcast -  0.000 s
[2019.01.09-22.12.27:489][  0]LogInit: Initializing FReadOnlyCVARCache
[2019.01.09-22.12.27:521][  0]LogAIModule: Creating AISystem for world Untitled
[2019.01.09-22.12.27:840][  0]LogInit: XAudio2 using 'VoiceMeeter Input (VB-Audio VoiceMeeter VAIO)' : 2 channels at 48 kHz using 16 bits per sample (channel mask 0x3)
[2019.01.09-22.12.27:877][  0]LogInit: FAudioDevice initialized.
[2019.01.09-22.12.27:877][  0]LogNetVersion: Set ProjectVersion to 1.0.0.0. Version Checksum will be recalculated on next use.
[2019.01.09-22.12.28:100][  0]LogDerivedDataCache: Saved boot cache 0.22s 71MB C:/Users/Mark/AppData/Local/UnrealEngine/4.21/DerivedDataCache/Boot.ddc.
[2019.01.09-22.12.28:119][  0]LogInit: Texture streaming: Enabled
[2019.01.09-22.12.28:167][  0]LogEngineSessionManager: EngineSessionManager initialized
[2019.01.09-22.12.28:216][  0]LogInit: Transaction tracking system initialized
[2019.01.09-22.12.28:294][  0]BlueprintLog: New page: Editor Load
[2019.01.09-22.12.35:014][  0]LocalizationService: Localization service is disabled
[2019.01.09-22.13.09:311][  0]LogFileCache: Scanning file cache for directory 'F:/PCBackup/MISC/Unreal Games/Ultimate-New-Age-Fighters/Ultimate_NAF/Content/' took 0.03s
[2019.01.09-22.13.09:311][  0]LogCook: Display: Max memory allowance for cook 16384mb min free memory 0mb
[2019.01.09-22.13.09:312][  0]LogCook: Display: Mobile HDR setting 1
[2019.01.09-22.13.09:313][  0]LogGameplayTags: Display: UGameplayTagsManager::DoneAddingNativeTags. DelegateIsBound: 0
[2019.01.09-22.13.09:313][  0]LogStats: UGameplayTagsManager::ConstructGameplayTagTree: ImportINI prefixes -  0.000 s
[2019.01.09-22.13.09:313][  0]LogStats: UGameplayTagsManager::ConstructGameplayTagTree: Construct from data asset -  0.000 s
[2019.01.09-22.13.09:314][  0]LogStats: UGameplayTagsManager::ConstructGameplayTagTree: ImportINI -  0.000 s
[2019.01.09-22.13.09:314][  0]LogStats: UGameplayTagsManager::ConstructGameplayTagTree: GameplayTagTreeChangedEvent.Broadcast -  0.000 s
[2019.01.09-22.13.09:765][  0]SourceControl: Source control is disabled
[2019.01.09-22.13.09:769][  0]LogFactory: FactoryCreateFile: PackFactory with PackFactory (0 0 E:/Program Files/Epic Games/UE_4.21/FeaturePacks/StarterContent.upack)
[2019.01.09-22.13.09:791][  0]LogPackFactory: Finished extracting 8 files (including 0 errors).
[2019.01.09-22.13.09:918][  0]LogPackFactory: Error: Unable to copy file "../../../Samples/StarterContent/Content/StarterContent/Architecture/Floor_400x400.uasset" to "F:/PCBackup/MISC/Unreal Games/Ultimate-New-Age-Fighters/Ultimate_NAF/Content/StarterContent/Architecture/Floor_400x400.uasset".
[2019.01.09-22.13.10:769][  0]LogPackFactory: Copied "../../../Samples/StarterContent/Content/StarterContent/Architecture/Pillar_50x500.uasset" to "F:/PCBackup/MISC/Unreal Games/Ultimate-New-Age-Fighters/Ultimate_NAF/Content/StarterContent/Architecture/Pillar_50x500.uasset"
[2019.01.09-22.13.11:582][  0]LogPackFactory: Copied "../../../Samples/StarterContent/Content/StarterContent/Architecture/SM_AssetPlatform.uasset" to "F:/PCBackup/MISC/Unreal Games/Ultimate-New-Age-Fighters/Ultimate_NAF/Content/StarterContent/Architecture/SM_AssetPlatform.uasset"
[2019.01.09-22.13.13:190][  0]LogPackFactory: Copied "../../../Samples/StarterContent/Content/StarterContent/Architecture/Wall_400x200.uasset" to "F:/PCBackup/MISC/Unreal Games/Ultimate-New-Age-Fighters/Ultimate_NAF/Content/StarterContent/Architecture/Wall_400x200.uasset"
[2019.01.09-22.13.19:001][  0]LogPackFactory: Copied "../../../Samples/StarterContent/Content/StarterContent/Architecture/Wall_400x300.uasset" to "F:/PCBackup/MISC/Unreal Games/Ultimate-New-Age-Fighters/Ultimate_NAF/Content/StarterContent/Architecture/Wall_400x300.uasset"
[2019.01.09-22.13.23:349][  0]LogPackFactory: Copied "../../../Samples/StarterContent/Content/StarterContent/Architecture/Wall_400x400.uasset" to "F:/PCBackup/MISC/Unreal Games/Ultimate-New-Age-Fighters/Ultimate_NAF/Content/StarterContent/Architecture/Wall_400x400.uasset"
[2019.01.09-22.13.31:996][  0]LogPackFactory: Copied "../../../Samples/StarterContent/Content/StarterContent/Architecture/Wall_500x500.uasset" to "F:/PCBackup/MISC/Unreal Games/Ultimate-New-Age-Fighters/Ultimate_NAF/Content/StarterContent/Architecture/Wall_500x500.uasset"
[2019.01.09-22.13.39:211][  0]LogPackFactory: Copied "../../../Samples/StarterContent/Content/StarterContent/Architecture/Wall_Door_400x300.uasset" to "F:/PCBackup/MISC/Unreal Games/Ultimate-New-Age-Fighters/Ultimate_NAF/Content/StarterContent/Architecture/Wall_Door_400x300.uasset"
[2019.01.09-22.13.43:560][  0]LogPackFactory: Copied "../../../Samples/StarterContent/Content/StarterContent/Architecture/Wall_Door_400x400.uasset" to "F:/PCBackup/MISC/Unreal Games/Ultimate-New-Age-Fighters/Ultimate_NAF/Content/StarterContent/Architecture/Wall_Door_400x400.uasset"
[2019.01.09-22.13.46:497][  0]LogPackFactory: Copied "../../../Samples/StarterContent/Content/StarterContent/Architecture/Wall_Window_400x300.uasset" to "F:/PCBackup/MISC/Unreal Games/Ultimate-New-Age-Fighters/Ultimate_NAF/Content/StarterContent/Architecture/Wall_Window_400x300.uasset"
[2019.01.09-22.13.55:125][  0]LogPackFactory: Copied "../../../Samples/StarterContent/Content/StarterContent/Architecture/Wall_Window_400x400.uasset" to "F:/PCBackup/MISC/Unreal Games/Ultimate-New-Age-Fighters/Ultimate_NAF/Content/StarterContent/Architecture/Wall_Window_400x400.uasset"
[2019.01.09-22.14.05:636][  0]LogPackFactory: Copied "../../../Samples/StarterContent/Content/StarterContent/Audio/Collapse01.uasset" to "F:/PCBackup/MISC/Unreal Games/Ultimate-New-Age-Fighters/Ultimate_NAF/Content/StarterContent/Audio/Collapse01.uasset"
[2019.01.09-22.14.08:967][  0]LogPackFactory: Copied "../../../Samples/StarterContent/Content/StarterContent/Audio/Collapse02.uasset" to "F:/PCBackup/MISC/Unreal Games/Ultimate-New-Age-Fighters/Ultimate_NAF/Content/StarterContent/Audio/Collapse02.uasset"
[2019.01.09-22.14.16:158][  0]LogPackFactory: Copied "../../../Samples/StarterContent/Content/StarterContent/Audio/Collapse_Cue.uasset" to "F:/PCBackup/MISC/Unreal Games/Ultimate-New-Age-Fighters/Ultimate_NAF/Content/StarterContent/Audio/Collapse_Cue.uasset"
[2019.01.09-22.14.23:754][  0]LogPackFactory: Copied "../../../Samples/StarterContent/Content/StarterContent/Audio/Explosion01.uasset" to "F:/PCBackup/MISC/Unreal Games/Ultimate-New-Age-Fighters/Ultimate_NAF/Content/StarterContent/Audio/Explosion01.uasset"
[2019.01.09-22.14.31:313][  0]LogPackFactory: Copied "../../../Samples/StarterContent/Content/StarterContent/Audio/Explosion02.uasset" to "F:/PCBackup/MISC/Unreal Games/Ultimate-New-Age-Fighters/Ultimate_NAF/Content/StarterContent/Audio/Explosion02.uasset"
[2019.01.09-22.14.41:357][  0]LogPackFactory: Copied "../../../Samples/StarterContent/Content/StarterContent/Audio/Explosion_Cue.uasset" to "F:/PCBackup/MISC/Unreal Games/Ultimate-New-Age-Fighters/Ultimate_NAF/Content/StarterContent/Audio/Explosion_Cue.uasset"
[2019.01.09-22.14.47:816][  0]LogPackFactory: Copied "../../../Samples/StarterContent/Content/StarterContent/Audio/Fire01.uasset" to "F:/PCBackup/MISC/Unreal Games/Ultimate-New-Age-Fighters/Ultimate_NAF/Content/StarterContent/Audio/Fire01.uasset"
[2019.01.09-22.14.53:625][  0]LogPackFactory: Copied "../../../Samples/StarterContent/Content/StarterContent/Audio/Fire01_Cue.uasset" to "F:/PCBackup/MISC/Unreal Games/Ultimate-New-Age-Fighters/Ultimate_NAF/Content/StarterContent/Audio/Fire01_Cue.uasset"
[2019.01.09-22.14.54:895][  0]LogPackFactory: Copied "../../../Samples/StarterContent/Content/StarterContent/Audio/Fire_Sparks01.uasset" to "F:/PCBackup/MISC/Unreal Games/Ultimate-New-Age-Fighters/Ultimate_NAF/Content/StarterContent/Audio/Fire_Sparks01.uasset"
[2019.01.09-22.14.56:626][  0]LogPackFactory: Copied "../../../Samples/StarterContent/Content/StarterContent/Audio/Fire_Sparks01_Cue.uasset" to "F:/PCBackup/MISC/Unreal Games/Ultimate-New-Age-Fighters/Ultimate_NAF/Content/StarterContent/Audio/Fire_Sparks01_Cue.uasset"
[2019.01.09-22.14.58:095][  0]LogPackFactory: Copied "../../../Samples/StarterContent/Content/StarterContent/Audio/Light01.uasset" to "F:/PCBackup/MISC/Unreal Games/Ultimate-New-Age-Fighters/Ultimate_NAF/Content/StarterContent/Audio/Light01.uasset"
[2019.01.09-22.15.01:018][  0]LogPackFactory: Copied "../../../Samples/StarterContent/Content/StarterContent/Audio/Light01_Cue.uasset" to "F:/PCBackup/MISC/Unreal Games/Ultimate-New-Age-Fighters/Ultimate_NAF/Content/StarterContent/Audio/Light01_Cue.uasset"
[2019.01.09-22.15.03:000][  0]LogPackFactory: Copied "../../../Samples/StarterContent/Content/StarterContent/Audio/Light02.uasset" to "F:/PCBackup/MISC/Unreal Games/Ultimate-New-Age-Fighters/Ultimate_NAF/Content/StarterContent/Audio/Light02.uasset"
[2019.01.09-22.15.04:405][  0]LogPackFactory: Copied "../../../Samples/StarterContent/Content/StarterContent/Audio/Light02_Cue.uasset" to "F:/PCBackup/MISC/Unreal Games/Ultimate-New-Age-Fighters/Ultimate_NAF/Content/StarterContent/Audio/Light02_Cue.uasset"
[2019.01.09-22.15.10:783][  0]LogPackFactory: Copied "../../../Samples/StarterContent/Content/StarterContent/Audio/Smoke01.uasset" to "F:/PCBackup/MISC/Unreal Games/Ultimate-New-Age-Fighters/Ultimate_NAF/Content/StarterContent/Audio/Smoke01.uasset"
[2019.01.09-22.15.19:900][  0]LogPackFactory: Copied "../../../Samples/StarterContent/Content/StarterContent/Audio/Smoke01_Cue.uasset" to "F:/PCBackup/MISC/Unreal Games/Ultimate-New-Age-Fighters/Ultimate_NAF/Content/StarterContent/Audio/Smoke01_Cue.uasset"
[2019.01.09-22.15.27:134][  0]LogPackFactory: Copied "../../../Samples/StarterContent/Content/StarterContent/Audio/Starter_Background_Cue.uasset" to "F:/PCBackup/MISC/Unreal Games/Ultimate-New-Age-Fighters/Ultimate_NAF/Content/StarterContent/Audio/Starter_Background_Cue.uasset"
[2019.01.09-22.15.40:061][  0]LogPackFactory: Copied "../../../Samples/StarterContent/Content/StarterContent/Audio/Starter_Birds01.uasset" to "F:/PCBackup/MISC/Unreal Games/Ultimate-New-Age-Fighters/Ultimate_NAF/Content/StarterContent/Audio/Starter_Birds01.uasset"
[2019.01.09-22.15.52:178][  0]LogPackFactory: Copied "../../../Samples/StarterContent/Content/StarterContent/Audio/Starter_Music01.uasset" to "F:/PCBackup/MISC/Unreal Games/Ultimate-New-Age-Fighters/Ultimate_NAF/Content/StarterContent/Audio/Starter_Music01.uasset"
[2019.01.09-22.15.52:513][  0]LogPackFactory: Copied "../../../Samples/StarterContent/Content/StarterContent/Audio/Starter_Music_Cue.uasset" to "F:/PCBackup/MISC/Unreal Games/Ultimate-New-Age-Fighters/Ultimate_NAF/Content/StarterContent/Audio/Starter_Music_Cue.uasset"
[2019.01.09-22.15.55:947][  0]LogPackFactory: Copied "../../../Samples/StarterContent/Content/StarterContent/Audio/Starter_Wind05.uasset" to "F:/PCBackup/MISC/Unreal Games/Ultimate-New-Age-Fighters/Ultimate_NAF/Content/StarterContent/Audio/Starter_Wind05.uasset"
[2019.01.09-22.15.59:289][  0]LogPackFactory: Copied "../../../Samples/StarterContent/Content/StarterContent/Audio/Starter_Wind06.uasset" to "F:/PCBackup/MISC/Unreal Games/Ultimate-New-Age-Fighters/Ultimate_NAF/Content/StarterContent/Audio/Starter_Wind06.uasset"
[2019.01.09-22.16.00:616][  0]LogPackFactory: Copied "../../../Samples/StarterContent/Content/StarterContent/Audio/Steam01.uasset" to "F:/PCBackup/MISC/Unreal Games/Ultimate-New-Age-Fighters/Ultimate_NAF/Content/StarterContent/Audio/Steam01.uasset"
[2019.01.09-22.16.00:885][  0]LogPackFactory: Copied "../../../Samples/StarterContent/Content/StarterContent/Audio/Steam01_Cue.uasset" to "F:/PCBackup/MISC/Unreal Games/Ultimate-New-Age-Fighters/Ultimate_NAF/Content/StarterContent/Audio/Steam01_Cue.uasset"
[2019.01.09-22.16.01:605][  0]LogPackFactory: Copied "../../../Samples/StarterContent/Content/StarterContent/Blueprints/Blueprint_CeilingLight.uasset" to "F:/PCBackup/MISC/Unreal Games/Ultimate-New-Age-Fighters/Ultimate_NAF/Content/StarterContent/Blueprints/Blueprint_CeilingLight.uasset"
[2019.01.09-22.16.02:094][  0]LogPackFactory: Copied "../../../Samples/StarterContent/Content/StarterContent/Blueprints/Blueprint_Effect_Explosion.uasset" to "F:/PCBackup/MISC/Unreal Games/Ultimate-New-Age-Fighters/Ultimate_NAF/Content/StarterContent/Blueprints/Blueprint_Effect_Explosion.uasset"
[2019.01.09-22.16.02:591][  0]LogPackFactory: Copied "../../../Samples/StarterContent/Content/StarterContent/Blueprints/Blueprint_Effect_Fire.uasset" to "F:/PCBackup/MISC/Unreal Games/Ultimate-New-Age-Fighters/Ultimate_NAF/Content/StarterContent/Blueprints/Blueprint_Effect_Fire.uasset"
[2019.01.09-22.16.02:819][  0]LogPackFactory: Copied "../../../Samples/StarterContent/Content/StarterContent/Blueprints/Blueprint_Effect_Smoke.uasset" to "F:/PCBackup/MISC/Unreal Games/Ultimate-New-Age-Fighters/Ultimate_NAF/Content/StarterContent/Blueprints/Blueprint_Effect_Smoke.uasset"
[2019.01.09-22.16.03:128][  0]LogPackFactory: Copied "../../../Samples/StarterContent/Content/StarterContent/Blueprints/Blueprint_Effect_Sparks.uasset" to "F:/PCBackup/MISC/Unreal Games/Ultimate-New-Age-Fighters/Ultimate_NAF/Content/StarterContent/Blueprints/Blueprint_Effect_Sparks.uasset"
[2019.01.09-22.16.03:397][  0]LogPackFactory: Copied "../../../Samples/StarterContent/Content/StarterContent/Blueprints/Blueprint_Effect_Steam.uasset" to "F:/PCBackup/MISC/Unreal Games/Ultimate-New-Age-Fighters/Ultimate_NAF/Content/StarterContent/Blueprints/Blueprint_Effect_Steam.uasset"
[2019.01.09-22.16.03:860][  0]LogPackFactory: Copied "../../../Samples/StarterContent/Content/StarterContent/Blueprints/Blueprint_WallSconce.uasset" to "F:/PCBackup/MISC/Unreal Games/Ultimate-New-Age-Fighters/Ultimate_NAF/Content/StarterContent/Blueprints/Blueprint_WallSconce.uasset"
[2019.01.09-22.16.04:864][  0]LogPackFactory: Copied "../../../Samples/StarterContent/Content/StarterContent/Blueprints/BP_LightStudio.uasset" to "F:/PCBackup/MISC/Unreal Games/Ultimate-New-Age-Fighters/Ultimate_NAF/Content/StarterContent/Blueprints/BP_LightStudio.uasset"
[2019.01.09-22.16.04:999][  0]LogPackFactory: Copied "../../../Samples/StarterContent/Content/StarterContent/Blueprints/Assets/FogBrightnessLUT.uasset" to "F:/PCBackup/MISC/Unreal Games/Ultimate-New-Age-Fighters/Ultimate_NAF/Content/StarterContent/Blueprints/Assets/FogBrightnessLUT.uasset"
[2019.01.09-22.16.05:124][  0]LogPackFactory: Copied "../../../Samples/StarterContent/Content/StarterContent/Blueprints/Assets/M_LightStage_Arrows.uasset" to "F:/PCBackup/MISC/Unreal Games/Ultimate-New-Age-Fighters/Ultimate_NAF/Content/StarterContent/Blueprints/Assets/M_LightStage_Arrows.uasset"
[2019.01.09-22.16.05:570][  0]LogPackFactory: Copied "../../../Samples/StarterContent/Content/StarterContent/Blueprints/Assets/M_LightStage_Skybox_Black.uasset" to "F:/PCBackup/MISC/Unreal Games/Ultimate-New-Age-Fighters/Ultimate_NAF/Content/StarterContent/Blueprints/Assets/M_LightStage_Skybox_Black.uasset"
[2019.01.09-22.16.06:294][  0]LogPackFactory: Copied "../../../Samples/StarterContent/Content/StarterContent/Blueprints/Assets/M_LightStage_Skybox_HDRI.uasset" to "F:/PCBackup/MISC/Unreal Games/Ultimate-New-Age-Fighters/Ultimate_NAF/Content/StarterContent/Blueprints/Assets/M_LightStage_Skybox_HDRI.uasset"
[2019.01.09-22.16.06:524][  0]LogPackFactory: Copied "../../../Samples/StarterContent/Content/StarterContent/Blueprints/Assets/M_LightStage_Skybox_Master.uasset" to "F:/PCBackup/MISC/Unreal Games/Ultimate-New-Age-Fighters/Ultimate_NAF/Content/StarterContent/Blueprints/Assets/M_LightStage_Skybox_Master.uasset"
[2019.01.09-22.16.07:896][  0]LogPackFactory: Copied "../../../Samples/StarterContent/Content/StarterContent/Blueprints/Assets/Skybox.uasset" to "F:/PCBackup/MISC/Unreal Games/Ultimate-New-Age-Fighters/Ultimate_NAF/Content/StarterContent/Blueprints/Assets/Skybox.uasset"
[2019.01.09-22.16.08:656][  0]LogPackFactory: Copied "../../../Samples/StarterContent/Content/StarterContent/Blueprints/Assets/SM_Arrows.uasset" to "F:/PCBackup/MISC/Unreal Games/Ultimate-New-Age-Fighters/Ultimate_NAF/Content/StarterContent/Blueprints/Assets/SM_Arrows.uasset"
[2019.01.09-22.16.08:857][  0]LogPackFactory: Copied "../../../Samples/StarterContent/Content/StarterContent/Blueprints/Assets/SunlightColorLUT.uasset" to "F:/PCBackup/MISC/Unreal Games/Ultimate-New-Age-Fighters/Ultimate_NAF/Content/StarterContent/Blueprints/Assets/SunlightColorLUT.uasset"
[2019.01.09-22.18.12:143][  0]LogPackFactory: Copied "../../../Samples/StarterContent/Content/StarterContent/HDRI/HDRI_Epic_Courtyard_Daylight.uasset" to "F:/PCBackup/MISC/Unreal Games/Ultimate-New-Age-Fighters/Ultimate_NAF/Content/StarterContent/HDRI/HDRI_Epic_Courtyard_Daylight.uasset"
[2019.01.09-22.18.12:559][  0]LogPackFactory: Copied "../../../Samples/StarterContent/Content/StarterContent/Maps/Advanced_Lighting.umap" to "F:/PCBackup/MISC/Unreal Games/Ultimate-New-Age-Fighters/Ultimate_NAF/Content/StarterContent/Maps/Advanced_Lighting.umap"
[2019.01.09-22.18.14:656][  0]LogPackFactory: Copied "../../../Samples/StarterContent/Content/StarterContent/Maps/Advanced_Lighting_BuiltData.uasset" to "F:/PCBackup/MISC/Unreal Games/Ultimate-New-Age-Fighters/Ultimate_NAF/Content/StarterContent/Maps/Advanced_Lighting_BuiltData.uasset"
[2019.01.09-22.18.15:937][  0]LogPackFactory: Copied "../../../Samples/StarterContent/Content/StarterContent/Maps/Minimal_Default.umap" to "F:/PCBackup/MISC/Unreal Games/Ultimate-New-Age-Fighters/Ultimate_NAF/Content/StarterContent/Maps/Minimal_Default.umap"
[2019.01.09-22.18.20:956][  0]LogPackFactory: Copied "../../../Samples/StarterContent/Content/StarterContent/Maps/Minimal_Default_BuiltData.uasset" to "F:/PCBackup/MISC/Unreal Games/Ultimate-New-Age-Fighters/Ultimate_NAF/Content/StarterContent/Maps/Minimal_Default_BuiltData.uasset"
[2019.01.09-22.18.22:679][  0]LogPackFactory: Copied "../../../Samples/StarterContent/Content/StarterContent/Maps/StarterMap.umap" to "F:/PCBackup/MISC/Unreal Games/Ultimate-New-Age-Fighters/Ultimate_NAF/Content/StarterContent/Maps/StarterMap.umap"
[2019.01.09-22.18.55:364][  0]LogPackFactory: Copied "../../../Samples/StarterContent/Content/StarterContent/Maps/StarterMap_BuiltData.uasset" to "F:/PCBackup/MISC/Unreal Games/Ultimate-New-Age-Fighters/Ultimate_NAF/Content/StarterContent/Maps/StarterMap_BuiltData.uasset"
[2019.01.09-22.18.55:654][  0]LogPackFactory: Copied "../../../Samples/StarterContent/Content/StarterContent/Materials/M_AssetPlatform.uasset" to "F:/PCBackup/MISC/Unreal Games/Ultimate-New-Age-Fighters/Ultimate_NAF/Content/StarterContent/Materials/M_AssetPlatform.uasset"
[2019.01.09-22.18.55:830][  0]LogPackFactory: Error: Unable to copy file "../../../Samples/StarterContent/Content/StarterContent/Materials/M_Basic_Floor.uasset" to "F:/PCBackup/MISC/Unreal Games/Ultimate-New-Age-Fighters/Ultimate_NAF/Content/StarterContent/Materials/M_Basic_Floor.uasset".
[2019.01.09-22.18.56:153][  0]LogPackFactory: Copied "../../../Samples/StarterContent/Content/StarterContent/Materials/M_Basic_Wall.uasset" to "F:/PCBackup/MISC/Unreal Games/Ultimate-New-Age-Fighters/Ultimate_NAF/Content/StarterContent/Materials/M_Basic_Wall.uasset"
[2019.01.09-22.18.56:661][  0]LogPackFactory: Copied "../../../Samples/StarterContent/Content/StarterContent/Materials/M_Brick_Clay_Beveled.uasset" to "F:/PCBackup/MISC/Unreal Games/Ultimate-New-Age-Fighters/Ultimate_NAF/Content/StarterContent/Materials/M_Brick_Clay_Beveled.uasset"
[2019.01.09-22.18.57:054][  0]LogPackFactory: Copied "../../../Samples/StarterContent/Content/StarterContent/Materials/M_Brick_Clay_New.uasset" to "F:/PCBackup/MISC/Unreal Games/Ultimate-New-Age-Fighters/Ultimate_NAF/Content/StarterContent/Materials/M_Brick_Clay_New.uasset"
[2019.01.09-22.18.57:543][  0]LogPackFactory: Copied "../../../Samples/StarterContent/Content/StarterContent/Materials/M_Brick_Clay_Old.uasset" to "F:/PCBackup/MISC/Unreal Games/Ultimate-New-Age-Fighters/Ultimate_NAF/Content/StarterContent/Materials/M_Brick_Clay_Old.uasset"
[2019.01.09-22.18.57:970][  0]LogPackFactory: Copied "../../../Samples/StarterContent/Content/StarterContent/Materials/M_Brick_Cut_Stone.uasset" to "F:/PCBackup/MISC/Unreal Games/Ultimate-New-Age-Fighters/Ultimate_NAF/Content/StarterContent/Materials/M_Brick_Cut_Stone.uasset"
[2019.01.09-22.18.58:363][  0]LogPackFactory: Copied "../../../Samples/StarterContent/Content/StarterContent/Materials/M_Brick_Hewn_Stone.uasset" to "F:/PCBackup/MISC/Unreal Games/Ultimate-New-Age-Fighters/Ultimate_NAF/Content/StarterContent/Materials/M_Brick_Hewn_Stone.uasset"
[2019.01.09-22.18.58:929][  0]LogPackFactory: Copied "../../../Samples/StarterContent/Content/StarterContent/Materials/M_Ceramic_Tile_Checker.uasset" to "F:/PCBackup/MISC/Unreal Games/Ultimate-New-Age-Fighters/Ultimate_NAF/Content/StarterContent/Materials/M_Ceramic_Tile_Checker.uasset"
[2019.01.09-22.18.59:418][  0]LogPackFactory: Copied "../../../Samples/StarterContent/Content/StarterContent/Materials/M_CobbleStone_Pebble.uasset" to "F:/PCBackup/MISC/Unreal Games/Ultimate-New-Age-Fighters/Ultimate_NAF/Content/StarterContent/Materials/M_CobbleStone_Pebble.uasset"
[2019.01.09-22.19.00:219][  0]LogPackFactory: Copied "../../../Samples/StarterContent/Content/StarterContent/Materials/M_CobbleStone_Rough.uasset" to "F:/PCBackup/MISC/Unreal Games/Ultimate-New-Age-Fighters/Ultimate_NAF/Content/StarterContent/Materials/M_CobbleStone_Rough.uasset"
[2019.01.09-22.19.00:715][  0]LogPackFactory: Copied "../../../Samples/StarterContent/Content/StarterContent/Materials/M_CobbleStone_Smooth.uasset" to "F:/PCBackup/MISC/Unreal Games/Ultimate-New-Age-Fighters/Ultimate_NAF/Content/StarterContent/Materials/M_CobbleStone_Smooth.uasset"
[2019.01.09-22.19.02:538][  0]LogPackFactory: Copied "../../../Samples/StarterContent/Content/StarterContent/Materials/M_ColorGrid_LowSpec.uasset" to "F:/PCBackup/MISC/Unreal Games/Ultimate-New-Age-Fighters/Ultimate_NAF/Content/StarterContent/Materials/M_ColorGrid_LowSpec.uasset"
[2019.01.09-22.19.03:452][  0]LogPackFactory: Copied "../../../Samples/StarterContent/Content/StarterContent/Materials/M_Concrete_Grime.uasset" to "F:/PCBackup/MISC/Unreal Games/Ultimate-New-Age-Fighters/Ultimate_NAF/Content/StarterContent/Materials/M_Concrete_Grime.uasset"
[2019.01.09-22.19.05:098][  0]LogPackFactory: Copied "../../../Samples/StarterContent/Content/StarterContent/Materials/M_Concrete_Panels.uasset" to "F:/PCBackup/MISC/Unreal Games/Ultimate-New-Age-Fighters/Ultimate_NAF/Content/StarterContent/Materials/M_Concrete_Panels.uasset"
[2019.01.09-22.19.13:050][  0]LogPackFactory: Copied "../../../Samples/StarterContent/Content/StarterContent/Materials/M_Concrete_Poured.uasset" to "F:/PCBackup/MISC/Unreal Games/Ultimate-New-Age-Fighters/Ultimate_NAF/Content/StarterContent/Materials/M_Concrete_Poured.uasset"
[2019.01.09-22.19.13:644][  0]LogPackFactory: Copied "../../../Samples/StarterContent/Content/StarterContent/Materials/M_Concrete_Tiles.uasset" to "F:/PCBackup/MISC/Unreal Games/Ultimate-New-Age-Fighters/Ultimate_NAF/Content/StarterContent/Materials/M_Concrete_Tiles.uasset"
[2019.01.09-22.19.13:926][  0]LogPackFactory: Copied "../../../Samples/StarterContent/Content/StarterContent/Materials/M_Glass.uasset" to "F:/PCBackup/MISC/Unreal Games/Ultimate-New-Age-Fighters/Ultimate_NAF/Content/StarterContent/Materials/M_Glass.uasset"
[2019.01.09-22.19.14:410][  0]LogPackFactory: Copied "../../../Samples/StarterContent/Content/StarterContent/Materials/M_Ground_Grass.uasset" to "F:/PCBackup/MISC/Unreal Games/Ultimate-New-Age-Fighters/Ultimate_NAF/Content/StarterContent/Materials/M_Ground_Grass.uasset"
[2019.01.09-22.19.14:785][  0]LogPackFactory: Copied "../../../Samples/StarterContent/Content/StarterContent/Materials/M_Ground_Gravel.uasset" to "F:/PCBackup/MISC/Unreal Games/Ultimate-New-Age-Fighters/Ultimate_NAF/Content/StarterContent/Materials/M_Ground_Gravel.uasset"
[2019.01.09-22.19.15:641][  0]LogPackFactory: Copied "../../../Samples/StarterContent/Content/StarterContent/Materials/M_Ground_Moss.uasset" to "F:/PCBackup/MISC/Unreal Games/Ultimate-New-Age-Fighters/Ultimate_NAF/Content/StarterContent/Materials/M_Ground_Moss.uasset"
[2019.01.09-22.19.15:933][  0]LogPackFactory: Copied "../../../Samples/StarterContent/Content/StarterContent/Materials/M_Metal_Brushed_Nickel.uasset" to "F:/PCBackup/MISC/Unreal Games/Ultimate-New-Age-Fighters/Ultimate_NAF/Content/StarterContent/Materials/M_Metal_Brushed_Nickel.uasset"
[2019.01.09-22.19.19:361][  0]LogPackFactory: Copied "../../../Samples/StarterContent/Content/StarterContent/Materials/M_Metal_Burnished_Steel.uasset" to "F:/PCBackup/MISC/Unreal Games/Ultimate-New-Age-Fighters/Ultimate_NAF/Content/StarterContent/Materials/M_Metal_Burnished_Steel.uasset"
[2019.01.09-22.19.19:736][  0]LogPackFactory: Copied "../../../Samples/StarterContent/Content/StarterContent/Materials/M_Metal_Chrome.uasset" to "F:/PCBackup/MISC/Unreal Games/Ultimate-New-Age-Fighters/Ultimate_NAF/Content/StarterContent/Materials/M_Metal_Chrome.uasset"
[2019.01.09-22.19.20:400][  0]LogPackFactory: Copied "../../../Samples/StarterContent/Content/StarterContent/Materials/M_Metal_Copper.uasset" to "F:/PCBackup/MISC/Unreal Games/Ultimate-New-Age-Fighters/Ultimate_NAF/Content/StarterContent/Materials/M_Metal_Copper.uasset"
[2019.01.09-22.19.20:637][  0]LogPackFactory: Copied "../../../Samples/StarterContent/Content/StarterContent/Materials/M_Metal_Gold.uasset" to "F:/PCBackup/MISC/Unreal Games/Ultimate-New-Age-Fighters/Ultimate_NAF/Content/StarterContent/Materials/M_Metal_Gold.uasset"
[2019.01.09-22.19.21:074][  0]LogPackFactory: Copied "../../../Samples/StarterContent/Content/StarterContent/Materials/M_Metal_Rust.uasset" to "F:/PCBackup/MISC/Unreal Games/Ultimate-New-Age-Fighters/Ultimate_NAF/Content/StarterContent/Materials/M_Metal_Rust.uasset"
[2019.01.09-22.19.21:428][  0]LogPackFactory: Copied "../../../Samples/StarterContent/Content/StarterContent/Materials/M_Metal_Steel.uasset" to "F:/PCBackup/MISC/Unreal Games/Ultimate-New-Age-Fighters/Ultimate_NAF/Content/StarterContent/Materials/M_Metal_Steel.uasset"
[2019.01.09-22.19.22:500][  0]LogPackFactory: Copied "../../../Samples/StarterContent/Content/StarterContent/Materials/M_Rock_Basalt.uasset" to "F:/PCBackup/MISC/Unreal Games/Ultimate-New-Age-Fighters/Ultimate_NAF/Content/StarterContent/Materials/M_Rock_Basalt.uasset"
[2019.01.09-22.19.23:628][  0]LogPackFactory: Copied "../../../Samples/StarterContent/Content/StarterContent/Materials/M_Rock_Marble_Polished.uasset" to "F:/PCBackup/MISC/Unreal Games/Ultimate-New-Age-Fighters/Ultimate_NAF/Content/StarterContent/Materials/M_Rock_Marble_Polished.uasset"
[2019.01.09-22.19.23:918][  0]LogPackFactory: Copied "../../../Samples/StarterContent/Content/StarterContent/Materials/M_Rock_Sandstone.uasset" to "F:/PCBackup/MISC/Unreal Games/Ultimate-New-Age-Fighters/Ultimate_NAF/Content/StarterContent/Materials/M_Rock_Sandstone.uasset"
[2019.01.09-22.19.24:475][  0]LogPackFactory: Copied "../../../Samples/StarterContent/Content/StarterContent/Materials/M_Rock_Slate.uasset" to "F:/PCBackup/MISC/Unreal Games/Ultimate-New-Age-Fighters/Ultimate_NAF/Content/StarterContent/Materials/M_Rock_Slate.uasset"
[2019.01.09-22.19.24:841][  0]LogPackFactory: Copied "../../../Samples/StarterContent/Content/StarterContent/Materials/M_Tech_Checker_Dot.uasset" to "F:/PCBackup/MISC/Unreal Games/Ultimate-New-Age-Fighters/Ultimate_NAF/Content/StarterContent/Materials/M_Tech_Checker_Dot.uasset"
[2019.01.09-22.19.25:284][  0]LogPackFactory: Copied "../../../Samples/StarterContent/Content/StarterContent/Materials/M_Tech_Hex_Tile.uasset" to "F:/PCBackup/MISC/Unreal Games/Ultimate-New-Age-Fighters/Ultimate_NAF/Content/StarterContent/Materials/M_Tech_Hex_Tile.uasset"
[2019.01.09-22.19.25:706][  0]LogPackFactory: Copied "../../../Samples/StarterContent/Content/StarterContent/Materials/M_Tech_Hex_Tile_Pulse.uasset" to "F:/PCBackup/MISC/Unreal Games/Ultimate-New-Age-Fighters/Ultimate_NAF/Content/StarterContent/Materials/M_Tech_Hex_Tile_Pulse.uasset"
[2019.01.09-22.19.26:027][  0]LogPackFactory: Copied "../../../Samples/StarterContent/Content/StarterContent/Materials/M_Tech_Panel.uasset" to "F:/PCBackup/MISC/Unreal Games/Ultimate-New-Age-Fighters/Ultimate_NAF/Content/StarterContent/Materials/M_Tech_Panel.uasset"
[2019.01.09-22.19.26:270][  0]LogPackFactory: Copied "../../../Samples/StarterContent/Content/StarterContent/Materials/M_Water_Lake.uasset" to "F:/PCBackup/MISC/Unreal Games/Ultimate-New-Age-Fighters/Ultimate_NAF/Content/StarterContent/Materials/M_Water_Lake.uasset"
[2019.01.09-22.19.26:601][  0]LogPackFactory: Copied "../../../Samples/StarterContent/Content/StarterContent/Materials/M_Water_Ocean.uasset" to "F:/PCBackup/MISC/Unreal Games/Ultimate-New-Age-Fighters/Ultimate_NAF/Content/StarterContent/Materials/M_Water_Ocean.uasset"
[2019.01.09-22.19.27:028][  0]LogPackFactory: Copied "../../../Samples/StarterContent/Content/StarterContent/Materials/M_Wood_Floor_Walnut_Polished.uasset" to "F:/PCBackup/MISC/Unreal Games/Ultimate-New-Age-Fighters/Ultimate_NAF/Content/StarterContent/Materials/M_Wood_Floor_Walnut_Polished.uasset"
[2019.01.09-22.19.27:401][  0]LogPackFactory: Copied "../../../Samples/StarterContent/Content/StarterContent/Materials/M_Wood_Floor_Walnut_Worn.uasset" to "F:/PCBackup/MISC/Unreal Games/Ultimate-New-Age-Fighters/Ultimate_NAF/Content/StarterContent/Materials/M_Wood_Floor_Walnut_Worn.uasset"
[2019.01.09-22.19.27:808][  0]LogPackFactory: Copied "../../../Samples/StarterContent/Content/StarterContent/Materials/M_Wood_Oak.uasset" to "F:/PCBackup/MISC/Unreal Games/Ultimate-New-Age-Fighters/Ultimate_NAF/Content/StarterContent/Materials/M_Wood_Oak.uasset"
[2019.01.09-22.19.28:198][  0]LogPackFactory: Copied "../../../Samples/StarterContent/Content/StarterContent/Materials/M_Wood_Pine.uasset" to "F:/PCBackup/MISC/Unreal Games/Ultimate-New-Age-Fighters/Ultimate_NAF/Content/StarterContent/Materials/M_Wood_Pine.uasset"
[2019.01.09-22.19.28:553][  0]LogPackFactory: Copied "../../../Samples/StarterContent/Content/StarterContent/Materials/M_Wood_Walnut.uasset" to "F:/PCBackup/MISC/Unreal Games/Ultimate-New-Age-Fighters/Ultimate_NAF/Content/StarterContent/Materials/M_Wood_Walnut.uasset"
[2019.01.09-22.19.28:780][  0]LogPackFactory: Copied "../../../Samples/StarterContent/Content/StarterContent/Particles/P_Ambient_Dust.uasset" to "F:/PCBackup/MISC/Unreal Games/Ultimate-New-Age-Fighters/Ultimate_NAF/Content/StarterContent/Particles/P_Ambient_Dust.uasset"
[2019.01.09-22.19.29:370][  0]LogPackFactory: Copied "../../../Samples/StarterContent/Content/StarterContent/Particles/P_Explosion.uasset" to "F:/PCBackup/MISC/Unreal Games/Ultimate-New-Age-Fighters/Ultimate_NAF/Content/StarterContent/Particles/P_Explosion.uasset"
[2019.01.09-22.19.29:838][  0]LogPackFactory: Copied "../../../Samples/StarterContent/Content/StarterContent/Particles/P_Fire.uasset" to "F:/PCBackup/MISC/Unreal Games/Ultimate-New-Age-Fighters/Ultimate_NAF/Content/StarterContent/Particles/P_Fire.uasset"
[2019.01.09-22.19.30:144][  0]LogPackFactory: Copied "../../../Samples/StarterContent/Content/StarterContent/Particles/P_Smoke.uasset" to "F:/PCBackup/MISC/Unreal Games/Ultimate-New-Age-Fighters/Ultimate_NAF/Content/StarterContent/Particles/P_Smoke.uasset"
[2019.01.09-22.19.30:721][  0]LogPackFactory: Copied "../../../Samples/StarterContent/Content/StarterContent/Particles/P_Sparks.uasset" to "F:/PCBackup/MISC/Unreal Games/Ultimate-New-Age-Fighters/Ultimate_NAF/Content/StarterContent/Particles/P_Sparks.uasset"
[2019.01.09-22.19.31:041][  0]LogPackFactory: Copied "../../../Samples/StarterContent/Content/StarterContent/Particles/P_Steam_Lit.uasset" to "F:/PCBackup/MISC/Unreal Games/Ultimate-New-Age-Fighters/Ultimate_NAF/Content/StarterContent/Particles/P_Steam_Lit.uasset"
[2019.01.09-22.19.31:442][  0]LogPackFactory: Copied "../../../Samples/StarterContent/Content/StarterContent/Particles/Materials/M_Burst.uasset" to "F:/PCBackup/MISC/Unreal Games/Ultimate-New-Age-Fighters/Ultimate_NAF/Content/StarterContent/Particles/Materials/M_Burst.uasset"
[2019.01.09-22.19.31:873][  0]LogPackFactory: Copied "../../../Samples/StarterContent/Content/StarterContent/Particles/Materials/M_Dust_Particle.uasset" to "F:/PCBackup/MISC/Unreal Games/Ultimate-New-Age-Fighters/Ultimate_NAF/Content/StarterContent/Particles/Materials/M_Dust_Particle.uasset"
[2019.01.09-22.19.32:070][  0]LogPackFactory: Copied "../../../Samples/StarterContent/Content/StarterContent/Particles/Materials/M_explosion_subUV.uasset" to "F:/PCBackup/MISC/Unreal Games/Ultimate-New-Age-Fighters/Ultimate_NAF/Content/StarterContent/Particles/Materials/M_explosion_subUV.uasset"
[2019.01.09-22.19.32:350][  0]LogPackFactory: Copied "../../../Samples/StarterContent/Content/StarterContent/Particles/Materials/M_Fire_SubUV.uasset" to "F:/PCBackup/MISC/Unreal Games/Ultimate-New-Age-Fighters/Ultimate_NAF/Content/StarterContent/Particles/Materials/M_Fire_SubUV.uasset"
[2019.01.09-22.19.32:746][  0]LogPackFactory: Copied "../../../Samples/StarterContent/Content/StarterContent/Particles/Materials/m_flare_01.uasset" to "F:/PCBackup/MISC/Unreal Games/Ultimate-New-Age-Fighters/Ultimate_NAF/Content/StarterContent/Particles/Materials/m_flare_01.uasset"
