Log file open, 01/10/19 09:03:05
LogWindows: Failed to load 'aqProf.dll' (GetLastError=126)
LogWindows: File 'aqProf.dll' does not exist
LogWindows: Failed to load 'VtuneApi.dll' (GetLastError=126)
LogWindows: File 'VtuneApi.dll' does not exist
LogWindows: Failed to load 'VtuneApi32e.dll' (GetLastError=126)
LogWindows: File 'VtuneApi32e.dll' does not exist
LogConsoleResponse: Display: Failed to find resolution value strings in scalability ini. Falling back to default.
LogInit: Display: Running engine for game: Ultimate_NAF
LogPakFile: Registered encryption key '00000000000000000000000000000000': 0 pak files mounted, 0 remain pending
LogPlatformFile: Not using cached read wrapper
LogTaskGraph: Started task graph with 5 named threads and 17 total threads with 3 sets of task threads.
LogStats: Stats thread started at 0.393409
LogD3D11RHI: Loaded GFSDK_Aftermath_Lib.x64.dll
LogICUInternationalization: ICU TimeZone Detection - Raw Offset: +10:00, Platform Override: ''
LogPluginManager: Mounting plugin Paper2D
LogPluginManager: Mounting plugin AISupport
LogPluginManager: Mounting plugin LightPropagationVolume
LogPluginManager: Mounting plugin ActorLayerUtilities
LogPluginManager: Mounting plugin CLionSourceCodeAccess
LogPluginManager: Mounting plugin CodeLiteSourceCodeAccess
LogPluginManager: Mounting plugin GitSourceControl
LogPluginManager: Mounting plugin KDevelopSourceCodeAccess
LogPluginManager: Mounting plugin NullSourceCodeAccess
LogPluginManager: Mounting plugin PerforceSourceControl
LogPluginManager: Mounting plugin SubversionSourceControl
LogPluginManager: Mounting plugin UObjectPlugin
LogPluginManager: Mounting plugin VisualStudioCodeSourceCodeAccess
LogPluginManager: Mounting plugin VisualStudioSourceCodeAccess
LogPluginManager: Mounting plugin XCodeSourceCodeAccess
LogPluginManager: Mounting plugin AssetManagerEditor
LogPluginManager: Mounting plugin CryptoKeys
LogPluginManager: Mounting plugin DataValidation
LogPluginManager: Mounting plugin FacialAnimation
LogPluginManager: Mounting plugin GameplayTagsEditor
LogPluginManager: Mounting plugin MacGraphicsSwitching
LogPluginManager: Mounting plugin MeshEditor
LogPluginManager: Mounting plugin MobileLauncherProfileWizard
LogPluginManager: Mounting plugin PluginBrowser
LogPluginManager: Mounting plugin SpeedTreeImporter
LogPluginManager: Mounting plugin DatasmithContent
LogPluginManager: Mounting plugin VariantManagerContent
LogPluginManager: Mounting plugin AlembicImporter
LogPluginManager: Mounting plugin AppleImageUtils
LogPluginManager: Mounting plugin AppleVision
LogPluginManager: Mounting plugin BackChannel
LogPluginManager: Mounting plugin CharacterAI
LogPluginManager: Mounting plugin GeometryCache
LogPluginManager: Mounting plugin HTML5Networking
LogPluginManager: Mounting plugin ProxyLODPlugin
LogPluginManager: Mounting plugin MagicLeap
LogPluginManager: Mounting plugin MagicLeapMedia
LogPluginManager: Mounting plugin AndroidMedia
LogPluginManager: Mounting plugin AvfMedia
LogPluginManager: Mounting plugin ImgMedia
LogPluginManager: Mounting plugin LinearTimecode
LogPluginManager: Mounting plugin MediaCompositing
LogPluginManager: Mounting plugin MediaPlayerEditor
LogPluginManager: Mounting plugin WebMMedia
LogPluginManager: Mounting plugin WmfMedia
LogPluginManager: Mounting plugin TcpMessaging
LogPluginManager: Mounting plugin UdpMessaging
LogPluginManager: Mounting plugin ActorSequence
LogPluginManager: Mounting plugin LevelSequenceEditor
LogPluginManager: Mounting plugin MatineeToLevelSequence
LogPluginManager: Mounting plugin NetcodeUnitTest
LogPluginManager: Mounting plugin NUTUnrealEngine4
LogPluginManager: Mounting plugin OnlineSubsystemGooglePlay
LogPluginManager: Mounting plugin OnlineSubsystemIOS
LogPluginManager: Mounting plugin OnlineSubsystem
LogPluginManager: Mounting plugin OnlineSubsystemNull
LogPluginManager: Mounting plugin OnlineSubsystemUtils
LogPluginManager: Mounting plugin LauncherChunkInstaller
LogPluginManager: Mounting plugin AndroidDeviceProfileSelector
LogPluginManager: Mounting plugin AndroidMoviePlayer
LogPluginManager: Mounting plugin AndroidPermission
LogPluginManager: Mounting plugin AppleMoviePlayer
LogPluginManager: Mounting plugin ArchVisCharacter
LogPluginManager: Mounting plugin AudioCapture
LogPluginManager: Mounting plugin CableComponent
LogPluginManager: Mounting plugin CustomMeshComponent
LogPluginManager: Mounting plugin EditableMesh
LogPluginManager: Mounting plugin ExampleDeviceProfileSelector
LogPluginManager: Mounting plugin Firebase
LogPluginManager: Mounting plugin GoogleCloudMessaging
LogPluginManager: Mounting plugin IOSDeviceProfileSelector
LogPluginManager: Mounting plugin LinuxDeviceProfileSelector
LogPluginManager: Mounting plugin LocationServicesBPLibrary
LogPluginManager: Mounting plugin MobilePatchingUtils
LogPluginManager: Mounting plugin OculusVR
LogPluginManager: Mounting plugin PhysXVehicles
LogPluginManager: Mounting plugin ProceduralMeshComponent
LogPluginManager: Mounting plugin RuntimePhysXCooking
LogPluginManager: Mounting plugin SteamVR
LogPluginManager: Mounting plugin WebMMoviePlayer
LogPluginManager: Mounting plugin WindowsMoviePlayer
LogStreaming: Display: Took 136.550s to configure plugins.
LogInit: Using libcurl 7.55.1-DEV
LogInit:  - built for x86_64-pc-win32
LogInit:  - supports SSL with OpenSSL/1.0.2h
LogInit:  - supports HTTP deflate (compression) using libz 1.2.8
LogInit:  - other features:
LogInit:      CURL_VERSION_SSL
LogInit:      CURL_VERSION_LIBZ
LogInit:      CURL_VERSION_IPV6
LogInit:      CURL_VERSION_ASYNCHDNS
LogInit:      CURL_VERSION_LARGEFILE
LogInit:      CURL_VERSION_IDN
LogInit:  CurlRequestOptions (configurable via config and command line):
LogInit:  - bVerifyPeer = true  - Libcurl will verify peer certificate
LogInit:  - bUseHttpProxy = false  - Libcurl will NOT use HTTP proxy
LogInit:  - bDontReuseConnections = false  - Libcurl will reuse connections
LogInit:  - MaxHostConnections = 16  - Libcurl will limit the number of connections to a host
LogInit:  - LocalHostAddr = Default
LogInit:  - BufferSize = 65536
LogInit: WinSock: version 1.1 (2.2), MaxSocks=32767, MaxUdp=65467
LogInit: Build: ++UE4+Release-4.21-CL-4613538
LogInit: Engine Version: 4.21.1-4613538+++UE4+Release-4.21
LogInit: Compatible Engine Version: 4.21.0-4541578+++UE4+Release-4.21
LogInit: Net CL: 4541578
LogInit: OS: Windows 10 (), CPU: AMD FX(tm)-6300 Six-Core Processor             , GPU: NVIDIA GeForce GTX 1050 Ti
LogInit: Compiled (64-bit): Nov 30 2018 04:13:25
LogInit: Compiled with Visual C++: 19.13.26129.00
LogInit: Build Configuration: Development
LogInit: Branch Name: ++UE4+Release-4.21
LogInit: Command Line: 
LogInit: Base Directory: E:/Program Files/Epic Games/UE_4.21/Engine/Binaries/Win64/
LogInit: Installed Engine Build: 1
LogDevObjectVersion: Number of dev versions registered: 22
LogDevObjectVersion:   Dev-Blueprints (B0D832E4-1F89-4F0D-ACCF-7EB736FD4AA2): 10
LogDevObjectVersion:   Dev-Build (E1C64328-A22C-4D53-A36C-8E866417BD8C): 0
LogDevObjectVersion:   Dev-Core (375EC13C-06E4-48FB-B500-84F0262A717E): 2
LogDevObjectVersion:   Dev-Editor (E4B068ED-F494-42E9-A231-DA0B2E46BB41): 26
LogDevObjectVersion:   Dev-Framework (CFFC743F-43B0-4480-9391-14DF171D2073): 34
LogDevObjectVersion:   Dev-Mobile (B02B49B5-BB20-44E9-A304-32B752E40360): 2
LogDevObjectVersion:   Dev-Networking (A4E4105C-59A1-49B5-A7C5-40C4547EDFEE): 0
LogDevObjectVersion:   Dev-Online (39C831C9-5AE6-47DC-9A44-9C173E1C8E7C): 0
LogDevObjectVersion:   Dev-Physics (78F01B33-EBEA-4F98-B9B4-84EACCB95AA2): 0
LogDevObjectVersion:   Dev-Platform (6631380F-2D4D-43E0-8009-CF276956A95A): 0
LogDevObjectVersion:   Dev-Rendering (12F88B9F-8875-4AFC-A67C-D90C383ABD29): 27
LogDevObjectVersion:   Dev-Sequencer (7B5AE74C-D270-4C10-A958-57980B212A5A): 9
LogDevObjectVersion:   Dev-VR (D7296918-1DD6-4BDD-9DE2-64A83CC13884): 2
LogDevObjectVersion:   Dev-LoadTimes (C2A15278-BFE7-4AFE-6C17-90FF531DF755): 1
LogDevObjectVersion:   Private-Geometry (6EACA3D4-40EC-4CC1-B786-8BED09428FC5): 3
LogDevObjectVersion:   Dev-AnimPhys (29E575DD-E0A3-4627-9D10-D276232CDCEA): 17
LogDevObjectVersion:   Dev-Anim (AF43A65D-7FD3-4947-9873-3E8ED9C1BB05): 2
LogDevObjectVersion:   Dev-ReflectionCapture (6B266CEC-1EC7-4B8F-A30B-E4D90942FC07): 1
LogDevObjectVersion:   Dev-Automation (0DF73D61-A23F-47EA-B727-89E90C41499A): 1
LogDevObjectVersion:   FortniteMain (601D1886-AC64-4F84-AA16-D3DE0DEAC7D6): 17
LogDevObjectVersion:   Dev-Enterprise (9DFFBCD6-494F-0158-E221-12823C92A888): 4
LogDevObjectVersion:   Dev-Niagara (F2AED0AC-9AFE-416F-8664-AA7FFA26D6FC): 1
LogStreaming: Display: Took  1.513s to delete old logs.
LogInit: Presizing for max 8388607 objects, including 0 objects not considered by GC, pre-allocating 0 bytes for permanent pool.
LogInit: Object subsystem initialized
LogConfig: Setting CVar [[con.DebugEarlyDefault:1]]
LogConfig: Setting CVar [[r.setres:1280x720]]
[2019.01.09-22.05.11:576][  0]LogConfig: Setting CVar [[r.VSync:0]]
[2019.01.09-22.05.11:576][  0]LogConfig: Setting CVar [[r.RHICmdBypass:0]]
[2019.01.09-22.05.11:576][  0]LogConfig: Applying CVar settings from Section [/Script/Engine.RendererSettings] File [F:/PCBackup/MISC/Unreal Games/Ultimate-New-Age-Fighters/Ultimate_NAF/Saved/Config/Windows/Engine.ini]
[2019.01.09-22.05.11:576][  0]LogConfig: Setting CVar [[r.GPUCrashDebugging:0]]
[2019.01.09-22.05.11:576][  0]LogConfig: Setting CVar [[r.MobileHDR:1]]
[2019.01.09-22.05.11:576][  0]LogConfig: Setting CVar [[r.Mobile.DisableVertexFog:1]]
[2019.01.09-22.05.11:576][  0]LogConfig: Setting CVar [[r.Shadow.CSM.MaxMobileCascades:2]]
[2019.01.09-22.05.11:576][  0]LogConfig: Setting CVar [[r.MobileMSAA:1]]
[2019.01.09-22.05.11:576][  0]LogConfig: Setting CVar [[r.Mobile.UseLegacyShadingModel:0]]
[2019.01.09-22.05.11:576][  0]LogConfig: Setting CVar [[r.Mobile.AllowDitheredLODTransition:0]]
[2019.01.09-22.05.11:576][  0]LogConfig: Setting CVar [[r.Mobile.AllowSoftwareOcclusion:0]]
[2019.01.09-22.05.11:576][  0]LogConfig: Setting CVar [[r.DiscardUnusedQuality:0]]
[2019.01.09-22.05.11:576][  0]LogConfig: Setting CVar [[r.AllowOcclusionQueries:1]]
[2019.01.09-22.05.11:576][  0]LogConfig: Setting CVar [[r.MinScreenRadiusForLights:0.030000]]
[2019.01.09-22.05.11:576][  0]LogConfig: Setting CVar [[r.MinScreenRadiusForDepthPrepass:0.030000]]
[2019.01.09-22.05.11:576][  0]LogConfig: Setting CVar [[r.MinScreenRadiusForCSMDepth:0.010000]]
[2019.01.09-22.05.11:576][  0]LogConfig: Setting CVar [[r.PrecomputedVisibilityWarning:0]]
[2019.01.09-22.05.11:576][  0]LogConfig: Setting CVar [[r.TextureStreaming:1]]
[2019.01.09-22.05.11:576][  0]LogConfig: Setting CVar [[Compat.UseDXT5NormalMaps:0]]
[2019.01.09-22.05.11:576][  0]LogConfig: Setting CVar [[r.ClearCoatNormal:0]]
[2019.01.09-22.05.11:576][  0]LogConfig: Setting CVar [[r.ReflectionCaptureResolution:128]]
[2019.01.09-22.05.11:576][  0]LogConfig: Setting CVar [[r.ReflectionEnvironmentLightmapMixBasedOnRoughness:1]]
[2019.01.09-22.05.11:576][  0]LogConfig: Setting CVar [[r.ForwardShading:0]]
[2019.01.09-22.05.11:576][  0]LogConfig: Setting CVar [[r.VertexFoggingForOpaque:1]]
[2019.01.09-22.05.11:576][  0]LogConfig: Setting CVar [[r.AllowStaticLighting:1]]
[2019.01.09-22.05.11:576][  0]LogConfig: Setting CVar [[r.NormalMapsForStaticLighting:0]]
[2019.01.09-22.05.11:577][  0]LogConfig: Setting CVar [[r.GenerateMeshDistanceFields:0]]
[2019.01.09-22.05.11:577][  0]LogConfig: Setting CVar [[r.DistanceFieldBuild.EightBit:0]]
[2019.01.09-22.05.11:577][  0]LogConfig: Setting CVar [[r.GenerateLandscapeGIData:0]]
[2019.01.09-22.05.11:577][  0]LogConfig: Setting CVar [[r.DistanceFieldBuild.Compress:0]]
[2019.01.09-22.05.11:577][  0]LogConfig: Setting CVar [[r.TessellationAdaptivePixelsPerTriangle:48.000000]]
[2019.01.09-22.05.11:577][  0]LogConfig: Setting CVar [[r.SeparateTranslucency:1]]
[2019.01.09-22.05.11:577][  0]LogConfig: Setting CVar [[r.TranslucentSortPolicy:0]]
[2019.01.09-22.05.11:577][  0]LogConfig: Setting CVar [[r.CustomDepth:1]]
[2019.01.09-22.05.11:577][  0]LogConfig: Setting CVar [[r.CustomDepthTemporalAAJitter:1]]
[2019.01.09-22.05.11:577][  0]LogConfig: Setting CVar [[r.PostProcessing.PropagateAlpha:0]]
[2019.01.09-22.05.11:577][  0]LogConfig: Setting CVar [[r.DOF.Algorithm:1]]
[2019.01.09-22.05.11:577][  0]LogConfig: Setting CVar [[r.DefaultFeature.Bloom:1]]
[2019.01.09-22.05.11:577][  0]LogConfig: Setting CVar [[r.DefaultFeature.AmbientOcclusion:1]]
[2019.01.09-22.05.11:577][  0]LogConfig: Setting CVar [[r.DefaultFeature.AmbientOcclusionStaticFraction:1]]
[2019.01.09-22.05.11:577][  0]LogConfig: Setting CVar [[r.DefaultFeature.AutoExposure:1]]
[2019.01.09-22.05.11:577][  0]LogConfig: Setting CVar [[r.DefaultFeature.AutoExposure.Method:0]]
[2019.01.09-22.05.11:577][  0]LogConfig: Setting CVar [[r.DefaultFeature.AutoExposure.ExtendDefaultLuminanceRange:0]]
[2019.01.09-22.05.11:577][  0]LogConfig: Setting CVar [[r.UsePreExposure:0]]
[2019.01.09-22.05.11:577][  0]LogConfig: Setting CVar [[r.DefaultFeature.MotionBlur:1]]
[2019.01.09-22.05.11:577][  0]LogConfig: Setting CVar [[r.DefaultFeature.LensFlare:0]]
[2019.01.09-22.05.11:577][  0]LogConfig: Setting CVar [[r.TemporalAA.Upsampling:0]]
[2019.01.09-22.05.11:577][  0]LogConfig: Setting CVar [[r.DefaultFeature.AntiAliasing:2]]
[2019.01.09-22.05.11:577][  0]LogConfig: Setting CVar [[r.DefaultFeature.LightUnits:1]]
[2019.01.09-22.05.11:577][  0]LogConfig: Setting CVar [[r.DefaultBackBufferPixelFormat:4]]
[2019.01.09-22.05.11:577][  0]LogConfig: Setting CVar [[r.Shadow.UnbuiltPreviewInGame:1]]
[2019.01.09-22.05.11:577][  0]LogConfig: Setting CVar [[r.StencilForLODDither:0]]
[2019.01.09-22.05.11:577][  0]LogConfig: Setting CVar [[r.EarlyZPass:3]]
[2019.01.09-22.05.11:577][  0]LogConfig: Setting CVar [[r.EarlyZPassMovable:1]]
[2019.01.09-22.05.11:577][  0]LogConfig: Setting CVar [[r.EarlyZPassOnlyMaterialMasking:0]]
[2019.01.09-22.05.11:577][  0]LogConfig: Setting CVar [[r.DBuffer:1]]
[2019.01.09-22.05.11:577][  0]LogConfig: Setting CVar [[r.ClearSceneMethod:1]]
[2019.01.09-22.05.11:577][  0]LogConfig: Setting CVar [[r.BasePassOutputsVelocity:0]]
[2019.01.09-22.05.11:577][  0]LogConfig: Setting CVar [[r.SelectiveBasePassOutputs:0]]
[2019.01.09-22.05.11:577][  0]LogConfig: Setting CVar [[fx.GPUSimulationTextureSizeX:1024]]
[2019.01.09-22.05.11:577][  0]LogConfig: Setting CVar [[fx.GPUSimulationTextureSizeY:1024]]
[2019.01.09-22.05.11:578][  0]LogConfig: Setting CVar [[r.AllowGlobalClipPlane:0]]
[2019.01.09-22.05.11:578][  0]LogConfig: Setting CVar [[r.GBufferFormat:1]]
[2019.01.09-22.05.11:578][  0]LogConfig: Setting CVar [[r.MorphTarget.Mode:1]]
[2019.01.09-22.05.11:578][  0]LogConfig: Setting CVar [[vr.InstancedStereo:0]]
[2019.01.09-22.05.11:578][  0]LogConfig: Setting CVar [[vr.MultiView:0]]
[2019.01.09-22.05.11:578][  0]LogConfig: Setting CVar [[vr.MobileMultiView:0]]
[2019.01.09-22.05.11:578][  0]LogConfig: Setting CVar [[vr.MobileMultiView.Direct:0]]
[2019.01.09-22.05.11:578][  0]LogConfig: Setting CVar [[vr.MonoscopicFarField:0]]
[2019.01.09-22.05.11:578][  0]LogConfig: Setting CVar [[vr.RoundRobinOcclusion:0]]
[2019.01.09-22.05.11:578][  0]LogConfig: Setting CVar [[vr.ODSCapture:0]]
[2019.01.09-22.05.11:578][  0]LogConfig: Setting CVar [[r.WireframeCullThreshold:5.000000]]
[2019.01.09-22.05.11:578][  0]LogConfig: Setting CVar [[r.SupportStationarySkylight:1]]
[2019.01.09-22.05.11:578][  0]LogConfig: Setting CVar [[r.SupportLowQualityLightmaps:1]]
[2019.01.09-22.05.11:578][  0]LogConfig: Setting CVar [[r.SupportPointLightWholeSceneShadows:1]]
[2019.01.09-22.05.11:578][  0]LogConfig: Setting CVar [[r.SupportAtmosphericFog:1]]
[2019.01.09-22.05.11:578][  0]LogConfig: Setting CVar [[r.SkinCache.CompileShaders:0]]
[2019.01.09-22.05.11:578][  0]LogConfig: Setting CVar [[r.Mobile.EnableStaticAndCSMShadowReceivers:1]]
[2019.01.09-22.05.11:578][  0]LogConfig: Setting CVar [[r.Mobile.EnableMovableLightCSMShaderCulling:1]]
[2019.01.09-22.05.11:578][  0]LogConfig: Setting CVar [[r.Mobile.AllowDistanceFieldShadows:1]]
[2019.01.09-22.05.11:578][  0]LogConfig: Setting CVar [[r.Mobile.AllowMovableDirectionalLights:1]]
[2019.01.09-22.05.11:578][  0]LogConfig: Setting CVar [[r.MobileNumDynamicPointLights:4]]
[2019.01.09-22.05.11:578][  0]LogConfig: Setting CVar [[r.MobileDynamicPointLightsUseStaticBranch:1]]
[2019.01.09-22.05.11:578][  0]LogConfig: Setting CVar [[r.SkinCache.SceneMemoryLimitInMB:128.000000]]
[2019.01.09-22.05.11:578][  0]LogConfig: Setting CVar [[r.GPUSkin.Limit2BoneInfluences:0]]
[2019.01.09-22.05.11:578][  0]LogConfig: Setting CVar [[r.SupportDepthOnlyIndexBuffers:1]]
[2019.01.09-22.05.11:578][  0]LogConfig: Setting CVar [[r.SupportReversedIndexBuffers:1]]
[2019.01.09-22.05.11:578][  0]LogConfig: Setting CVar [[r.SupportMaterialLayers:0]]
[2019.01.09-22.05.11:578][  0]LogConfig: Applying CVar settings from Section [/Script/Engine.RendererOverrideSettings] File [F:/PCBackup/MISC/Unreal Games/Ultimate-New-Age-Fighters/Ultimate_NAF/Saved/Config/Windows/Engine.ini]
[2019.01.09-22.05.11:578][  0]LogConfig: Applying CVar settings from Section [/Script/Engine.StreamingSettings] File [F:/PCBackup/MISC/Unreal Games/Ultimate-New-Age-Fighters/Ultimate_NAF/Saved/Config/Windows/Engine.ini]
[2019.01.09-22.05.11:578][  0]LogConfig: Setting CVar [[s.MinBulkDataSizeForAsyncLoading:131072]]
[2019.01.09-22.05.11:578][  0]LogConfig: Setting CVar [[s.AsyncLoadingThreadEnabled:0]]
[2019.01.09-22.05.11:578][  0]LogConfig: Setting CVar [[s.EventDrivenLoaderEnabled:1]]
[2019.01.09-22.05.11:578][  0]LogConfig: Setting CVar [[s.WarnIfTimeLimitExceeded:0]]
[2019.01.09-22.05.11:578][  0]LogConfig: Setting CVar [[s.TimeLimitExceededMultiplier:1.5]]
[2019.01.09-22.05.11:578][  0]LogConfig: Setting CVar [[s.TimeLimitExceededMinTime:0.005]]
[2019.01.09-22.05.11:578][  0]LogConfig: Setting CVar [[s.UseBackgroundLevelStreaming:1]]
[2019.01.09-22.05.11:578][  0]LogConfig: Setting CVar [[s.PriorityAsyncLoadingExtraTime:15.0]]
[2019.01.09-22.05.11:578][  0]LogConfig: Setting CVar [[s.LevelStreamingActorsUpdateTimeLimit:5.0]]
[2019.01.09-22.05.11:578][  0]LogConfig: Setting CVar [[s.PriorityLevelStreamingActorsUpdateExtraTime:5.0]]
[2019.01.09-22.05.11:578][  0]LogConfig: Setting CVar [[s.LevelStreamingComponentsRegistrationGranularity:10]]
[2019.01.09-22.05.11:578][  0]LogConfig: Setting CVar [[s.UnregisterComponentsTimeLimit:1.0]]
[2019.01.09-22.05.11:578][  0]LogConfig: Setting CVar [[s.LevelStreamingComponentsUnregistrationGranularity:5]]
[2019.01.09-22.05.11:578][  0]LogConfig: Applying CVar settings from Section [/Script/Engine.GarbageCollectionSettings] File [F:/PCBackup/MISC/Unreal Games/Ultimate-New-Age-Fighters/Ultimate_NAF/Saved/Config/Windows/Engine.ini]
[2019.01.09-22.05.11:578][  0]LogConfig: Setting CVar [[gc.MaxObjectsNotConsideredByGC:1]]
[2019.01.09-22.05.11:579][  0]LogConfig: Setting CVar [[gc.SizeOfPermanentObjectPool:0]]
[2019.01.09-22.05.11:579][  0]LogConfig: Setting CVar [[gc.FlushStreamingOnGC:0]]
[2019.01.09-22.05.11:579][  0]LogConfig: Setting CVar [[gc.NumRetriesBeforeForcingGC:10]]
[2019.01.09-22.05.11:579][  0]LogConfig: Setting CVar [[gc.AllowParallelGC:1]]
[2019.01.09-22.05.11:579][  0]LogConfig: Setting CVar [[gc.TimeBetweenPurgingPendingKillObjects:61.1]]
[2019.01.09-22.05.11:579][  0]LogConfig: Setting CVar [[gc.MaxObjectsInEditor:8388607]]
[2019.01.09-22.05.11:579][  0]LogConfig: Setting CVar [[gc.IncrementalBeginDestroyEnabled:1]]
[2019.01.09-22.05.11:579][  0]LogConfig: Setting CVar [[gc.CreateGCClusters:1]]
[2019.01.09-22.05.11:579][  0]LogConfig: Setting CVar [[gc.MergeGCClusters:0]]
[2019.01.09-22.05.11:579][  0]LogConfig: Setting CVar [[gc.MinGCClusterSize:5]]
[2019.01.09-22.05.11:579][  0]LogConfig: Setting CVar [[gc.ActorClusteringEnabled:0]]
[2019.01.09-22.05.11:579][  0]LogConfig: Setting CVar [[gc.BlueprintClusteringEnabled:0]]
[2019.01.09-22.05.11:579][  0]LogConfig: Setting CVar [[gc.UseDisregardForGCOnDedicatedServers:0]]
[2019.01.09-22.05.11:579][  0]LogConfig: Applying CVar settings from Section [/Script/Engine.NetworkSettings] File [F:/PCBackup/MISC/Unreal Games/Ultimate-New-Age-Fighters/Ultimate_NAF/Saved/Config/Windows/Engine.ini]
[2019.01.09-22.05.11:579][  0]LogConfig: Applying CVar settings from Section [/Script/UnrealEd.CookerSettings] File [F:/PCBackup/MISC/Unreal Games/Ultimate-New-Age-Fighters/Ultimate_NAF/Saved/Config/Windows/Engine.ini]
[2019.01.09-22.05.11:590][  0]LogConfig: Applying CVar settings from Section [ViewDistanceQuality@3] File [F:/PCBackup/MISC/Unreal Games/Ultimate-New-Age-Fighters/Ultimate_NAF/Saved/Config/Windows/Scalability.ini]
[2019.01.09-22.05.11:590][  0]LogConfig: Setting CVar [[r.SkeletalMeshLODBias:0]]
[2019.01.09-22.05.11:590][  0]LogConfig: Setting CVar [[r.ViewDistanceScale:1.0]]
[2019.01.09-22.05.11:590][  0]LogConfig: Applying CVar settings from Section [AntiAliasingQuality@3] File [F:/PCBackup/MISC/Unreal Games/Ultimate-New-Age-Fighters/Ultimate_NAF/Saved/Config/Windows/Scalability.ini]
[2019.01.09-22.05.11:590][  0]LogConfig: Setting CVar [[r.PostProcessAAQuality:4]]
[2019.01.09-22.05.11:590][  0]LogConfig: Applying CVar settings from Section [ShadowQuality@3] File [F:/PCBackup/MISC/Unreal Games/Ultimate-New-Age-Fighters/Ultimate_NAF/Saved/Config/Windows/Scalability.ini]
[2019.01.09-22.05.11:590][  0]LogConfig: Setting CVar [[r.LightFunctionQuality:1]]
[2019.01.09-22.05.11:590][  0]LogConfig: Setting CVar [[r.ShadowQuality:5]]
[2019.01.09-22.05.11:590][  0]LogConfig: Setting CVar [[r.Shadow.CSM.MaxCascades:10]]
[2019.01.09-22.05.11:590][  0]LogConfig: Setting CVar [[r.Shadow.MaxResolution:2048]]
[2019.01.09-22.05.11:590][  0]LogConfig: Setting CVar [[r.Shadow.MaxCSMResolution:2048]]
[2019.01.09-22.05.11:590][  0]LogConfig: Setting CVar [[r.Shadow.RadiusThreshold:0.01]]
[2019.01.09-22.05.11:590][  0]LogConfig: Setting CVar [[r.Shadow.DistanceScale:1.0]]
[2019.01.09-22.05.11:590][  0]LogConfig: Setting CVar [[r.Shadow.CSM.TransitionScale:1.0]]
[2019.01.09-22.05.11:590][  0]LogConfig: Setting CVar [[r.Shadow.PreShadowResolutionFactor:1.0]]
[2019.01.09-22.05.11:590][  0]LogConfig: Setting CVar [[r.DistanceFieldShadowing:1]]
[2019.01.09-22.05.11:590][  0]LogConfig: Setting CVar [[r.DistanceFieldAO:1]]
[2019.01.09-22.05.11:590][  0]LogConfig: Setting CVar [[r.AOQuality:2]]
[2019.01.09-22.05.11:590][  0]LogConfig: Setting CVar [[r.VolumetricFog:1]]
[2019.01.09-22.05.11:590][  0]LogConfig: Setting CVar [[r.VolumetricFog.GridPixelSize:8]]
[2019.01.09-22.05.11:590][  0]LogConfig: Setting CVar [[r.VolumetricFog.GridSizeZ:128]]
[2019.01.09-22.05.11:590][  0]LogConfig: Setting CVar [[r.VolumetricFog.HistoryMissSupersampleCount:4]]
[2019.01.09-22.05.11:590][  0]LogConfig: Setting CVar [[r.LightMaxDrawDistanceScale:1]]
[2019.01.09-22.05.11:590][  0]LogConfig: Setting CVar [[r.CapsuleShadows:1]]
[2019.01.09-22.05.11:590][  0]LogConfig: Applying CVar settings from Section [PostProcessQuality@3] File [F:/PCBackup/MISC/Unreal Games/Ultimate-New-Age-Fighters/Ultimate_NAF/Saved/Config/Windows/Scalability.ini]
[2019.01.09-22.05.11:590][  0]LogConfig: Setting CVar [[r.MotionBlurQuality:4]]
[2019.01.09-22.05.11:590][  0]LogConfig: Setting CVar [[r.AmbientOcclusionMipLevelFactor:0.4]]
[2019.01.09-22.05.11:590][  0]LogConfig: Setting CVar [[r.AmbientOcclusionMaxQuality:100]]
[2019.01.09-22.05.11:590][  0]LogConfig: Setting CVar [[r.AmbientOcclusionLevels:-1]]
[2019.01.09-22.05.11:590][  0]LogConfig: Setting CVar [[r.AmbientOcclusionRadiusScale:1.0]]
[2019.01.09-22.05.11:590][  0]LogConfig: Setting CVar [[r.DepthOfFieldQuality:2]]
[2019.01.09-22.05.11:591][  0]LogConfig: Setting CVar [[r.RenderTargetPoolMin:400]]
[2019.01.09-22.05.11:591][  0]LogConfig: Setting CVar [[r.LensFlareQuality:2]]
[2019.01.09-22.05.11:591][  0]LogConfig: Setting CVar [[r.SceneColorFringeQuality:1]]
[2019.01.09-22.05.11:591][  0]LogConfig: Setting CVar [[r.EyeAdaptationQuality:2]]
[2019.01.09-22.05.11:591][  0]LogConfig: Setting CVar [[r.BloomQuality:5]]
[2019.01.09-22.05.11:591][  0]LogConfig: Setting CVar [[r.FastBlurThreshold:100]]
[2019.01.09-22.05.11:591][  0]LogConfig: Setting CVar [[r.Upscale.Quality:3]]
[2019.01.09-22.05.11:591][  0]LogConfig: Setting CVar [[r.Tonemapper.GrainQuantization:1]]
[2019.01.09-22.05.11:591][  0]LogConfig: Setting CVar [[r.LightShaftQuality:1]]
[2019.01.09-22.05.11:591][  0]LogConfig: Setting CVar [[r.Filter.SizeScale:1]]
[2019.01.09-22.05.11:591][  0]LogConfig: Setting CVar [[r.Tonemapper.Quality:5]]
[2019.01.09-22.05.11:591][  0]LogConfig: Setting CVar [[r.DOF.Gather.AccumulatorQuality:1        ; higher gathering accumulator quality]]
[2019.01.09-22.05.11:591][  0]LogConfig: Setting CVar [[r.DOF.Gather.PostfilterMethod:1          ; Median3x3 postfilering method]]
[2019.01.09-22.05.11:591][  0]LogConfig: Setting CVar [[r.DOF.Gather.EnableBokehSettings:0       ; no bokeh simulation when gathering]]
[2019.01.09-22.05.11:591][  0]LogConfig: Setting CVar [[r.DOF.Gather.RingCount:4                 ; medium number of samples when gathering]]
[2019.01.09-22.05.11:591][  0]LogConfig: Setting CVar [[r.DOF.Scatter.ForegroundCompositing:1    ; additive foreground scattering]]
[2019.01.09-22.05.11:591][  0]LogConfig: Setting CVar [[r.DOF.Scatter.BackgroundCompositing:2    ; additive background scattering]]
[2019.01.09-22.05.11:591][  0]LogConfig: Setting CVar [[r.DOF.Scatter.EnableBokehSettings:1      ; bokeh simulation when scattering]]
[2019.01.09-22.05.11:591][  0]LogConfig: Setting CVar [[r.DOF.Scatter.MaxSpriteRatio:0.1         ; only a maximum of 10% of scattered bokeh]]
[2019.01.09-22.05.11:591][  0]LogConfig: Setting CVar [[r.DOF.Recombine.Quality:1                ; cheap slight out of focus]]
[2019.01.09-22.05.11:591][  0]LogConfig: Setting CVar [[r.DOF.Recombine.EnableBokehSettings:0    ; no bokeh simulation on slight out of focus]]
[2019.01.09-22.05.11:591][  0]LogConfig: Setting CVar [[r.DOF.TemporalAAQuality:1                ; more stable temporal accumulation]]
[2019.01.09-22.05.11:591][  0]LogConfig: Setting CVar [[r.DOF.Kernel.MaxForegroundRadius:0.025]]
[2019.01.09-22.05.11:591][  0]LogConfig: Setting CVar [[r.DOF.Kernel.MaxBackgroundRadius:0.025]]
[2019.01.09-22.05.11:591][  0]LogConfig: Applying CVar settings from Section [TextureQuality@3] File [F:/PCBackup/MISC/Unreal Games/Ultimate-New-Age-Fighters/Ultimate_NAF/Saved/Config/Windows/Scalability.ini]
[2019.01.09-22.05.11:591][  0]LogConfig: Setting CVar [[r.Streaming.MipBias:0]]
[2019.01.09-22.05.11:591][  0]LogConfig: Setting CVar [[r.Streaming.AmortizeCPUToGPUCopy:0]]
[2019.01.09-22.05.11:591][  0]LogConfig: Setting CVar [[r.Streaming.MaxNumTexturesToStreamPerFrame:0]]
[2019.01.09-22.05.11:591][  0]LogConfig: Setting CVar [[r.Streaming.Boost:1]]
[2019.01.09-22.05.11:591][  0]LogConfig: Setting CVar [[r.MaxAnisotropy:8]]
[2019.01.09-22.05.11:591][  0]LogConfig: Setting CVar [[r.Streaming.LimitPoolSizeToVRAM:0]]
[2019.01.09-22.05.11:591][  0]LogConfig: Setting CVar [[r.Streaming.PoolSize:1000]]
[2019.01.09-22.05.11:591][  0]LogConfig: Setting CVar [[r.Streaming.MaxEffectiveScreenSize:0]]
[2019.01.09-22.05.11:592][  0]LogConfig: Applying CVar settings from Section [EffectsQuality@3] File [F:/PCBackup/MISC/Unreal Games/Ultimate-New-Age-Fighters/Ultimate_NAF/Saved/Config/Windows/Scalability.ini]
[2019.01.09-22.05.11:592][  0]LogConfig: Setting CVar [[r.TranslucencyLightingVolumeDim:64]]
[2019.01.09-22.05.11:592][  0]LogConfig: Setting CVar [[r.RefractionQuality:2]]
[2019.01.09-22.05.11:592][  0]LogConfig: Setting CVar [[r.SSR.Quality:3]]
[2019.01.09-22.05.11:592][  0]LogConfig: Setting CVar [[r.SceneColorFormat:4]]
[2019.01.09-22.05.11:592][  0]LogConfig: Setting CVar [[r.DetailMode:2]]
[2019.01.09-22.05.11:592][  0]LogConfig: Setting CVar [[r.TranslucencyVolumeBlur:1]]
[2019.01.09-22.05.11:592][  0]LogConfig: Setting CVar [[r.MaterialQualityLevel:1 ; High quality]]
[2019.01.09-22.05.11:592][  0]LogConfig: Setting CVar [[r.SSS.Scale:1]]
[2019.01.09-22.05.11:592][  0]LogConfig: Setting CVar [[r.SSS.SampleSet:2]]
[2019.01.09-22.05.11:592][  0]LogConfig: Setting CVar [[r.SSS.Quality:1]]
[2019.01.09-22.05.11:592][  0]LogConfig: Setting CVar [[r.SSS.HalfRes:1]]
[2019.01.09-22.05.11:592][  0]LogConfig: Setting CVar [[r.EmitterSpawnRateScale:1.0]]
[2019.01.09-22.05.11:592][  0]LogConfig: Setting CVar [[r.ParticleLightQuality:2]]
[2019.01.09-22.05.11:592][  0]LogConfig: Applying CVar settings from Section [FoliageQuality@3] File [F:/PCBackup/MISC/Unreal Games/Ultimate-New-Age-Fighters/Ultimate_NAF/Saved/Config/Windows/Scalability.ini]
[2019.01.09-22.05.11:592][  0]LogConfig: Setting CVar [[foliage.DensityScale:1.0]]
[2019.01.09-22.05.11:592][  0]LogConfig: Setting CVar [[grass.DensityScale:1.0]]
[2019.01.09-22.05.11:592][  0]LogInit: Selected Device Profile: [Windows]
[2019.01.09-22.05.11:592][  0]LogInit: Applying CVar settings loaded from the selected device profile: [Windows]
[2019.01.09-22.05.24:559][  0]LogHAL: Display: Platform has ~ 16 GB [17160523776 / 17179869184 / 16], which maps to Larger [LargestMinGB=32, LargerMinGB=12, DefaultMinGB=8, SmallerMinGB=6, SmallestMinGB=0)
[2019.01.09-22.05.24:559][  0]LogConfig: Setting CVar [[r.Vulkan.UseRealUBs:1]]
[2019.01.09-22.05.24:559][  0]LogInit: Going up to parent DeviceProfile []
[2019.01.09-22.05.24:559][  0]LogConfig: Applying CVar settings from Section [ViewDistanceQuality@3] File [F:/PCBackup/MISC/Unreal Games/Ultimate-New-Age-Fighters/Ultimate_NAF/Saved/Config/Windows/Scalability.ini]
[2019.01.09-22.05.24:559][  0]LogConfig: Setting CVar [[r.SkeletalMeshLODBias:0]]
[2019.01.09-22.05.24:559][  0]LogConfig: Setting CVar [[r.ViewDistanceScale:1.0]]
[2019.01.09-22.05.24:559][  0]LogConfig: Applying CVar settings from Section [AntiAliasingQuality@3] File [F:/PCBackup/MISC/Unreal Games/Ultimate-New-Age-Fighters/Ultimate_NAF/Saved/Config/Windows/Scalability.ini]
[2019.01.09-22.05.24:559][  0]LogConfig: Setting CVar [[r.PostProcessAAQuality:4]]
[2019.01.09-22.05.24:559][  0]LogConfig: Applying CVar settings from Section [ShadowQuality@3] File [F:/PCBackup/MISC/Unreal Games/Ultimate-New-Age-Fighters/Ultimate_NAF/Saved/Config/Windows/Scalability.ini]
[2019.01.09-22.05.24:559][  0]LogConfig: Setting CVar [[r.LightFunctionQuality:1]]
[2019.01.09-22.05.24:559][  0]LogConfig: Setting CVar [[r.ShadowQuality:5]]
[2019.01.09-22.05.24:559][  0]LogConfig: Setting CVar [[r.Shadow.CSM.MaxCascades:10]]
[2019.01.09-22.05.24:559][  0]LogConfig: Setting CVar [[r.Shadow.MaxResolution:2048]]
[2019.01.09-22.05.24:559][  0]LogConfig: Setting CVar [[r.Shadow.MaxCSMResolution:2048]]
[2019.01.09-22.05.24:559][  0]LogConfig: Setting CVar [[r.Shadow.RadiusThreshold:0.01]]
[2019.01.09-22.05.24:559][  0]LogConfig: Setting CVar [[r.Shadow.DistanceScale:1.0]]
[2019.01.09-22.05.24:559][  0]LogConfig: Setting CVar [[r.Shadow.CSM.TransitionScale:1.0]]
[2019.01.09-22.05.24:560][  0]LogConfig: Setting CVar [[r.Shadow.PreShadowResolutionFactor:1.0]]
[2019.01.09-22.05.24:560][  0]LogConfig: Setting CVar [[r.DistanceFieldShadowing:1]]
[2019.01.09-22.05.24:560][  0]LogConfig: Setting CVar [[r.DistanceFieldAO:1]]
[2019.01.09-22.05.24:560][  0]LogConfig: Setting CVar [[r.AOQuality:2]]
[2019.01.09-22.05.24:560][  0]LogConfig: Setting CVar [[r.VolumetricFog:1]]
[2019.01.09-22.05.24:560][  0]LogConfig: Setting CVar [[r.VolumetricFog.GridPixelSize:8]]
[2019.01.09-22.05.24:560][  0]LogConfig: Setting CVar [[r.VolumetricFog.GridSizeZ:128]]
[2019.01.09-22.05.24:560][  0]LogConfig: Setting CVar [[r.VolumetricFog.HistoryMissSupersampleCount:4]]
[2019.01.09-22.05.24:560][  0]LogConfig: Setting CVar [[r.LightMaxDrawDistanceScale:1]]
[2019.01.09-22.05.24:560][  0]LogConfig: Setting CVar [[r.CapsuleShadows:1]]
[2019.01.09-22.05.24:560][  0]LogConfig: Applying CVar settings from Section [PostProcessQuality@3] File [F:/PCBackup/MISC/Unreal Games/Ultimate-New-Age-Fighters/Ultimate_NAF/Saved/Config/Windows/Scalability.ini]
[2019.01.09-22.05.24:560][  0]LogConfig: Setting CVar [[r.MotionBlurQuality:4]]
[2019.01.09-22.05.24:560][  0]LogConfig: Setting CVar [[r.AmbientOcclusionMipLevelFactor:0.4]]
[2019.01.09-22.05.24:560][  0]LogConfig: Setting CVar [[r.AmbientOcclusionMaxQuality:100]]
[2019.01.09-22.05.24:560][  0]LogConfig: Setting CVar [[r.AmbientOcclusionLevels:-1]]
[2019.01.09-22.05.24:560][  0]LogConfig: Setting CVar [[r.AmbientOcclusionRadiusScale:1.0]]
[2019.01.09-22.05.24:560][  0]LogConfig: Setting CVar [[r.DepthOfFieldQuality:2]]
[2019.01.09-22.05.24:560][  0]LogConfig: Setting CVar [[r.RenderTargetPoolMin:400]]
[2019.01.09-22.05.24:560][  0]LogConfig: Setting CVar [[r.LensFlareQuality:2]]
[2019.01.09-22.05.24:560][  0]LogConfig: Setting CVar [[r.SceneColorFringeQuality:1]]
[2019.01.09-22.05.24:560][  0]LogConfig: Setting CVar [[r.EyeAdaptationQuality:2]]
[2019.01.09-22.05.24:560][  0]LogConfig: Setting CVar [[r.BloomQuality:5]]
[2019.01.09-22.05.24:560][  0]LogConfig: Setting CVar [[r.FastBlurThreshold:100]]
[2019.01.09-22.05.24:561][  0]LogConfig: Setting CVar [[r.Upscale.Quality:3]]
[2019.01.09-22.05.24:561][  0]LogConfig: Setting CVar [[r.Tonemapper.GrainQuantization:1]]
[2019.01.09-22.05.24:561][  0]LogConfig: Setting CVar [[r.LightShaftQuality:1]]
[2019.01.09-22.05.24:561][  0]LogConfig: Setting CVar [[r.Filter.SizeScale:1]]
[2019.01.09-22.05.24:561][  0]LogConfig: Setting CVar [[r.Tonemapper.Quality:5]]
[2019.01.09-22.05.24:561][  0]LogConfig: Setting CVar [[r.DOF.Gather.AccumulatorQuality:1        ; higher gathering accumulator quality]]
[2019.01.09-22.05.24:561][  0]LogConfig: Setting CVar [[r.DOF.Gather.PostfilterMethod:1          ; Median3x3 postfilering method]]
[2019.01.09-22.05.24:561][  0]LogConfig: Setting CVar [[r.DOF.Gather.EnableBokehSettings:0       ; no bokeh simulation when gathering]]
[2019.01.09-22.05.24:561][  0]LogConfig: Setting CVar [[r.DOF.Gather.RingCount:4                 ; medium number of samples when gathering]]
[2019.01.09-22.05.24:561][  0]LogConfig: Setting CVar [[r.DOF.Scatter.ForegroundCompositing:1    ; additive foreground scattering]]
[2019.01.09-22.05.24:561][  0]LogConfig: Setting CVar [[r.DOF.Scatter.BackgroundCompositing:2    ; additive background scattering]]
[2019.01.09-22.05.24:561][  0]LogConfig: Setting CVar [[r.DOF.Scatter.EnableBokehSettings:1      ; bokeh simulation when scattering]]
[2019.01.09-22.05.24:561][  0]LogConfig: Setting CVar [[r.DOF.Scatter.MaxSpriteRatio:0.1         ; only a maximum of 10% of scattered bokeh]]
[2019.01.09-22.05.24:561][  0]LogConfig: Setting CVar [[r.DOF.Recombine.Quality:1                ; cheap slight out of focus]]
[2019.01.09-22.05.24:561][  0]LogConfig: Setting CVar [[r.DOF.Recombine.EnableBokehSettings:0    ; no bokeh simulation on slight out of focus]]
[2019.01.09-22.05.24:561][  0]LogConfig: Setting CVar [[r.DOF.TemporalAAQuality:1                ; more stable temporal accumulation]]
[2019.01.09-22.05.24:561][  0]LogConfig: Setting CVar [[r.DOF.Kernel.MaxForegroundRadius:0.025]]
[2019.01.09-22.05.24:561][  0]LogConfig: Setting CVar [[r.DOF.Kernel.MaxBackgroundRadius:0.025]]
[2019.01.09-22.05.24:561][  0]LogConfig: Applying CVar settings from Section [TextureQuality@3] File [F:/PCBackup/MISC/Unreal Games/Ultimate-New-Age-Fighters/Ultimate_NAF/Saved/Config/Windows/Scalability.ini]
[2019.01.09-22.05.24:562][  0]LogConfig: Setting CVar [[r.Streaming.MipBias:0]]
[2019.01.09-22.05.24:562][  0]LogConfig: Setting CVar [[r.Streaming.AmortizeCPUToGPUCopy:0]]
[2019.01.09-22.05.24:562][  0]LogConfig: Setting CVar [[r.Streaming.MaxNumTexturesToStreamPerFrame:0]]
[2019.01.09-22.05.24:562][  0]LogConfig: Setting CVar [[r.Streaming.Boost:1]]
[2019.01.09-22.05.24:562][  0]LogConfig: Setting CVar [[r.MaxAnisotropy:8]]
[2019.01.09-22.05.24:562][  0]LogConfig: Setting CVar [[r.Streaming.LimitPoolSizeToVRAM:0]]
[2019.01.09-22.05.24:562][  0]LogConfig: Setting CVar [[r.Streaming.PoolSize:1000]]
[2019.01.09-22.05.24:562][  0]LogConfig: Setting CVar [[r.Streaming.MaxEffectiveScreenSize:0]]
[2019.01.09-22.05.24:562][  0]LogConfig: Applying CVar settings from Section [EffectsQuality@3] File [F:/PCBackup/MISC/Unreal Games/Ultimate-New-Age-Fighters/Ultimate_NAF/Saved/Config/Windows/Scalability.ini]
[2019.01.09-22.05.24:562][  0]LogConfig: Setting CVar [[r.TranslucencyLightingVolumeDim:64]]
[2019.01.09-22.05.24:562][  0]LogConfig: Setting CVar [[r.RefractionQuality:2]]
[2019.01.09-22.05.24:562][  0]LogConfig: Setting CVar [[r.SSR.Quality:3]]
[2019.01.09-22.05.24:562][  0]LogConfig: Setting CVar [[r.SceneColorFormat:4]]
[2019.01.09-22.05.24:562][  0]LogConfig: Setting CVar [[r.DetailMode:2]]
[2019.01.09-22.05.24:562][  0]LogConfig: Setting CVar [[r.TranslucencyVolumeBlur:1]]
[2019.01.09-22.05.24:562][  0]LogConfig: Setting CVar [[r.MaterialQualityLevel:1 ; High quality]]
[2019.01.09-22.05.24:562][  0]LogConfig: Setting CVar [[r.SSS.Scale:1]]
[2019.01.09-22.05.24:562][  0]LogConfig: Setting CVar [[r.SSS.SampleSet:2]]
[2019.01.09-22.05.24:562][  0]LogConfig: Setting CVar [[r.SSS.Quality:1]]
[2019.01.09-22.05.24:562][  0]LogConfig: Setting CVar [[r.SSS.HalfRes:1]]
[2019.01.09-22.05.24:562][  0]LogConfig: Setting CVar [[r.EmitterSpawnRateScale:1.0]]
[2019.01.09-22.05.24:562][  0]LogConfig: Setting CVar [[r.ParticleLightQuality:2]]
[2019.01.09-22.05.24:562][  0]LogConfig: Applying CVar settings from Section [FoliageQuality@3] File [F:/PCBackup/MISC/Unreal Games/Ultimate-New-Age-Fighters/Ultimate_NAF/Saved/Config/Windows/Scalability.ini]
[2019.01.09-22.05.24:562][  0]LogConfig: Setting CVar [[foliage.DensityScale:1.0]]
[2019.01.09-22.05.24:562][  0]LogConfig: Setting CVar [[grass.DensityScale:1.0]]
[2019.01.09-22.05.24:562][  0]LogConfig: Applying CVar settings from Section [Startup] File [../../../Engine/Config/ConsoleVariables.ini]
[2019.01.09-22.05.24:563][  0]LogConfig: Setting CVar [[net.UseAdaptiveNetUpdateFrequency:0]]
[2019.01.09-22.05.24:563][  0]LogConfig: Applying CVar settings from Section [ConsoleVariables] File [F:/PCBackup/MISC/Unreal Games/Ultimate-New-Age-Fighters/Ultimate_NAF/Saved/Config/Windows/Engine.ini]
[2019.01.09-22.05.24:563][  0]LogInit: Computer: DESKTOP-MARKS
[2019.01.09-22.05.24:563][  0]LogInit: User: Mark
[2019.01.09-22.05.24:563][  0]LogInit: CPU Page size=4096, Cores=3
[2019.01.09-22.05.24:563][  0]LogInit: High frequency timer resolution =3.433159 MHz
[2019.01.09-22.05.24:563][  0]LogMemory: Memory total: Physical=16.0GB (16GB approx)
[2019.01.09-22.05.24:563][  0]LogMemory: Platform Memory Stats for Windows
[2019.01.09-22.05.24:563][  0]LogMemory: Process Physical Memory: 103.11 MB used, 103.11 MB peak
[2019.01.09-22.05.24:563][  0]LogMemory: Process Virtual Memory: 86.43 MB used, 86.43 MB peak
[2019.01.09-22.05.24:564][  0]LogMemory: Physical Memory: 6275.62 MB used,  10089.93 MB free, 16365.55 MB total
[2019.01.09-22.05.24:564][  0]LogMemory: Virtual Memory: 4630.29 MB used,  134213096.00 MB free, 134217728.00 MB total
[2019.01.09-22.05.24:605][  0]LogInit: Using OS detected language (en-US).
[2019.01.09-22.05.24:605][  0]LogInit: Using OS detected locale (en-AU).
[2019.01.09-22.05.24:607][  0]LogTextLocalizationManager: No specific localization for 'en-US' exists, so the 'en' localization will be used.
[2019.01.09-22.05.25:316][  0]LogStreaming: Display: Took  0.712s to InitEngineTextLocalization.
[2019.01.09-22.05.25:317][  0]LogInit: Setting process to per monitor DPI aware
[2019.01.09-22.05.25:365][  0]LogSlate: New Slate User Created.  User Index 0, Is Virtual User: 0
[2019.01.09-22.05.25:365][  0]LogSlate: Slate User Registered.  User Index 0, Is Virtual User: 0
[2019.01.09-22.05.25:801][  0]LogHMD: Failed to initialize OpenVR with code 110
[2019.01.09-22.05.25:801][  0]LogD3D11RHI: D3D11 adapters:
[2019.01.09-22.05.25:916][  0]LogD3D11RHI:    0. 'NVIDIA GeForce GTX 1050 Ti' (Feature Level 11_0)
[2019.01.09-22.05.25:916][  0]LogD3D11RHI:       4018/0/8182 MB DedicatedVideo/DedicatedSystem/SharedSystem, Outputs:2, VendorId:0x10de
[2019.01.09-22.05.25:919][  0]LogD3D11RHI:    1. 'Microsoft Basic Render Driver' (Feature Level 11_0)
[2019.01.09-22.05.25:919][  0]LogD3D11RHI:       0/0/8182 MB DedicatedVideo/DedicatedSystem/SharedSystem, Outputs:0, VendorId:0x1414
[2019.01.09-22.05.25:919][  0]LogD3D11RHI: Chosen D3D11 Adapter: 0
[2019.01.09-22.05.25:931][  0]LogD3D11RHI: Creating new Direct3DDevice
[2019.01.09-22.05.25:931][  0]LogD3D11RHI:     GPU DeviceId: 0x1c82 (for the marketing name, search the web for "GPU Device Id")
[2019.01.09-22.05.25:931][  0]LogWindows: EnumDisplayDevices:
[2019.01.09-22.05.25:931][  0]LogWindows:    0. 'NVIDIA GeForce GTX 1050 Ti' (P:1 D:1)
[2019.01.09-22.05.25:931][  0]LogWindows:    1. 'NVIDIA GeForce GTX 1050 Ti' (P:0 D:1)
[2019.01.09-22.05.25:932][  0]LogWindows:    2. 'NVIDIA GeForce GTX 1050 Ti' (P:0 D:0)
[2019.01.09-22.05.25:933][  0]LogWindows:    3. 'NVIDIA GeForce GTX 1050 Ti' (P:0 D:0)
[2019.01.09-22.05.25:933][  0]LogWindows: DebugString: FoundDriverCount:4 
[2019.01.09-22.05.25:933][  0]LogD3D11RHI:     Adapter Name: NVIDIA GeForce GTX 1050 Ti
[2019.01.09-22.05.25:933][  0]LogD3D11RHI:   Driver Version: 417.35 (internal:25.21.14.1735, unified:417.35)
[2019.01.09-22.05.25:933][  0]LogD3D11RHI:      Driver Date: 12-11-2018
[2019.01.09-22.05.25:933][  0]LogRHI: Texture pool is 2812 MB (70% of 4018 MB)
[2019.01.09-22.05.26:019][  0]LogD3D11RHI: Async texture creation enabled
[2019.01.09-22.05.26:043][  0]LogD3D11RHI: GPU Timing Frequency: 1000.000000 (Debug: 2 2)
[2019.01.09-22.05.26:729][  0]LogTemp: Display: Loaded TP AllDesktopTargetPlatform
[2019.01.09-22.05.26:759][  0]LogTemp: Display: Loaded TP MacClientTargetPlatform
[2019.01.09-22.05.26:789][  0]LogTemp: Display: Loaded TP MacNoEditorTargetPlatform
[2019.01.09-22.05.26:819][  0]LogTemp: Display: Loaded TP MacServerTargetPlatform
[2019.01.09-22.05.26:849][  0]LogTemp: Display: Loaded TP MacTargetPlatform
[2019.01.09-22.05.26:873][  0]LogTemp: Display: Loaded TP WindowsClientTargetPlatform
[2019.01.09-22.05.26:902][  0]LogTemp: Display: Loaded TP WindowsNoEditorTargetPlatform
[2019.01.09-22.05.26:931][  0]LogTemp: Display: Loaded TP WindowsServerTargetPlatform
[2019.01.09-22.05.26:943][  0]LogTemp: Display: Loaded TP WindowsTargetPlatform
[2019.01.09-22.05.27:100][  0]LogTemp: Display: Loaded TP AndroidTargetPlatform
[2019.01.09-22.05.27:100][  0]LogTemp: Display: Loaded TP AndroidTargetPlatform
[2019.01.09-22.05.27:100][  0]LogTemp: Display: Loaded TP AndroidTargetPlatform
[2019.01.09-22.05.27:100][  0]LogTemp: Display: Loaded TP AndroidTargetPlatform
[2019.01.09-22.05.27:100][  0]LogTemp: Display: Loaded TP AndroidTargetPlatform
[2019.01.09-22.05.27:100][  0]LogTemp: Display: Loaded TP AndroidTargetPlatform
[2019.01.09-22.05.27:101][  0]LogTemp: Display: Loaded TP AndroidTargetPlatform
[2019.01.09-22.05.27:101][  0]LogTemp: Display: Loaded TP AndroidTargetPlatform
[2019.01.09-22.05.27:101][  0]LogTemp: Display: Loaded TP AndroidTargetPlatform
[2019.01.09-22.05.27:101][  0]LogTemp: Display: Loaded TP AndroidTargetPlatform
[2019.01.09-22.05.27:101][  0]LogTemp: Display: Loaded TP AndroidTargetPlatform
[2019.01.09-22.05.27:101][  0]LogTemp: Display: Loaded TP AndroidTargetPlatform
[2019.01.09-22.05.27:101][  0]LogTemp: Display: Loaded TP AndroidTargetPlatform
[2019.01.09-22.05.27:101][  0]LogTemp: Display: Loaded TP AndroidTargetPlatform
[2019.01.09-22.05.27:101][  0]LogTemp: Display: Loaded TP AndroidTargetPlatform
[2019.01.09-22.05.27:101][  0]LogTemp: Display: Loaded TP AndroidTargetPlatform
[2019.01.09-22.05.27:101][  0]LogTemp: Display: Loaded TP AndroidTargetPlatform
[2019.01.09-22.05.27:101][  0]LogTemp: Display: Loaded TP AndroidTargetPlatform
[2019.01.09-22.05.27:104][  0]LogTemp: Display: Loaded TP HTML5TargetPlatform
[2019.01.09-22.05.27:193][  0]LogTemp: Display: Loaded TP IOSTargetPlatform
[2019.01.09-22.05.27:193][  0]LogTemp: Display: Loaded TP IOSTargetPlatform
[2019.01.09-22.05.27:241][  0]LogTemp: Display: Loaded TP TVOSTargetPlatform
[2019.01.09-22.05.27:241][  0]LogTemp: Display: Loaded TP TVOSTargetPlatform
[2019.01.09-22.05.27:268][  0]LogTemp: Display: Loaded TP LinuxClientTargetPlatform
[2019.01.09-22.05.27:294][  0]LogTemp: Display: Loaded TP LinuxNoEditorTargetPlatform
[2019.01.09-22.05.27:320][  0]LogTemp: Display: Loaded TP LinuxServerTargetPlatform
[2019.01.09-22.05.27:345][  0]LogTemp: Display: Loaded TP LinuxTargetPlatform
[2019.01.09-22.05.27:452][  0]LogTemp: Display: Loaded TP LuminTargetPlatform
[2019.01.09-22.05.27:452][  0]LogTemp: Display: Loaded TP LuminTargetPlatform
[2019.01.09-22.05.27:452][  0]LogTargetPlatformManager: Display: Building Assets For Windows
[2019.01.09-22.05.27:562][  0]LogShaderCompilers: Guid format shader working directory is -23 characters bigger than the processId version (F:/PCBackup/MISC/Unreal Games/Ultimate-New-Age-Fighters/Ultimate_NAF/Intermediate/Shaders/WorkingDirectory/9332/).
[2019.01.09-22.05.27:562][  0]LogShaderCompilers: Cleaned the shader compiler working directory 'C:/Users/Mark/AppData/Local/Temp/UnrealShaderWorkingDir/707AEA104236696BD2B57891B5DD8F43/'.
[2019.01.09-22.05.27:566][  0]LogXGEController: Cannot use XGE Controller as Incredibuild is not installed on this machine.
[2019.01.09-22.05.27:567][  0]LogShaderCompilers: Cannot use XGE Shader Compiler as Incredibuild is not installed on this machine.
[2019.01.09-22.05.27:567][  0]LogShaderCompilers: Display: Using Local Shader Compiler.
[2019.01.09-22.05.28:715][  0]LogDerivedDataCache: Display: Max Cache Size: 512 MB
[2019.01.09-22.05.28:822][  0]LogDerivedDataCache: Loaded boot cache 0.11s 71MB C:/Users/Mark/AppData/Local/UnrealEngine/4.21/DerivedDataCache/Boot.ddc.
[2019.01.09-22.05.28:823][  0]LogDerivedDataCache: Display: Loaded Boot cache: C:/Users/Mark/AppData/Local/UnrealEngine/4.21/DerivedDataCache/Boot.ddc
[2019.01.09-22.05.28:823][  0]LogDerivedDataCache: FDerivedDataBackendGraph:  Pak pak cache file F:/PCBackup/MISC/Unreal Games/Ultimate-New-Age-Fighters/Ultimate_NAF/DerivedDataCache/DDC.ddp not found, will not use a pak cache.
[2019.01.09-22.05.28:823][  0]LogDerivedDataCache: Unable to find inner node Pak for hierarchical cache Hierarchy.
[2019.01.09-22.05.28:823][  0]LogDerivedDataCache: FDerivedDataBackendGraph:  CompressedPak pak cache file F:/PCBackup/MISC/Unreal Games/Ultimate-New-Age-Fighters/Ultimate_NAF/DerivedDataCache/Compressed.ddp not found, will not use a pak cache.
[2019.01.09-22.05.28:823][  0]LogDerivedDataCache: Unable to find inner node CompressedPak for hierarchical cache Hierarchy.
[2019.01.09-22.05.28:856][  0]LogDerivedDataCache: Display: Pak cache opened for reading ../../../Engine/DerivedDataCache/Compressed.ddp.
[2019.01.09-22.05.28:856][  0]LogDerivedDataCache: FDerivedDataBackendGraph:  EnterprisePak pak cache file ../../../Enterprise/DerivedDataCache/Compressed.ddp not found, will not use a pak cache.
[2019.01.09-22.05.28:856][  0]LogDerivedDataCache: Unable to find inner node EnterprisePak for hierarchical cache Hierarchy.
[2019.01.09-22.05.28:869][  0]LogDerivedDataCache: Using Local data cache path C:/Users/Mark/AppData/Local/UnrealEngine/Common/DerivedDataCache: Writable
[2019.01.09-22.05.28:869][  0]LogDerivedDataCache: Shared data cache path not found in *engine.ini, will not use an Shared cache.
[2019.01.09-22.05.28:869][  0]LogDerivedDataCache: Unable to find inner node Shared for hierarchical cache Hierarchy.
[2019.01.09-22.05.28:923][  0]LogMaterial: Verifying Global Shaders for PCD3D_SM5
[2019.01.09-22.05.28:926][  0]LogSlate: Using FreeType 2.6.0
[2019.01.09-22.05.28:927][  0]LogSlate: SlateFontServices - WITH_FREETYPE: 1, WITH_HARFBUZZ: 1
[2019.01.09-22.05.29:076][  0]LogAssetRegistry: FAssetRegistry took 0.0464 seconds to start up
[2019.01.09-22.05.29:891][  0]LogInit: Selected Device Profile: [Windows]
[2019.01.09-22.05.30:046][  0]LogSimplygon: Simplygon DLL not present - disabling.
[2019.01.09-22.05.30:053][  0]LogMeshReduction: Using SimplygonSwarm for distributed automatic mesh merging
[2019.01.09-22.05.30:053][  0]LogMeshReduction: Using ProxyLODMeshReduction for automatic mesh merging
[2019.01.09-22.05.30:053][  0]LogMeshReduction: Using QuadricMeshReduction for automatic static mesh reduction
[2019.01.09-22.05.30:053][  0]LogMeshReduction: No automatic skeletal mesh reduction module available
[2019.01.09-22.05.30:219][  0]LogNetVersion: Ultimate_NAF 1.0.0, NetCL: 4541578, EngineNetVer: 5, GameNetVer: 0 (Checksum: 2550955653)
[2019.01.09-22.09.29:689][  0]LogPackageLocalizationCache: Processed 11 localized package path(s) for 2 prioritized culture(s) in 219.393087 seconds
[2019.01.09-22.09.29:700][  0]LogUObjectArray: 39775 objects as part of root set at end of initial load.
[2019.01.09-22.09.29:700][  0]LogUObjectAllocator: 6914664 out of 0 bytes used by permanent object pool.
[2019.01.09-22.09.29:700][  0]LogUObjectArray: CloseDisregardForGC: 0/0 objects in disregard for GC pool
[2019.01.09-22.09.38:549][  0]LogTcpMessaging: Initializing TcpMessaging bridge
[2019.01.09-22.09.38:564][  0]LogUdpMessaging: Initializing bridge on interface 0.0.0.0:0 to multicast group 230.0.0.1:6666.
[2019.01.09-22.09.42:337][  0]SourceControl: Source control is disabled
[2019.01.09-22.09.42:337][  0]SourceControl: Source control is disabled
[2019.01.09-22.09.42:341][  0]SourceControl: Source control is disabled
[2019.01.09-22.09.42:344][  0]SourceControl: Source control is disabled
[2019.01.09-22.09.56:153][  0]LogAndroidPermission: UAndroidPermissionCallbackProxy::GetInstance
[2019.01.09-22.09.56:430][  0]LogOcInput: OculusInput pre-init called
[2019.01.09-22.09.56:651][  0]LogEngine: Initializing Engine...
[2019.01.09-22.09.56:654][  0]LogHMD: Failed to initialize OpenVR with code 110
[2019.01.09-22.09.56:658][  0]LogStats: UGameplayTagsManager::ConstructGameplayTagTree: ImportINI prefixes -  0.000 s
[2019.01.09-22.09.56:658][  0]LogStats: UGameplayTagsManager::ConstructGameplayTagTree: Construct from data asset -  0.000 s
[2019.01.09-22.09.56:659][  0]LogStats: UGameplayTagsManager::ConstructGameplayTagTree: ImportINI -  0.000 s
[2019.01.09-22.09.56:659][  0]LogStats: UGameplayTagsManager::ConstructGameplayTagTree: GameplayTagTreeChangedEvent.Broadcast -  0.000 s
[2019.01.09-22.09.57:153][  0]LogInit: Initializing FReadOnlyCVARCache
[2019.01.09-22.09.57:177][  0]LogAIModule: Creating AISystem for world Untitled
[2019.01.09-22.09.57:408][  0]LogInit: XAudio2 using 'VoiceMeeter Input (VB-Audio VoiceMeeter VAIO)' : 2 channels at 48 kHz using 16 bits per sample (channel mask 0x3)
[2019.01.09-22.09.57:429][  0]LogInit: FAudioDevice initialized.
[2019.01.09-22.09.57:431][  0]LogNetVersion: Set ProjectVersion to 1.0.0.0. Version Checksum will be recalculated on next use.
[2019.01.09-22.09.57:678][  0]LogDerivedDataCache: Saved boot cache 0.25s 71MB C:/Users/Mark/AppData/Local/UnrealEngine/4.21/DerivedDataCache/Boot.ddc.
[2019.01.09-22.09.57:689][  0]LogInit: Texture streaming: Enabled
[2019.01.09-22.09.57:732][  0]LogEngineSessionManager: EngineSessionManager initialized
[2019.01.09-22.09.57:733][  0]LogEngineSessionManager: EngineSessionManager sent abnormal shutdown report. Type=AbnormalShutdown, SessionId={F61EC335-42FD-B88A-8EF3-4889378335DA}
[2019.01.09-22.09.57:765][  0]LogInit: Transaction tracking system initialized
[2019.01.09-22.09.58:245][  0]BlueprintLog: New page: Editor Load
[2019.01.09-22.10.04:208][  0]LocalizationService: Localization service is disabled
[2019.01.09-22.11.14:367][  0]LogCook: Display: Max memory allowance for cook 16384mb min free memory 0mb
[2019.01.09-22.11.14:367][  0]LogCook: Display: Mobile HDR setting 1
[2019.01.09-22.11.14:367][  0]LogGameplayTags: Display: UGameplayTagsManager::DoneAddingNativeTags. DelegateIsBound: 0
[2019.01.09-22.11.14:367][  0]LogStats: UGameplayTagsManager::ConstructGameplayTagTree: ImportINI prefixes -  0.000 s
[2019.01.09-22.11.14:368][  0]LogStats: UGameplayTagsManager::ConstructGameplayTagTree: Construct from data asset -  0.000 s
[2019.01.09-22.11.14:368][  0]LogStats: UGameplayTagsManager::ConstructGameplayTagTree: ImportINI -  0.000 s
[2019.01.09-22.11.14:368][  0]LogStats: UGameplayTagsManager::ConstructGameplayTagTree: GameplayTagTreeChangedEvent.Broadcast -  0.000 s
[2019.01.09-22.11.14:621][  0]SourceControl: Source control is disabled
[2019.01.09-22.11.14:623][  0]LogFactory: FactoryCreateFile: PackFactory with PackFactory (0 0 E:/Program Files/Epic Games/UE_4.21/FeaturePacks/StarterContent.upack)
[2019.01.09-22.11.14:636][  0]LogPackFactory: Finished extracting 8 files (including 0 errors).
[2019.01.09-22.11.14:864][  0]LogFileCache: Scanning file cache for directory 'F:/PCBackup/MISC/Unreal Games/Ultimate-New-Age-Fighters/Ultimate_NAF/Content/' took 0.44s
[2019.01.09-22.11.14:864][  0]LogPackFactory: Copied "../../../Samples/StarterContent/Content/StarterContent/Architecture/Floor_400x400.uasset" to "F:/PCBackup/MISC/Unreal Games/Ultimate-New-Age-Fighters/Ultimate_NAF/Content/StarterContent/Architecture/Floor_400x400.uasset"
[2019.01.09-22.11.15:701][  0]LogPackFactory: Copied "../../../Samples/StarterContent/Content/StarterContent/Architecture/Pillar_50x500.uasset" to "F:/PCBackup/MISC/Unreal Games/Ultimate-New-Age-Fighters/Ultimate_NAF/Content/StarterContent/Architecture/Pillar_50x500.uasset"
[2019.01.09-22.11.16:360][  0]LogPackFactory: Copied "../../../Samples/StarterContent/Content/StarterContent/Architecture/SM_AssetPlatform.uasset" to "F:/PCBackup/MISC/Unreal Games/Ultimate-New-Age-Fighters/Ultimate_NAF/Content/StarterContent/Architecture/SM_AssetPlatform.uasset"
[2019.01.09-22.11.17:642][  0]LogPackFactory: Copied "../../../Samples/StarterContent/Content/StarterContent/Architecture/Wall_400x200.uasset" to "F:/PCBackup/MISC/Unreal Games/Ultimate-New-Age-Fighters/Ultimate_NAF/Content/StarterContent/Architecture/Wall_400x200.uasset"
[2019.01.09-22.11.17:758][  0]LogPackFactory: Copied "../../../Samples/StarterContent/Content/StarterContent/Architecture/Wall_400x300.uasset" to "F:/PCBackup/MISC/Unreal Games/Ultimate-New-Age-Fighters/Ultimate_NAF/Content/StarterContent/Architecture/Wall_400x300.uasset"
[2019.01.09-22.11.19:951][  0]LogPackFactory: Copied "../../../Samples/StarterContent/Content/StarterContent/Architecture/Wall_400x400.uasset" to "F:/PCBackup/MISC/Unreal Games/Ultimate-New-Age-Fighters/Ultimate_NAF/Content/StarterContent/Architecture/Wall_400x400.uasset"
[2019.01.09-22.11.20:191][  0]LogPackFactory: Copied "../../../Samples/StarterContent/Content/StarterContent/Architecture/Wall_500x500.uasset" to "F:/PCBackup/MISC/Unreal Games/Ultimate-New-Age-Fighters/Ultimate_NAF/Content/StarterContent/Architecture/Wall_500x500.uasset"
[2019.01.09-22.11.20:356][  0]LogPackFactory: Copied "../../../Samples/StarterContent/Content/StarterContent/Architecture/Wall_Door_400x300.uasset" to "F:/PCBackup/MISC/Unreal Games/Ultimate-New-Age-Fighters/Ultimate_NAF/Content/StarterContent/Architecture/Wall_Door_400x300.uasset"
[2019.01.09-22.11.20:468][  0]LogPackFactory: Copied "../../../Samples/StarterContent/Content/StarterContent/Architecture/Wall_Door_400x400.uasset" to "F:/PCBackup/MISC/Unreal Games/Ultimate-New-Age-Fighters/Ultimate_NAF/Content/StarterContent/Architecture/Wall_Door_400x400.uasset"
[2019.01.09-22.11.20:891][  0]LogPackFactory: Copied "../../../Samples/StarterContent/Content/StarterContent/Architecture/Wall_Window_400x300.uasset" to "F:/PCBackup/MISC/Unreal Games/Ultimate-New-Age-Fighters/Ultimate_NAF/Content/StarterContent/Architecture/Wall_Window_400x300.uasset"
[2019.01.09-22.11.22:085][  0]LogPackFactory: Copied "../../../Samples/StarterContent/Content/StarterContent/Architecture/Wall_Window_400x400.uasset" to "F:/PCBackup/MISC/Unreal Games/Ultimate-New-Age-Fighters/Ultimate_NAF/Content/StarterContent/Architecture/Wall_Window_400x400.uasset"
[2019.01.09-22.11.23:279][  0]LogPackFactory: Copied "../../../Samples/StarterContent/Content/StarterContent/Audio/Collapse01.uasset" to "F:/PCBackup/MISC/Unreal Games/Ultimate-New-Age-Fighters/Ultimate_NAF/Content/StarterContent/Audio/Collapse01.uasset"
[2019.01.09-22.11.23:891][  0]LogPackFactory: Copied "../../../Samples/StarterContent/Content/StarterContent/Audio/Collapse02.uasset" to "F:/PCBackup/MISC/Unreal Games/Ultimate-New-Age-Fighters/Ultimate_NAF/Content/StarterContent/Audio/Collapse02.uasset"
[2019.01.09-22.11.25:210][  0]LogPackFactory: Copied "../../../Samples/StarterContent/Content/StarterContent/Audio/Collapse_Cue.uasset" to "F:/PCBackup/MISC/Unreal Games/Ultimate-New-Age-Fighters/Ultimate_NAF/Content/StarterContent/Audio/Collapse_Cue.uasset"
[2019.01.09-22.11.28:135][  0]LogPackFactory: Copied "../../../Samples/StarterContent/Content/StarterContent/Audio/Explosion01.uasset" to "F:/PCBackup/MISC/Unreal Games/Ultimate-New-Age-Fighters/Ultimate_NAF/Content/StarterContent/Audio/Explosion01.uasset"
[2019.01.09-22.11.28:623][  0]LogPackFactory: Copied "../../../Samples/StarterContent/Content/StarterContent/Audio/Explosion02.uasset" to "F:/PCBackup/MISC/Unreal Games/Ultimate-New-Age-Fighters/Ultimate_NAF/Content/StarterContent/Audio/Explosion02.uasset"
[2019.01.09-22.11.31:014][  0]LogPackFactory: Copied "../../../Samples/StarterContent/Content/StarterContent/Audio/Explosion_Cue.uasset" to "F:/PCBackup/MISC/Unreal Games/Ultimate-New-Age-Fighters/Ultimate_NAF/Content/StarterContent/Audio/Explosion_Cue.uasset"
[2019.01.09-22.11.31:849][  0]LogPackFactory: Copied "../../../Samples/StarterContent/Content/StarterContent/Audio/Fire01.uasset" to "F:/PCBackup/MISC/Unreal Games/Ultimate-New-Age-Fighters/Ultimate_NAF/Content/StarterContent/Audio/Fire01.uasset"
[2019.01.09-22.11.31:894][  0]LogPackFactory: Copied "../../../Samples/StarterContent/Content/StarterContent/Audio/Fire01_Cue.uasset" to "F:/PCBackup/MISC/Unreal Games/Ultimate-New-Age-Fighters/Ultimate_NAF/Content/StarterContent/Audio/Fire01_Cue.uasset"
[2019.01.09-22.11.35:874][  0]LogPackFactory: Copied "../../../Samples/StarterContent/Content/StarterContent/Audio/Fire_Sparks01.uasset" to "F:/PCBackup/MISC/Unreal Games/Ultimate-New-Age-Fighters/Ultimate_NAF/Content/StarterContent/Audio/Fire_Sparks01.uasset"
[2019.01.09-22.11.35:950][  0]LogPackFactory: Copied "../../../Samples/StarterContent/Content/StarterContent/Audio/Fire_Sparks01_Cue.uasset" to "F:/PCBackup/MISC/Unreal Games/Ultimate-New-Age-Fighters/Ultimate_NAF/Content/StarterContent/Audio/Fire_Sparks01_Cue.uasset"
[2019.01.09-22.11.42:701][  0]LogPackFactory: Copied "../../../Samples/StarterContent/Content/StarterContent/Audio/Light01.uasset" to "F:/PCBackup/MISC/Unreal Games/Ultimate-New-Age-Fighters/Ultimate_NAF/Content/StarterContent/Audio/Light01.uasset"
[2019.01.09-22.11.42:770][  0]LogPackFactory: Copied "../../../Samples/StarterContent/Content/StarterContent/Audio/Light01_Cue.uasset" to "F:/PCBackup/MISC/Unreal Games/Ultimate-New-Age-Fighters/Ultimate_NAF/Content/StarterContent/Audio/Light01_Cue.uasset"
[2019.01.09-22.11.47:485][  0]LogPackFactory: Copied "../../../Samples/StarterContent/Content/StarterContent/Audio/Light02.uasset" to "F:/PCBackup/MISC/Unreal Games/Ultimate-New-Age-Fighters/Ultimate_NAF/Content/StarterContent/Audio/Light02.uasset"
[2019.01.09-22.11.48:650][  0]LogPackFactory: Copied "../../../Samples/StarterContent/Content/StarterContent/Audio/Light02_Cue.uasset" to "F:/PCBackup/MISC/Unreal Games/Ultimate-New-Age-Fighters/Ultimate_NAF/Content/StarterContent/Audio/Light02_Cue.uasset"
[2019.01.09-22.11.53:260][  0]LogPackFactory: Copied "../../../Samples/StarterContent/Content/StarterContent/Audio/Smoke01.uasset" to "F:/PCBackup/MISC/Unreal Games/Ultimate-New-Age-Fighters/Ultimate_NAF/Content/StarterContent/Audio/Smoke01.uasset"
[2019.01.09-22.11.53:353][  0]LogPackFactory: Copied "../../../Samples/StarterContent/Content/StarterContent/Audio/Smoke01_Cue.uasset" to "F:/PCBackup/MISC/Unreal Games/Ultimate-New-Age-Fighters/Ultimate_NAF/Content/StarterContent/Audio/Smoke01_Cue.uasset"
[2019.01.09-22.11.53:442][  0]LogPackFactory: Copied "../../../Samples/StarterContent/Content/StarterContent/Audio/Starter_Background_Cue.uasset" to "F:/PCBackup/MISC/Unreal Games/Ultimate-New-Age-Fighters/Ultimate_NAF/Content/StarterContent/Audio/Starter_Background_Cue.uasset"
[2019.01.09-22.12.06:167][  0]LogPackFactory: Copied "../../../Samples/StarterContent/Content/StarterContent/Audio/Starter_Birds01.uasset" to "F:/PCBackup/MISC/Unreal Games/Ultimate-New-Age-Fighters/Ultimate_NAF/Content/StarterContent/Audio/Starter_Birds01.uasset"
[2019.01.09-22.12.26:080][  0]LogPackFactory: Copied "../../../Samples/StarterContent/Content/StarterContent/Audio/Starter_Music01.uasset" to "F:/PCBackup/MISC/Unreal Games/Ultimate-New-Age-Fighters/Ultimate_NAF/Content/StarterContent/Audio/Starter_Music01.uasset"
[2019.01.09-22.12.26:144][  0]LogPackFactory: Copied "../../../Samples/StarterContent/Content/StarterContent/Audio/Starter_Music_Cue.uasset" to "F:/PCBackup/MISC/Unreal Games/Ultimate-New-Age-Fighters/Ultimate_NAF/Content/StarterContent/Audio/Starter_Music_Cue.uasset"
[2019.01.09-22.12.36:444][  0]LogPackFactory: Copied "../../../Samples/StarterContent/Content/StarterContent/Audio/Starter_Wind05.uasset" to "F:/PCBackup/MISC/Unreal Games/Ultimate-New-Age-Fighters/Ultimate_NAF/Content/StarterContent/Audio/Starter_Wind05.uasset"
[2019.01.09-22.12.46:010][  0]LogPackFactory: Copied "../../../Samples/StarterContent/Content/StarterContent/Audio/Starter_Wind06.uasset" to "F:/PCBackup/MISC/Unreal Games/Ultimate-New-Age-Fighters/Ultimate_NAF/Content/StarterContent/Audio/Starter_Wind06.uasset"
[2019.01.09-22.12.51:424][  0]LogPackFactory: Copied "../../../Samples/StarterContent/Content/StarterContent/Audio/Steam01.uasset" to "F:/PCBackup/MISC/Unreal Games/Ultimate-New-Age-Fighters/Ultimate_NAF/Content/StarterContent/Audio/Steam01.uasset"
[2019.01.09-22.12.51:914][  0]LogPackFactory: Copied "../../../Samples/StarterContent/Content/StarterContent/Audio/Steam01_Cue.uasset" to "F:/PCBackup/MISC/Unreal Games/Ultimate-New-Age-Fighters/Ultimate_NAF/Content/StarterContent/Audio/Steam01_Cue.uasset"
[2019.01.09-22.12.53:748][  0]LogPackFactory: Copied "../../../Samples/StarterContent/Content/StarterContent/Blueprints/Blueprint_CeilingLight.uasset" to "F:/PCBackup/MISC/Unreal Games/Ultimate-New-Age-Fighters/Ultimate_NAF/Content/StarterContent/Blueprints/Blueprint_CeilingLight.uasset"
[2019.01.09-22.13.00:888][  0]LogPackFactory: Copied "../../../Samples/StarterContent/Content/StarterContent/Blueprints/Blueprint_Effect_Explosion.uasset" to "F:/PCBackup/MISC/Unreal Games/Ultimate-New-Age-Fighters/Ultimate_NAF/Content/StarterContent/Blueprints/Blueprint_Effect_Explosion.uasset"
[2019.01.09-22.13.01:317][  0]LogPackFactory: Copied "../../../Samples/StarterContent/Content/StarterContent/Blueprints/Blueprint_Effect_Fire.uasset" to "F:/PCBackup/MISC/Unreal Games/Ultimate-New-Age-Fighters/Ultimate_NAF/Content/StarterContent/Blueprints/Blueprint_Effect_Fire.uasset"
[2019.01.09-22.13.05:783][  0]LogPackFactory: Copied "../../../Samples/StarterContent/Content/StarterContent/Blueprints/Blueprint_Effect_Smoke.uasset" to "F:/PCBackup/MISC/Unreal Games/Ultimate-New-Age-Fighters/Ultimate_NAF/Content/StarterContent/Blueprints/Blueprint_Effect_Smoke.uasset"
[2019.01.09-22.13.06:818][  0]LogPackFactory: Copied "../../../Samples/StarterContent/Content/StarterContent/Blueprints/Blueprint_Effect_Sparks.uasset" to "F:/PCBackup/MISC/Unreal Games/Ultimate-New-Age-Fighters/Ultimate_NAF/Content/StarterContent/Blueprints/Blueprint_Effect_Sparks.uasset"
[2019.01.09-22.13.06:922][  0]LogPackFactory: Copied "../../../Samples/StarterContent/Content/StarterContent/Blueprints/Blueprint_Effect_Steam.uasset" to "F:/PCBackup/MISC/Unreal Games/Ultimate-New-Age-Fighters/Ultimate_NAF/Content/StarterContent/Blueprints/Blueprint_Effect_Steam.uasset"
[2019.01.09-22.13.07:383][  0]LogPackFactory: Copied "../../../Samples/StarterContent/Content/StarterContent/Blueprints/Blueprint_WallSconce.uasset" to "F:/PCBackup/MISC/Unreal Games/Ultimate-New-Age-Fighters/Ultimate_NAF/Content/StarterContent/Blueprints/Blueprint_WallSconce.uasset"
[2019.01.09-22.13.08:200][  0]LogPackFactory: Copied "../../../Samples/StarterContent/Content/StarterContent/Blueprints/BP_LightStudio.uasset" to "F:/PCBackup/MISC/Unreal Games/Ultimate-New-Age-Fighters/Ultimate_NAF/Content/StarterContent/Blueprints/BP_LightStudio.uasset"
[2019.01.09-22.13.08:233][  0]LogPackFactory: Copied "../../../Samples/StarterContent/Content/StarterContent/Blueprints/Assets/FogBrightnessLUT.uasset" to "F:/PCBackup/MISC/Unreal Games/Ultimate-New-Age-Fighters/Ultimate_NAF/Content/StarterContent/Blueprints/Assets/FogBrightnessLUT.uasset"
[2019.01.09-22.13.08:338][  0]LogPackFactory: Copied "../../../Samples/StarterContent/Content/StarterContent/Blueprints/Assets/M_LightStage_Arrows.uasset" to "F:/PCBackup/MISC/Unreal Games/Ultimate-New-Age-Fighters/Ultimate_NAF/Content/StarterContent/Blueprints/Assets/M_LightStage_Arrows.uasset"
[2019.01.09-22.13.08:460][  0]LogPackFactory: Copied "../../../Samples/StarterContent/Content/StarterContent/Blueprints/Assets/M_LightStage_Skybox_Black.uasset" to "F:/PCBackup/MISC/Unreal Games/Ultimate-New-Age-Fighters/Ultimate_NAF/Content/StarterContent/Blueprints/Assets/M_LightStage_Skybox_Black.uasset"
[2019.01.09-22.13.08:640][  0]LogPackFactory: Copied "../../../Samples/StarterContent/Content/StarterContent/Blueprints/Assets/M_LightStage_Skybox_HDRI.uasset" to "F:/PCBackup/MISC/Unreal Games/Ultimate-New-Age-Fighters/Ultimate_NAF/Content/StarterContent/Blueprints/Assets/M_LightStage_Skybox_HDRI.uasset"
[2019.01.09-22.13.08:808][  0]LogPackFactory: Copied "../../../Samples/StarterContent/Content/StarterContent/Blueprints/Assets/M_LightStage_Skybox_Master.uasset" to "F:/PCBackup/MISC/Unreal Games/Ultimate-New-Age-Fighters/Ultimate_NAF/Content/StarterContent/Blueprints/Assets/M_LightStage_Skybox_Master.uasset"
[2019.01.09-22.13.09:927][  0]LogPackFactory: Copied "../../../Samples/StarterContent/Content/StarterContent/Blueprints/Assets/Skybox.uasset" to "F:/PCBackup/MISC/Unreal Games/Ultimate-New-Age-Fighters/Ultimate_NAF/Content/StarterContent/Blueprints/Assets/Skybox.uasset"
[2019.01.09-22.13.10:769][  0]LogPackFactory: Copied "../../../Samples/StarterContent/Content/StarterContent/Blueprints/Assets/SM_Arrows.uasset" to "F:/PCBackup/MISC/Unreal Games/Ultimate-New-Age-Fighters/Ultimate_NAF/Content/StarterContent/Blueprints/Assets/SM_Arrows.uasset"
[2019.01.09-22.13.11:582][  0]LogPackFactory: Copied "../../../Samples/StarterContent/Content/StarterContent/Blueprints/Assets/SunlightColorLUT.uasset" to "F:/PCBackup/MISC/Unreal Games/Ultimate-New-Age-Fighters/Ultimate_NAF/Content/StarterContent/Blueprints/Assets/SunlightColorLUT.uasset"
[2019.01.09-22.14.53:648][  0]LogPackFactory: Copied "../../../Samples/StarterContent/Content/StarterContent/HDRI/HDRI_Epic_Courtyard_Daylight.uasset" to "F:/PCBackup/MISC/Unreal Games/Ultimate-New-Age-Fighters/Ultimate_NAF/Content/StarterContent/HDRI/HDRI_Epic_Courtyard_Daylight.uasset"
[2019.01.09-22.14.54:917][  0]LogPackFactory: Copied "../../../Samples/StarterContent/Content/StarterContent/Maps/Advanced_Lighting.umap" to "F:/PCBackup/MISC/Unreal Games/Ultimate-New-Age-Fighters/Ultimate_NAF/Content/StarterContent/Maps/Advanced_Lighting.umap"
[2019.01.09-22.14.56:641][  0]LogPackFactory: Copied "../../../Samples/StarterContent/Content/StarterContent/Maps/Advanced_Lighting_BuiltData.uasset" to "F:/PCBackup/MISC/Unreal Games/Ultimate-New-Age-Fighters/Ultimate_NAF/Content/StarterContent/Maps/Advanced_Lighting_BuiltData.uasset"
[2019.01.09-22.14.58:125][  0]LogPackFactory: Copied "../../../Samples/StarterContent/Content/StarterContent/Maps/Minimal_Default.umap" to "F:/PCBackup/MISC/Unreal Games/Ultimate-New-Age-Fighters/Ultimate_NAF/Content/StarterContent/Maps/Minimal_Default.umap"
[2019.01.09-22.15.02:972][  0]LogPackFactory: Copied "../../../Samples/StarterContent/Content/StarterContent/Maps/Minimal_Default_BuiltData.uasset" to "F:/PCBackup/MISC/Unreal Games/Ultimate-New-Age-Fighters/Ultimate_NAF/Content/StarterContent/Maps/Minimal_Default_BuiltData.uasset"
[2019.01.09-22.15.04:390][  0]LogPackFactory: Copied "../../../Samples/StarterContent/Content/StarterContent/Maps/StarterMap.umap" to "F:/PCBackup/MISC/Unreal Games/Ultimate-New-Age-Fighters/Ultimate_NAF/Content/StarterContent/Maps/StarterMap.umap"
[2019.01.09-22.15.40:077][  0]LogPackFactory: Copied "../../../Samples/StarterContent/Content/StarterContent/Maps/StarterMap_BuiltData.uasset" to "F:/PCBackup/MISC/Unreal Games/Ultimate-New-Age-Fighters/Ultimate_NAF/Content/StarterContent/Maps/StarterMap_BuiltData.uasset"
[2019.01.09-22.15.41:681][  0]LogPackFactory: Copied "../../../Samples/StarterContent/Content/StarterContent/Materials/M_AssetPlatform.uasset" to "F:/PCBackup/MISC/Unreal Games/Ultimate-New-Age-Fighters/Ultimate_NAF/Content/StarterContent/Materials/M_AssetPlatform.uasset"
[2019.01.09-22.15.44:520][  0]LogPackFactory: Error: Unable to copy file "../../../Samples/StarterContent/Content/StarterContent/Materials/M_Basic_Floor.uasset" to "F:/PCBackup/MISC/Unreal Games/Ultimate-New-Age-Fighters/Ultimate_NAF/Content/StarterContent/Materials/M_Basic_Floor.uasset".
[2019.01.09-22.15.52:251][  0]LogPackFactory: Copied "../../../Samples/StarterContent/Content/StarterContent/Materials/M_Basic_Wall.uasset" to "F:/PCBackup/MISC/Unreal Games/Ultimate-New-Age-Fighters/Ultimate_NAF/Content/StarterContent/Materials/M_Basic_Wall.uasset"
[2019.01.09-22.15.52:529][  0]LogPackFactory: Copied "../../../Samples/StarterContent/Content/StarterContent/Materials/M_Brick_Clay_Beveled.uasset" to "F:/PCBackup/MISC/Unreal Games/Ultimate-New-Age-Fighters/Ultimate_NAF/Content/StarterContent/Materials/M_Brick_Clay_Beveled.uasset"
[2019.01.09-22.15.55:933][  0]LogPackFactory: Copied "../../../Samples/StarterContent/Content/StarterContent/Materials/M_Brick_Clay_New.uasset" to "F:/PCBackup/MISC/Unreal Games/Ultimate-New-Age-Fighters/Ultimate_NAF/Content/StarterContent/Materials/M_Brick_Clay_New.uasset"
[2019.01.09-22.15.57:626][  0]LogPackFactory: Copied "../../../Samples/StarterContent/Content/StarterContent/Materials/M_Brick_Clay_Old.uasset" to "F:/PCBackup/MISC/Unreal Games/Ultimate-New-Age-Fighters/Ultimate_NAF/Content/StarterContent/Materials/M_Brick_Clay_Old.uasset"
[2019.01.09-22.16.00:575][  0]LogPackFactory: Copied "../../../Samples/StarterContent/Content/StarterContent/Materials/M_Brick_Cut_Stone.uasset" to "F:/PCBackup/MISC/Unreal Games/Ultimate-New-Age-Fighters/Ultimate_NAF/Content/StarterContent/Materials/M_Brick_Cut_Stone.uasset"
[2019.01.09-22.16.00:877][  0]LogPackFactory: Copied "../../../Samples/StarterContent/Content/StarterContent/Materials/M_Brick_Hewn_Stone.uasset" to "F:/PCBackup/MISC/Unreal Games/Ultimate-New-Age-Fighters/Ultimate_NAF/Content/StarterContent/Materials/M_Brick_Hewn_Stone.uasset"
[2019.01.09-22.16.01:341][  0]LogPackFactory: Copied "../../../Samples/StarterContent/Content/StarterContent/Materials/M_Ceramic_Tile_Checker.uasset" to "F:/PCBackup/MISC/Unreal Games/Ultimate-New-Age-Fighters/Ultimate_NAF/Content/StarterContent/Materials/M_Ceramic_Tile_Checker.uasset"
[2019.01.09-22.16.01:612][  0]LogPackFactory: Copied "../../../Samples/StarterContent/Content/StarterContent/Materials/M_CobbleStone_Pebble.uasset" to "F:/PCBackup/MISC/Unreal Games/Ultimate-New-Age-Fighters/Ultimate_NAF/Content/StarterContent/Materials/M_CobbleStone_Pebble.uasset"
[2019.01.09-22.16.02:118][  0]LogPackFactory: Copied "../../../Samples/StarterContent/Content/StarterContent/Materials/M_CobbleStone_Rough.uasset" to "F:/PCBackup/MISC/Unreal Games/Ultimate-New-Age-Fighters/Ultimate_NAF/Content/StarterContent/Materials/M_CobbleStone_Rough.uasset"
[2019.01.09-22.16.02:599][  0]LogPackFactory: Copied "../../../Samples/StarterContent/Content/StarterContent/Materials/M_CobbleStone_Smooth.uasset" to "F:/PCBackup/MISC/Unreal Games/Ultimate-New-Age-Fighters/Ultimate_NAF/Content/StarterContent/Materials/M_CobbleStone_Smooth.uasset"
[2019.01.09-22.16.02:826][  0]LogPackFactory: Copied "../../../Samples/StarterContent/Content/StarterContent/Materials/M_ColorGrid_LowSpec.uasset" to "F:/PCBackup/MISC/Unreal Games/Ultimate-New-Age-Fighters/Ultimate_NAF/Content/StarterContent/Materials/M_ColorGrid_LowSpec.uasset"
[2019.01.09-22.16.03:144][  0]LogPackFactory: Copied "../../../Samples/StarterContent/Content/StarterContent/Materials/M_Concrete_Grime.uasset" to "F:/PCBackup/MISC/Unreal Games/Ultimate-New-Age-Fighters/Ultimate_NAF/Content/StarterContent/Materials/M_Concrete_Grime.uasset"
[2019.01.09-22.16.03:412][  0]LogPackFactory: Copied "../../../Samples/StarterContent/Content/StarterContent/Materials/M_Concrete_Panels.uasset" to "F:/PCBackup/MISC/Unreal Games/Ultimate-New-Age-Fighters/Ultimate_NAF/Content/StarterContent/Materials/M_Concrete_Panels.uasset"
[2019.01.09-22.16.03:876][  0]LogPackFactory: Copied "../../../Samples/StarterContent/Content/StarterContent/Materials/M_Concrete_Poured.uasset" to "F:/PCBackup/MISC/Unreal Games/Ultimate-New-Age-Fighters/Ultimate_NAF/Content/StarterContent/Materials/M_Concrete_Poured.uasset"
[2019.01.09-22.16.04:880][  0]LogPackFactory: Copied "../../../Samples/StarterContent/Content/StarterContent/Materials/M_Concrete_Tiles.uasset" to "F:/PCBackup/MISC/Unreal Games/Ultimate-New-Age-Fighters/Ultimate_NAF/Content/StarterContent/Materials/M_Concrete_Tiles.uasset"
[2019.01.09-22.16.05:116][  0]LogPackFactory: Copied "../../../Samples/StarterContent/Content/StarterContent/Materials/M_Glass.uasset" to "F:/PCBackup/MISC/Unreal Games/Ultimate-New-Age-Fighters/Ultimate_NAF/Content/StarterContent/Materials/M_Glass.uasset"
[2019.01.09-22.16.05:562][  0]LogPackFactory: Copied "../../../Samples/StarterContent/Content/StarterContent/Materials/M_Ground_Grass.uasset" to "F:/PCBackup/MISC/Unreal Games/Ultimate-New-Age-Fighters/Ultimate_NAF/Content/StarterContent/Materials/M_Ground_Grass.uasset"
[2019.01.09-22.16.05:977][  0]LogPackFactory: Copied "../../../Samples/StarterContent/Content/StarterContent/Materials/M_Ground_Gravel.uasset" to "F:/PCBackup/MISC/Unreal Games/Ultimate-New-Age-Fighters/Ultimate_NAF/Content/StarterContent/Materials/M_Ground_Gravel.uasset"
[2019.01.09-22.16.06:419][  0]LogPackFactory: Copied "../../../Samples/StarterContent/Content/StarterContent/Materials/M_Ground_Moss.uasset" to "F:/PCBackup/MISC/Unreal Games/Ultimate-New-Age-Fighters/Ultimate_NAF/Content/StarterContent/Materials/M_Ground_Moss.uasset"
[2019.01.09-22.16.07:670][  0]LogPackFactory: Copied "../../../Samples/StarterContent/Content/StarterContent/Materials/M_Metal_Brushed_Nickel.uasset" to "F:/PCBackup/MISC/Unreal Games/Ultimate-New-Age-Fighters/Ultimate_NAF/Content/StarterContent/Materials/M_Metal_Brushed_Nickel.uasset"
[2019.01.09-22.16.07:917][  0]LogPackFactory: Copied "../../../Samples/StarterContent/Content/StarterContent/Materials/M_Metal_Burnished_Steel.uasset" to "F:/PCBackup/MISC/Unreal Games/Ultimate-New-Age-Fighters/Ultimate_NAF/Content/StarterContent/Materials/M_Metal_Burnished_Steel.uasset"
[2019.01.09-22.16.08:849][  0]LogPackFactory: Copied "../../../Samples/StarterContent/Content/StarterContent/Materials/M_Metal_Chrome.uasset" to "F:/PCBackup/MISC/Unreal Games/Ultimate-New-Age-Fighters/Ultimate_NAF/Content/StarterContent/Materials/M_Metal_Chrome.uasset"
[2019.01.09-22.16.10:492][  0]LogPackFactory: Copied "../../../Samples/StarterContent/Content/StarterContent/Materials/M_Metal_Copper.uasset" to "F:/PCBackup/MISC/Unreal Games/Ultimate-New-Age-Fighters/Ultimate_NAF/Content/StarterContent/Materials/M_Metal_Copper.uasset"
[2019.01.09-22.16.19:227][  0]LogPackFactory: Copied "../../../Samples/StarterContent/Content/StarterContent/Materials/M_Metal_Gold.uasset" to "F:/PCBackup/MISC/Unreal Games/Ultimate-New-Age-Fighters/Ultimate_NAF/Content/StarterContent/Materials/M_Metal_Gold.uasset"
[2019.01.09-22.16.26:566][  0]LogPackFactory: Copied "../../../Samples/StarterContent/Content/StarterContent/Materials/M_Metal_Rust.uasset" to "F:/PCBackup/MISC/Unreal Games/Ultimate-New-Age-Fighters/Ultimate_NAF/Content/StarterContent/Materials/M_Metal_Rust.uasset"
[2019.01.09-22.16.34:037][  0]LogPackFactory: Copied "../../../Samples/StarterContent/Content/StarterContent/Materials/M_Metal_Steel.uasset" to "F:/PCBackup/MISC/Unreal Games/Ultimate-New-Age-Fighters/Ultimate_NAF/Content/StarterContent/Materials/M_Metal_Steel.uasset"
[2019.01.09-22.16.42:936][  0]LogPackFactory: Copied "../../../Samples/StarterContent/Content/StarterContent/Materials/M_Rock_Basalt.uasset" to "F:/PCBackup/MISC/Unreal Games/Ultimate-New-Age-Fighters/Ultimate_NAF/Content/StarterContent/Materials/M_Rock_Basalt.uasset"
[2019.01.09-22.16.54:568][  0]LogPackFactory: Copied "../../../Samples/StarterContent/Content/StarterContent/Materials/M_Rock_Marble_Polished.uasset" to "F:/PCBackup/MISC/Unreal Games/Ultimate-New-Age-Fighters/Ultimate_NAF/Content/StarterContent/Materials/M_Rock_Marble_Polished.uasset"
[2019.01.09-22.16.59:103][  0]LogPackFactory: Copied "../../../Samples/StarterContent/Content/StarterContent/Materials/M_Rock_Sandstone.uasset" to "F:/PCBackup/MISC/Unreal Games/Ultimate-New-Age-Fighters/Ultimate_NAF/Content/StarterContent/Materials/M_Rock_Sandstone.uasset"
[2019.01.09-22.17.09:674][  0]LogPackFactory: Copied "../../../Samples/StarterContent/Content/StarterContent/Materials/M_Rock_Slate.uasset" to "F:/PCBackup/MISC/Unreal Games/Ultimate-New-Age-Fighters/Ultimate_NAF/Content/StarterContent/Materials/M_Rock_Slate.uasset"
[2019.01.09-22.17.17:080][  0]LogPackFactory: Copied "../../../Samples/StarterContent/Content/StarterContent/Materials/M_Tech_Checker_Dot.uasset" to "F:/PCBackup/MISC/Unreal Games/Ultimate-New-Age-Fighters/Ultimate_NAF/Content/StarterContent/Materials/M_Tech_Checker_Dot.uasset"
[2019.01.09-22.17.27:770][  0]LogPackFactory: Copied "../../../Samples/StarterContent/Content/StarterContent/Materials/M_Tech_Hex_Tile.uasset" to "F:/PCBackup/MISC/Unreal Games/Ultimate-New-Age-Fighters/Ultimate_NAF/Content/StarterContent/Materials/M_Tech_Hex_Tile.uasset"
[2019.01.09-22.17.41:731][  0]LogPackFactory: Copied "../../../Samples/StarterContent/Content/StarterContent/Materials/M_Tech_Hex_Tile_Pulse.uasset" to "F:/PCBackup/MISC/Unreal Games/Ultimate-New-Age-Fighters/Ultimate_NAF/Content/StarterContent/Materials/M_Tech_Hex_Tile_Pulse.uasset"
[2019.01.09-22.17.56:713][  0]LogPackFactory: Copied "../../../Samples/StarterContent/Content/StarterContent/Materials/M_Tech_Panel.uasset" to "F:/PCBackup/MISC/Unreal Games/Ultimate-New-Age-Fighters/Ultimate_NAF/Content/StarterContent/Materials/M_Tech_Panel.uasset"
[2019.01.09-22.18.08:380][  0]LogPackFactory: Copied "../../../Samples/StarterContent/Content/StarterContent/Materials/M_Water_Lake.uasset" to "F:/PCBackup/MISC/Unreal Games/Ultimate-New-Age-Fighters/Ultimate_NAF/Content/StarterContent/Materials/M_Water_Lake.uasset"
[2019.01.09-22.18.12:537][  0]LogPackFactory: Copied "../../../Samples/StarterContent/Content/StarterContent/Materials/M_Water_Ocean.uasset" to "F:/PCBackup/MISC/Unreal Games/Ultimate-New-Age-Fighters/Ultimate_NAF/Content/StarterContent/Materials/M_Water_Ocean.uasset"
[2019.01.09-22.18.14:589][  0]LogPackFactory: Copied "../../../Samples/StarterContent/Content/StarterContent/Materials/M_Wood_Floor_Walnut_Polished.uasset" to "F:/PCBackup/MISC/Unreal Games/Ultimate-New-Age-Fighters/Ultimate_NAF/Content/StarterContent/Materials/M_Wood_Floor_Walnut_Polished.uasset"
[2019.01.09-22.18.15:928][  0]LogPackFactory: Copied "../../../Samples/StarterContent/Content/StarterContent/Materials/M_Wood_Floor_Walnut_Worn.uasset" to "F:/PCBackup/MISC/Unreal Games/Ultimate-New-Age-Fighters/Ultimate_NAF/Content/StarterContent/Materials/M_Wood_Floor_Walnut_Worn.uasset"
[2019.01.09-22.18.19:111][  0]LogPackFactory: Copied "../../../Samples/StarterContent/Content/StarterContent/Materials/M_Wood_Oak.uasset" to "F:/PCBackup/MISC/Unreal Games/Ultimate-New-Age-Fighters/Ultimate_NAF/Content/StarterContent/Materials/M_Wood_Oak.uasset"
[2019.01.09-22.18.20:956][  0]LogPackFactory: Copied "../../../Samples/StarterContent/Content/StarterContent/Materials/M_Wood_Pine.uasset" to "F:/PCBackup/MISC/Unreal Games/Ultimate-New-Age-Fighters/Ultimate_NAF/Content/StarterContent/Materials/M_Wood_Pine.uasset"
[2019.01.09-22.18.22:647][  0]LogPackFactory: Copied "../../../Samples/StarterContent/Content/StarterContent/Materials/M_Wood_Walnut.uasset" to "F:/PCBackup/MISC/Unreal Games/Ultimate-New-Age-Fighters/Ultimate_NAF/Content/StarterContent/Materials/M_Wood_Walnut.uasset"
[2019.01.09-22.18.24:243][  0]LogPackFactory: Copied "../../../Samples/StarterContent/Content/StarterContent/Particles/P_Ambient_Dust.uasset" to "F:/PCBackup/MISC/Unreal Games/Ultimate-New-Age-Fighters/Ultimate_NAF/Content/StarterContent/Particles/P_Ambient_Dust.uasset"
[2019.01.09-22.18.30:496][  0]LogPackFactory: Copied "../../../Samples/StarterContent/Content/StarterContent/Particles/P_Explosion.uasset" to "F:/PCBackup/MISC/Unreal Games/Ultimate-New-Age-Fighters/Ultimate_NAF/Content/StarterContent/Particles/P_Explosion.uasset"
[2019.01.09-22.18.37:018][  0]LogPackFactory: Copied "../../../Samples/StarterContent/Content/StarterContent/Particles/P_Fire.uasset" to "F:/PCBackup/MISC/Unreal Games/Ultimate-New-Age-Fighters/Ultimate_NAF/Content/StarterContent/Particles/P_Fire.uasset"
[2019.01.09-22.18.39:604][  0]LogPackFactory: Copied "../../../Samples/StarterContent/Content/StarterContent/Particles/P_Smoke.uasset" to "F:/PCBackup/MISC/Unreal Games/Ultimate-New-Age-Fighters/Ultimate_NAF/Content/StarterContent/Particles/P_Smoke.uasset"
[2019.01.09-22.18.49:989][  0]LogPackFactory: Copied "../../../Samples/StarterContent/Content/StarterContent/Particles/P_Sparks.uasset" to "F:/PCBackup/MISC/Unreal Games/Ultimate-New-Age-Fighters/Ultimate_NAF/Content/StarterContent/Particles/P_Sparks.uasset"
[2019.01.09-22.18.55:364][  0]LogPackFactory: Copied "../../../Samples/StarterContent/Content/StarterContent/Particles/P_Steam_Lit.uasset" to "F:/PCBackup/MISC/Unreal Games/Ultimate-New-Age-Fighters/Ultimate_NAF/Content/StarterContent/Particles/P_Steam_Lit.uasset"
[2019.01.09-22.18.55:646][  0]LogPackFactory: Copied "../../../Samples/StarterContent/Content/StarterContent/Particles/Materials/M_Burst.uasset" to "F:/PCBackup/MISC/Unreal Games/Ultimate-New-Age-Fighters/Ultimate_NAF/Content/StarterContent/Particles/Materials/M_Burst.uasset"
[2019.01.09-22.18.55:864][  0]LogPackFactory: Copied "../../../Samples/StarterContent/Content/StarterContent/Particles/Materials/M_Dust_Particle.uasset" to "F:/PCBackup/MISC/Unreal Games/Ultimate-New-Age-Fighters/Ultimate_NAF/Content/StarterContent/Particles/Materials/M_Dust_Particle.uasset"
[2019.01.09-22.18.56:189][  0]LogPackFactory: Copied "../../../Samples/StarterContent/Content/StarterContent/Particles/Materials/M_explosion_subUV.uasset" to "F:/PCBackup/MISC/Unreal Games/Ultimate-New-Age-Fighters/Ultimate_NAF/Content/StarterContent/Particles/Materials/M_explosion_subUV.uasset"
[2019.01.09-22.18.56:669][  0]LogPackFactory: Copied "../../../Samples/StarterContent/Content/StarterContent/Particles/Materials/M_Fire_SubUV.uasset" to "F:/PCBackup/MISC/Unreal Games/Ultimate-New-Age-Fighters/Ultimate_NAF/Content/StarterContent/Particles/Materials/M_Fire_SubUV.uasset"
[2019.01.09-22.18.57:072][  0]LogPackFactory: Copied "../../../Samples/StarterContent/Content/StarterContent/Particles/Materials/m_flare_01.uasset" to "F:/PCBackup/MISC/Unreal Games/Ultimate-New-Age-Fighters/Ultimate_NAF/Content/StarterContent/Particles/Materials/m_flare_01.uasset"
[2019.01.09-22.18.57:573][  0]LogPackFactory: Copied "../../../Samples/StarterContent/Content/StarterContent/Particles/Materials/M_Heat_Distortion.uasset" to "F:/PCBackup/MISC/Unreal Games/Ultimate-New-Age-Fighters/Ultimate_NAF/Content/StarterContent/Particles/Materials/M_Heat_Distortion.uasset"
[2019.01.09-22.18.57:993][  0]LogPackFactory: Copied "../../../Samples/StarterContent/Content/StarterContent/Particles/Materials/M_Radial_Gradient.uasset" to "F:/PCBackup/MISC/Unreal Games/Ultimate-New-Age-Fighters/Ultimate_NAF/Content/StarterContent/Particles/Materials/M_Radial_Gradient.uasset"
[2019.01.09-22.18.58:381][  0]LogPackFactory: Copied "../../../Samples/StarterContent/Content/StarterContent/Particles/Materials/M_radial_ramp.uasset" to "F:/PCBackup/MISC/Unreal Games/Ultimate-New-Age-Fighters/Ultimate_NAF/Content/StarterContent/Particles/Materials/M_radial_ramp.uasset"
[2019.01.09-22.18.58:945][  0]LogPackFactory: Copied "../../../Samples/StarterContent/Content/StarterContent/Particles/Materials/M_smoke_subUV.uasset" to "F:/PCBackup/MISC/Unreal Games/Ultimate-New-Age-Fighters/Ultimate_NAF/Content/StarterContent/Particles/Materials/M_smoke_subUV.uasset"
[2019.01.09-22.18.59:466][  0]LogPackFactory: Copied "../../../Samples/StarterContent/Content/StarterContent/Particles/Materials/M_Spark.uasset" to "F:/PCBackup/MISC/Unreal Games/Ultimate-New-Age-Fighters/Ultimate_NAF/Content/StarterContent/Particles/Materials/M_Spark.uasset"
[2019.01.09-22.19.00:257][  0]LogPackFactory: Copied "../../../Samples/StarterContent/Content/StarterContent/Props/MaterialSphere.uasset" to "F:/PCBackup/MISC/Unreal Games/Ultimate-New-Age-Fighters/Ultimate_NAF/Content/StarterContent/Props/MaterialSphere.uasset"
[2019.01.09-22.19.02:208][  0]LogPackFactory: Copied "../../../Samples/StarterContent/Content/StarterContent/Props/SM_Bush.uasset" to "F:/PCBackup/MISC/Unreal Games/Ultimate-New-Age-Fighters/Ultimate_NAF/Content/StarterContent/Props/SM_Bush.uasset"
[2019.01.09-22.19.03:178][  0]LogPackFactory: Copied "../../../Samples/StarterContent/Content/StarterContent/Props/SM_Chair.uasset" to "F:/PCBackup/MISC/Unreal Games/Ultimate-New-Age-Fighters/Ultimate_NAF/Content/StarterContent/Props/SM_Chair.uasset"
[2019.01.09-22.19.03:872][  0]LogPackFactory: Copied "../../../Samples/StarterContent/Content/StarterContent/Props/SM_CornerFrame.uasset" to "F:/PCBackup/MISC/Unreal Games/Ultimate-New-Age-Fighters/Ultimate_NAF/Content/StarterContent/Props/SM_CornerFrame.uasset"
[2019.01.09-22.19.13:042][  0]LogPackFactory: Copied "../../../Samples/StarterContent/Content/StarterContent/Props/SM_Couch.uasset" to "F:/PCBackup/MISC/Unreal Games/Ultimate-New-Age-Fighters/Ultimate_NAF/Content/StarterContent/Props/SM_Couch.uasset"
[2019.01.09-22.19.13:644][  0]LogPackFactory: Copied "../../../Samples/StarterContent/Content/StarterContent/Props/SM_Door.uasset" to "F:/PCBackup/MISC/Unreal Games/Ultimate-New-Age-Fighters/Ultimate_NAF/Content/StarterContent/Props/SM_Door.uasset"
[2019.01.09-22.19.13:934][  0]LogPackFactory: Copied "../../../Samples/StarterContent/Content/StarterContent/Props/SM_DoorFrame.uasset" to "F:/PCBackup/MISC/Unreal Games/Ultimate-New-Age-Fighters/Ultimate_NAF/Content/StarterContent/Props/SM_DoorFrame.uasset"
[2019.01.09-22.19.14:427][  0]LogPackFactory: Copied "../../../Samples/StarterContent/Content/StarterContent/Props/SM_GlassWindow.uasset" to "F:/PCBackup/MISC/Unreal Games/Ultimate-New-Age-Fighters/Ultimate_NAF/Content/StarterContent/Props/SM_GlassWindow.uasset"
[2019.01.09-22.19.15:246][  0]LogPackFactory: Copied "../../../Samples/StarterContent/Content/StarterContent/Props/SM_Lamp_Ceiling.uasset" to "F:/PCBackup/MISC/Unreal Games/Ultimate-New-Age-Fighters/Ultimate_NAF/Content/StarterContent/Props/SM_Lamp_Ceiling.uasset"
[2019.01.09-22.19.15:657][  0]LogPackFactory: Copied "../../../Samples/StarterContent/Content/StarterContent/Props/SM_Lamp_Wall.uasset" to "F:/PCBackup/MISC/Unreal Games/Ultimate-New-Age-Fighters/Ultimate_NAF/Content/StarterContent/Props/SM_Lamp_Wall.uasset"
[2019.01.09-22.19.19:353][  0]LogPackFactory: Copied "../../../Samples/StarterContent/Content/StarterContent/Props/SM_MatPreviewMesh_02.uasset" to "F:/PCBackup/MISC/Unreal Games/Ultimate-New-Age-Fighters/Ultimate_NAF/Content/StarterContent/Props/SM_MatPreviewMesh_02.uasset"
[2019.01.09-22.19.19:728][  0]LogPackFactory: Copied "../../../Samples/StarterContent/Content/StarterContent/Props/SM_PillarFrame.uasset" to "F:/PCBackup/MISC/Unreal Games/Ultimate-New-Age-Fighters/Ultimate_NAF/Content/StarterContent/Props/SM_PillarFrame.uasset"
[2019.01.09-22.19.20:135][  0]LogPackFactory: Copied "../../../Samples/StarterContent/Content/StarterContent/Props/SM_PillarFrame300.uasset" to "F:/PCBackup/MISC/Unreal Games/Ultimate-New-Age-Fighters/Ultimate_NAF/Content/StarterContent/Props/SM_PillarFrame300.uasset"
[2019.01.09-22.19.20:629][  0]LogPackFactory: Copied "../../../Samples/StarterContent/Content/StarterContent/Props/SM_Rock.uasset" to "F:/PCBackup/MISC/Unreal Games/Ultimate-New-Age-Fighters/Ultimate_NAF/Content/StarterContent/Props/SM_Rock.uasset"
[2019.01.09-22.19.21:064][  0]LogPackFactory: Copied "../../../Samples/StarterContent/Content/StarterContent/Props/SM_Shelf.uasset" to "F:/PCBackup/MISC/Unreal Games/Ultimate-New-Age-Fighters/Ultimate_NAF/Content/StarterContent/Props/SM_Shelf.uasset"
[2019.01.09-22.19.21:418][  0]LogPackFactory: Copied "../../../Samples/StarterContent/Content/StarterContent/Props/SM_Stairs.uasset" to "F:/PCBackup/MISC/Unreal Games/Ultimate-New-Age-Fighters/Ultimate_NAF/Content/StarterContent/Props/SM_Stairs.uasset"
[2019.01.09-22.19.22:493][  0]LogPackFactory: Copied "../../../Samples/StarterContent/Content/StarterContent/Props/SM_Statue.uasset" to "F:/PCBackup/MISC/Unreal Games/Ultimate-New-Age-Fighters/Ultimate_NAF/Content/StarterContent/Props/SM_Statue.uasset"
[2019.01.09-22.19.23:501][  0]LogPackFactory: Copied "../../../Samples/StarterContent/Content/StarterContent/Props/SM_TableRound.uasset" to "F:/PCBackup/MISC/Unreal Games/Ultimate-New-Age-Fighters/Ultimate_NAF/Content/StarterContent/Props/SM_TableRound.uasset"
[2019.01.09-22.19.23:892][  0]LogPackFactory: Copied "../../../Samples/StarterContent/Content/StarterContent/Props/SM_WindowFrame.uasset" to "F:/PCBackup/MISC/Unreal Games/Ultimate-New-Age-Fighters/Ultimate_NAF/Content/StarterContent/Props/SM_WindowFrame.uasset"
[2019.01.09-22.19.24:179][  0]LogPackFactory: Copied "../../../Samples/StarterContent/Content/StarterContent/Props/Materials/M_Bush.uasset" to "F:/PCBackup/MISC/Unreal Games/Ultimate-New-Age-Fighters/Ultimate_NAF/Content/StarterContent/Props/Materials/M_Bush.uasset"
[2019.01.09-22.19.24:499][  0]LogPackFactory: Copied "../../../Samples/StarterContent/Content/StarterContent/Props/Materials/M_Chair.uasset" to "F:/PCBackup/MISC/Unreal Games/Ultimate-New-Age-Fighters/Ultimate_NAF/Content/StarterContent/Props/Materials/M_Chair.uasset"
[2019.01.09-22.19.24:857][  0]LogPackFactory: Copied "../../../Samples/StarterContent/Content/StarterContent/Props/Materials/M_Door.uasset" to "F:/PCBackup/MISC/Unreal Games/Ultimate-New-Age-Fighters/Ultimate_NAF/Content/StarterContent/Props/Materials/M_Door.uasset"
[2019.01.09-22.19.25:300][  0]LogPackFactory: Copied "../../../Samples/StarterContent/Content/StarterContent/Props/Materials/M_Frame.uasset" to "F:/PCBackup/MISC/Unreal Games/Ultimate-New-Age-Fighters/Ultimate_NAF/Content/StarterContent/Props/Materials/M_Frame.uasset"
[2019.01.09-22.19.25:730][  0]LogPackFactory: Copied "../../../Samples/StarterContent/Content/StarterContent/Props/Materials/M_Lamp.uasset" to "F:/PCBackup/MISC/Unreal Games/Ultimate-New-Age-Fighters/Ultimate_NAF/Content/StarterContent/Props/Materials/M_Lamp.uasset"
[2019.01.09-22.19.26:254][  0]LogPackFactory: Copied "../../../Samples/StarterContent/Content/StarterContent/Props/Materials/M_MaterialSphere.uasset" to "F:/PCBackup/MISC/Unreal Games/Ultimate-New-Age-Fighters/Ultimate_NAF/Content/StarterContent/Props/Materials/M_MaterialSphere.uasset"
[2019.01.09-22.19.26:593][  0]LogPackFactory: Copied "../../../Samples/StarterContent/Content/StarterContent/Props/Materials/M_MaterialSphere_Plain.uasset" to "F:/PCBackup/MISC/Unreal Games/Ultimate-New-Age-Fighters/Ultimate_NAF/Content/StarterContent/Props/Materials/M_MaterialSphere_Plain.uasset"
[2019.01.09-22.19.27:020][  0]LogPackFactory: Copied "../../../Samples/StarterContent/Content/StarterContent/Props/Materials/M_Rock.uasset" to "F:/PCBackup/MISC/Unreal Games/Ultimate-New-Age-Fighters/Ultimate_NAF/Content/StarterContent/Props/Materials/M_Rock.uasset"
[2019.01.09-22.19.27:391][  0]LogPackFactory: Copied "../../../Samples/StarterContent/Content/StarterContent/Props/Materials/M_Shelf.uasset" to "F:/PCBackup/MISC/Unreal Games/Ultimate-New-Age-Fighters/Ultimate_NAF/Content/StarterContent/Props/Materials/M_Shelf.uasset"
[2019.01.09-22.19.27:800][  0]LogPackFactory: Copied "../../../Samples/StarterContent/Content/StarterContent/Props/Materials/M_Statue.uasset" to "F:/PCBackup/MISC/Unreal Games/Ultimate-New-Age-Fighters/Ultimate_NAF/Content/StarterContent/Props/Materials/M_Statue.uasset"
[2019.01.09-22.19.28:206][  0]LogPackFactory: Copied "../../../Samples/StarterContent/Content/StarterContent/Props/Materials/M_StatueGlass.uasset" to "F:/PCBackup/MISC/Unreal Games/Ultimate-New-Age-Fighters/Ultimate_NAF/Content/StarterContent/Props/Materials/M_StatueGlass.uasset"
[2019.01.09-22.19.28:749][  0]LogPackFactory: Copied "../../../Samples/StarterContent/Content/StarterContent/Props/Materials/M_TableRound.uasset" to "F:/PCBackup/MISC/Unreal Games/Ultimate-New-Age-Fighters/Ultimate_NAF/Content/StarterContent/Props/Materials/M_TableRound.uasset"
[2019.01.09-22.19.29:386][  0]LogPackFactory: Copied "../../../Samples/StarterContent/Content/StarterContent/Shapes/Shape_Cone.uasset" to "F:/PCBackup/MISC/Unreal Games/Ultimate-New-Age-Fighters/Ultimate_NAF/Content/StarterContent/Shapes/Shape_Cone.uasset"
[2019.01.09-22.19.29:830][  0]LogPackFactory: Copied "../../../Samples/StarterContent/Content/StarterContent/Shapes/Shape_Cube.uasset" to "F:/PCBackup/MISC/Unreal Games/Ultimate-New-Age-Fighters/Ultimate_NAF/Content/StarterContent/Shapes/Shape_Cube.uasset"
[2019.01.09-22.19.30:132][  0]LogPackFactory: Copied "../../../Samples/StarterContent/Content/StarterContent/Shapes/Shape_Cylinder.uasset" to "F:/PCBackup/MISC/Unreal Games/Ultimate-New-Age-Fighters/Ultimate_NAF/Content/StarterContent/Shapes/Shape_Cylinder.uasset"
[2019.01.09-22.19.30:713][  0]LogPackFactory: Copied "../../../Samples/StarterContent/Content/StarterContent/Shapes/Shape_NarrowCapsule.uasset" to "F:/PCBackup/MISC/Unreal Games/Ultimate-New-Age-Fighters/Ultimate_NAF/Content/StarterContent/Shapes/Shape_NarrowCapsule.uasset"
[2019.01.09-22.19.31:033][  0]LogPackFactory: Copied "../../../Samples/StarterContent/Content/StarterContent/Shapes/Shape_Pipe.uasset" to "F:/PCBackup/MISC/Unreal Games/Ultimate-New-Age-Fighters/Ultimate_NAF/Content/StarterContent/Shapes/Shape_Pipe.uasset"
[2019.01.09-22.19.31:429][  0]LogPackFactory: Copied "../../../Samples/StarterContent/Content/StarterContent/Shapes/Shape_Pipe_180.uasset" to "F:/PCBackup/MISC/Unreal Games/Ultimate-New-Age-Fighters/Ultimate_NAF/Content/StarterContent/Shapes/Shape_Pipe_180.uasset"
[2019.01.09-22.19.31:725][  0]LogPackFactory: Copied "../../../Samples/StarterContent/Content/StarterContent/Shapes/Shape_Pipe_90.uasset" to "F:/PCBackup/MISC/Unreal Games/Ultimate-New-Age-Fighters/Ultimate_NAF/Content/StarterContent/Shapes/Shape_Pipe_90.uasset"
[2019.01.09-22.19.31:881][  0]LogPackFactory: Copied "../../../Samples/StarterContent/Content/StarterContent/Shapes/Shape_Plane.uasset" to "F:/PCBackup/MISC/Unreal Games/Ultimate-New-Age-Fighters/Ultimate_NAF/Content/StarterContent/Shapes/Shape_Plane.uasset"
[2019.01.09-22.19.32:078][  0]LogPackFactory: Copied "../../../Samples/StarterContent/Content/StarterContent/Shapes/Shape_QuadPyramid.uasset" to "F:/PCBackup/MISC/Unreal Games/Ultimate-New-Age-Fighters/Ultimate_NAF/Content/StarterContent/Shapes/Shape_QuadPyramid.uasset"
[2019.01.09-22.19.32:738][  0]LogPackFactory: Copied "../../../Samples/StarterContent/Content/StarterContent/Shapes/Shape_Sphere.uasset" to "F:/PCBackup/MISC/Unreal Games/Ultimate-New-Age-Fighters/Ultimate_NAF/Content/StarterContent/Shapes/Shape_Sphere.uasset"
[2019.01.09-22.19.33:667][  0]LogPackFactory: Copied "../../../Samples/StarterContent/Content/StarterContent/Shapes/Shape_Torus.uasset" to "F:/PCBackup/MISC/Unreal Games/Ultimate-New-Age-Fighters/Ultimate_NAF/Content/StarterContent/Shapes/Shape_Torus.uasset"
[2019.01.09-22.19.33:770][  0]LogPackFactory: Copied "../../../Samples/StarterContent/Content/StarterContent/Shapes/Shape_Trim.uasset" to "F:/PCBackup/MISC/Unreal Games/Ultimate-New-Age-Fighters/Ultimate_NAF/Content/StarterContent/Shapes/Shape_Trim.uasset"
[2019.01.09-22.19.33:934][  0]LogPackFactory: Copied "../../../Samples/StarterContent/Content/StarterContent/Shapes/Shape_Trim_90_In.uasset" to "F:/PCBackup/MISC/Unreal Games/Ultimate-New-Age-Fighters/Ultimate_NAF/Content/StarterContent/Shapes/Shape_Trim_90_In.uasset"
[2019.01.09-22.19.34:074][  0]LogPackFactory: Copied "../../../Samples/StarterContent/Content/StarterContent/Shapes/Shape_Trim_90_Out.uasset" to "F:/PCBackup/MISC/Unreal Games/Ultimate-New-Age-Fighters/Ultimate_NAF/Content/StarterContent/Shapes/Shape_Trim_90_Out.uasset"
[2019.01.09-22.19.34:180][  0]LogPackFactory: Copied "../../../Samples/StarterContent/Content/StarterContent/Shapes/Shape_TriPyramid.uasset" to "F:/PCBackup/MISC/Unreal Games/Ultimate-New-Age-Fighters/Ultimate_NAF/Content/StarterContent/Shapes/Shape_TriPyramid.uasset"
[2019.01.09-22.19.34:481][  0]LogPackFactory: Copied "../../../Samples/StarterContent/Content/StarterContent/Shapes/Shape_Tube.uasset" to "F:/PCBackup/MISC/Unreal Games/Ultimate-New-Age-Fighters/Ultimate_NAF/Content/StarterContent/Shapes/Shape_Tube.uasset"
[2019.01.09-22.19.34:575][  0]LogPackFactory: Copied "../../../Samples/StarterContent/Content/StarterContent/Shapes/Shape_Wedge_A.uasset" to "F:/PCBackup/MISC/Unreal Games/Ultimate-New-Age-Fighters/Ultimate_NAF/Content/StarterContent/Shapes/Shape_Wedge_A.uasset"
[2019.01.09-22.19.34:659][  0]LogPackFactory: Copied "../../../Samples/StarterContent/Content/StarterContent/Shapes/Shape_Wedge_B.uasset" to "F:/PCBackup/MISC/Unreal Games/Ultimate-New-Age-Fighters/Ultimate_NAF/Content/StarterContent/Shapes/Shape_Wedge_B.uasset"
[2019.01.09-22.19.34:903][  0]LogPackFactory: Copied "../../../Samples/StarterContent/Content/StarterContent/Shapes/Shape_WideCapsule.uasset" to "F:/PCBackup/MISC/Unreal Games/Ultimate-New-Age-Fighters/Ultimate_NAF/Content/StarterContent/Shapes/Shape_WideCapsule.uasset"
