Log file open, 01/09/19 15:42:45
LogWindows: Failed to load 'aqProf.dll' (GetLastError=126)
LogWindows: File 'aqProf.dll' does not exist
LogWindows: Failed to load 'VtuneApi.dll' (GetLastError=126)
LogWindows: File 'VtuneApi.dll' does not exist
LogWindows: Failed to load 'VtuneApi32e.dll' (GetLastError=126)
LogWindows: File 'VtuneApi32e.dll' does not exist
LogConsoleResponse: Display: Failed to find resolution value strings in scalability ini. Falling back to default.
LogInit: Display: Running engine for game: Ultimate_NAF
LogPakFile: Registered encryption key '00000000000000000000000000000000': 0 pak files mounted, 0 remain pending
LogPlatformFile: Not using cached read wrapper
LogTaskGraph: Started task graph with 5 named threads and 17 total threads with 3 sets of task threads.
LogStats: Stats thread started at 0.305484
LogD3D11RHI: Loaded GFSDK_Aftermath_Lib.x64.dll
LogICUInternationalization: ICU TimeZone Detection - Raw Offset: +10:00, Platform Override: ''
LogPluginManager: Mounting plugin Paper2D
LogPluginManager: Mounting plugin AISupport
LogPluginManager: Mounting plugin LightPropagationVolume
LogPluginManager: Mounting plugin ActorLayerUtilities
LogPluginManager: Mounting plugin CLionSourceCodeAccess
LogPluginManager: Mounting plugin CodeLiteSourceCodeAccess
LogPluginManager: Mounting plugin GitSourceControl
LogPluginManager: Mounting plugin KDevelopSourceCodeAccess
LogPluginManager: Mounting plugin NullSourceCodeAccess
LogPluginManager: Mounting plugin PerforceSourceControl
LogPluginManager: Mounting plugin SubversionSourceControl
LogPluginManager: Mounting plugin UObjectPlugin
LogPluginManager: Mounting plugin VisualStudioCodeSourceCodeAccess
LogPluginManager: Mounting plugin VisualStudioSourceCodeAccess
LogPluginManager: Mounting plugin XCodeSourceCodeAccess
LogPluginManager: Mounting plugin AssetManagerEditor
LogPluginManager: Mounting plugin CryptoKeys
LogPluginManager: Mounting plugin DataValidation
LogPluginManager: Mounting plugin FacialAnimation
LogPluginManager: Mounting plugin GameplayTagsEditor
LogPluginManager: Mounting plugin MacGraphicsSwitching
LogPluginManager: Mounting plugin MeshEditor
LogPluginManager: Mounting plugin MobileLauncherProfileWizard
LogPluginManager: Mounting plugin PluginBrowser
LogPluginManager: Mounting plugin SpeedTreeImporter
LogPluginManager: Mounting plugin DatasmithContent
LogPluginManager: Mounting plugin VariantManagerContent
LogPluginManager: Mounting plugin AlembicImporter
LogPluginManager: Mounting plugin AppleImageUtils
LogPluginManager: Mounting plugin AppleVision
LogPluginManager: Mounting plugin BackChannel
LogPluginManager: Mounting plugin CharacterAI
LogPluginManager: Mounting plugin GeometryCache
LogPluginManager: Mounting plugin HTML5Networking
LogPluginManager: Mounting plugin ProxyLODPlugin
LogPluginManager: Mounting plugin MagicLeap
LogPluginManager: Mounting plugin MagicLeapMedia
LogPluginManager: Mounting plugin AndroidMedia
LogPluginManager: Mounting plugin AvfMedia
LogPluginManager: Mounting plugin ImgMedia
LogPluginManager: Mounting plugin LinearTimecode
LogPluginManager: Mounting plugin MediaCompositing
LogPluginManager: Mounting plugin MediaPlayerEditor
LogPluginManager: Mounting plugin WebMMedia
LogPluginManager: Mounting plugin WmfMedia
LogPluginManager: Mounting plugin TcpMessaging
LogPluginManager: Mounting plugin UdpMessaging
LogPluginManager: Mounting plugin ActorSequence
LogPluginManager: Mounting plugin LevelSequenceEditor
LogPluginManager: Mounting plugin MatineeToLevelSequence
LogPluginManager: Mounting plugin NetcodeUnitTest
LogPluginManager: Mounting plugin NUTUnrealEngine4
LogPluginManager: Mounting plugin OnlineSubsystemGooglePlay
LogPluginManager: Mounting plugin OnlineSubsystemIOS
LogPluginManager: Mounting plugin OnlineSubsystem
LogPluginManager: Mounting plugin OnlineSubsystemNull
LogPluginManager: Mounting plugin OnlineSubsystemUtils
LogPluginManager: Mounting plugin LauncherChunkInstaller
LogPluginManager: Mounting plugin AndroidDeviceProfileSelector
LogPluginManager: Mounting plugin AndroidMoviePlayer
LogPluginManager: Mounting plugin AndroidPermission
LogPluginManager: Mounting plugin AppleMoviePlayer
LogPluginManager: Mounting plugin ArchVisCharacter
LogPluginManager: Mounting plugin AudioCapture
LogPluginManager: Mounting plugin CableComponent
LogPluginManager: Mounting plugin CustomMeshComponent
LogPluginManager: Mounting plugin EditableMesh
LogPluginManager: Mounting plugin ExampleDeviceProfileSelector
LogPluginManager: Mounting plugin Firebase
LogPluginManager: Mounting plugin GoogleCloudMessaging
LogPluginManager: Mounting plugin IOSDeviceProfileSelector
LogPluginManager: Mounting plugin LinuxDeviceProfileSelector
LogPluginManager: Mounting plugin LocationServicesBPLibrary
LogPluginManager: Mounting plugin MobilePatchingUtils
LogPluginManager: Mounting plugin OculusVR
LogPluginManager: Mounting plugin PhysXVehicles
LogPluginManager: Mounting plugin ProceduralMeshComponent
LogPluginManager: Mounting plugin RuntimePhysXCooking
LogPluginManager: Mounting plugin SteamVR
LogPluginManager: Mounting plugin WebMMoviePlayer
LogPluginManager: Mounting plugin WindowsMoviePlayer
LogStreaming: Display: Took  0.508s to configure plugins.
LogInit: Using libcurl 7.55.1-DEV
LogInit:  - built for x86_64-pc-win32
LogInit:  - supports SSL with OpenSSL/1.0.2h
LogInit:  - supports HTTP deflate (compression) using libz 1.2.8
LogInit:  - other features:
LogInit:      CURL_VERSION_SSL
LogInit:      CURL_VERSION_LIBZ
LogInit:      CURL_VERSION_IPV6
LogInit:      CURL_VERSION_ASYNCHDNS
LogInit:      CURL_VERSION_LARGEFILE
LogInit:      CURL_VERSION_IDN
LogInit:  CurlRequestOptions (configurable via config and command line):
LogInit:  - bVerifyPeer = true  - Libcurl will verify peer certificate
LogInit:  - bUseHttpProxy = false  - Libcurl will NOT use HTTP proxy
LogInit:  - bDontReuseConnections = false  - Libcurl will reuse connections
LogInit:  - MaxHostConnections = 16  - Libcurl will limit the number of connections to a host
LogInit:  - LocalHostAddr = Default
LogInit:  - BufferSize = 65536
LogInit: WinSock: version 1.1 (2.2), MaxSocks=32767, MaxUdp=65467
LogInit: Build: ++UE4+Release-4.21-CL-4613538
LogInit: Engine Version: 4.21.1-4613538+++UE4+Release-4.21
LogInit: Compatible Engine Version: 4.21.0-4541578+++UE4+Release-4.21
LogInit: Net CL: 4541578
LogInit: OS: Windows 10 (), CPU: AMD FX(tm)-6300 Six-Core Processor             , GPU: NVIDIA GeForce GTX 1050 Ti
LogInit: Compiled (64-bit): Nov 30 2018 04:13:25
LogInit: Compiled with Visual C++: 19.13.26129.00
LogInit: Build Configuration: Development
LogInit: Branch Name: ++UE4+Release-4.21
LogInit: Command Line: 
LogInit: Base Directory: E:/Program Files/Epic Games/UE_4.21/Engine/Binaries/Win64/
LogInit: Installed Engine Build: 1
LogDevObjectVersion: Number of dev versions registered: 22
LogDevObjectVersion:   Dev-Blueprints (B0D832E4-1F89-4F0D-ACCF-7EB736FD4AA2): 10
LogDevObjectVersion:   Dev-Build (E1C64328-A22C-4D53-A36C-8E866417BD8C): 0
LogDevObjectVersion:   Dev-Core (375EC13C-06E4-48FB-B500-84F0262A717E): 2
LogDevObjectVersion:   Dev-Editor (E4B068ED-F494-42E9-A231-DA0B2E46BB41): 26
LogDevObjectVersion:   Dev-Framework (CFFC743F-43B0-4480-9391-14DF171D2073): 34
LogDevObjectVersion:   Dev-Mobile (B02B49B5-BB20-44E9-A304-32B752E40360): 2
LogDevObjectVersion:   Dev-Networking (A4E4105C-59A1-49B5-A7C5-40C4547EDFEE): 0
LogDevObjectVersion:   Dev-Online (39C831C9-5AE6-47DC-9A44-9C173E1C8E7C): 0
LogDevObjectVersion:   Dev-Physics (78F01B33-EBEA-4F98-B9B4-84EACCB95AA2): 0
LogDevObjectVersion:   Dev-Platform (6631380F-2D4D-43E0-8009-CF276956A95A): 0
LogDevObjectVersion:   Dev-Rendering (12F88B9F-8875-4AFC-A67C-D90C383ABD29): 27
LogDevObjectVersion:   Dev-Sequencer (7B5AE74C-D270-4C10-A958-57980B212A5A): 9
LogDevObjectVersion:   Dev-VR (D7296918-1DD6-4BDD-9DE2-64A83CC13884): 2
LogDevObjectVersion:   Dev-LoadTimes (C2A15278-BFE7-4AFE-6C17-90FF531DF755): 1
LogDevObjectVersion:   Private-Geometry (6EACA3D4-40EC-4CC1-B786-8BED09428FC5): 3
LogDevObjectVersion:   Dev-AnimPhys (29E575DD-E0A3-4627-9D10-D276232CDCEA): 17
LogDevObjectVersion:   Dev-Anim (AF43A65D-7FD3-4947-9873-3E8ED9C1BB05): 2
LogDevObjectVersion:   Dev-ReflectionCapture (6B266CEC-1EC7-4B8F-A30B-E4D90942FC07): 1
LogDevObjectVersion:   Dev-Automation (0DF73D61-A23F-47EA-B727-89E90C41499A): 1
LogDevObjectVersion:   FortniteMain (601D1886-AC64-4F84-AA16-D3DE0DEAC7D6): 17
LogDevObjectVersion:   Dev-Enterprise (9DFFBCD6-494F-0158-E221-12823C92A888): 4
LogDevObjectVersion:   Dev-Niagara (F2AED0AC-9AFE-416F-8664-AA7FFA26D6FC): 1
LogStreaming: Display: Took  0.002s to delete old logs.
LogInit: Presizing for max 8388607 objects, including 0 objects not considered by GC, pre-allocating 0 bytes for permanent pool.
LogInit: Object subsystem initialized
LogConfig: Setting CVar [[con.DebugEarlyDefault:1]]
LogConfig: Setting CVar [[r.setres:1280x720]]
[2019.01.09-04.42.46:176][  0]LogConfig: Setting CVar [[r.VSync:0]]
[2019.01.09-04.42.46:176][  0]LogConfig: Setting CVar [[r.RHICmdBypass:0]]
[2019.01.09-04.42.46:176][  0]LogConfig: Applying CVar settings from Section [/Script/Engine.RendererSettings] File [F:/PCBackup/MISC/Unreal Games/Ultimate-New-Age-Fighters/Ultimate_NAF/Saved/Config/Windows/Engine.ini]
[2019.01.09-04.42.46:176][  0]LogConfig: Setting CVar [[r.GPUCrashDebugging:0]]
[2019.01.09-04.42.46:176][  0]LogConfig: Setting CVar [[r.MobileHDR:1]]
[2019.01.09-04.42.46:176][  0]LogConfig: Setting CVar [[r.Mobile.DisableVertexFog:1]]
[2019.01.09-04.42.46:176][  0]LogConfig: Setting CVar [[r.Shadow.CSM.MaxMobileCascades:2]]
[2019.01.09-04.42.46:176][  0]LogConfig: Setting CVar [[r.MobileMSAA:1]]
[2019.01.09-04.42.46:176][  0]LogConfig: Setting CVar [[r.Mobile.UseLegacyShadingModel:0]]
[2019.01.09-04.42.46:176][  0]LogConfig: Setting CVar [[r.Mobile.AllowDitheredLODTransition:0]]
[2019.01.09-04.42.46:176][  0]LogConfig: Setting CVar [[r.Mobile.AllowSoftwareOcclusion:0]]
[2019.01.09-04.42.46:176][  0]LogConfig: Setting CVar [[r.DiscardUnusedQuality:0]]
[2019.01.09-04.42.46:176][  0]LogConfig: Setting CVar [[r.AllowOcclusionQueries:1]]
[2019.01.09-04.42.46:176][  0]LogConfig: Setting CVar [[r.MinScreenRadiusForLights:0.030000]]
[2019.01.09-04.42.46:176][  0]LogConfig: Setting CVar [[r.MinScreenRadiusForDepthPrepass:0.030000]]
[2019.01.09-04.42.46:176][  0]LogConfig: Setting CVar [[r.MinScreenRadiusForCSMDepth:0.010000]]
[2019.01.09-04.42.46:176][  0]LogConfig: Setting CVar [[r.PrecomputedVisibilityWarning:0]]
[2019.01.09-04.42.46:176][  0]LogConfig: Setting CVar [[r.TextureStreaming:1]]
[2019.01.09-04.42.46:176][  0]LogConfig: Setting CVar [[Compat.UseDXT5NormalMaps:0]]
[2019.01.09-04.42.46:176][  0]LogConfig: Setting CVar [[r.ClearCoatNormal:0]]
[2019.01.09-04.42.46:176][  0]LogConfig: Setting CVar [[r.ReflectionCaptureResolution:128]]
[2019.01.09-04.42.46:176][  0]LogConfig: Setting CVar [[r.ReflectionEnvironmentLightmapMixBasedOnRoughness:1]]
[2019.01.09-04.42.46:176][  0]LogConfig: Setting CVar [[r.ForwardShading:0]]
[2019.01.09-04.42.46:176][  0]LogConfig: Setting CVar [[r.VertexFoggingForOpaque:1]]
[2019.01.09-04.42.46:176][  0]LogConfig: Setting CVar [[r.AllowStaticLighting:1]]
[2019.01.09-04.42.46:176][  0]LogConfig: Setting CVar [[r.NormalMapsForStaticLighting:0]]
[2019.01.09-04.42.46:176][  0]LogConfig: Setting CVar [[r.GenerateMeshDistanceFields:0]]
[2019.01.09-04.42.46:176][  0]LogConfig: Setting CVar [[r.DistanceFieldBuild.EightBit:0]]
[2019.01.09-04.42.46:176][  0]LogConfig: Setting CVar [[r.GenerateLandscapeGIData:0]]
[2019.01.09-04.42.46:176][  0]LogConfig: Setting CVar [[r.DistanceFieldBuild.Compress:0]]
[2019.01.09-04.42.46:177][  0]LogConfig: Setting CVar [[r.TessellationAdaptivePixelsPerTriangle:48.000000]]
[2019.01.09-04.42.46:177][  0]LogConfig: Setting CVar [[r.SeparateTranslucency:1]]
[2019.01.09-04.42.46:177][  0]LogConfig: Setting CVar [[r.TranslucentSortPolicy:0]]
[2019.01.09-04.42.46:177][  0]LogConfig: Setting CVar [[r.CustomDepth:1]]
[2019.01.09-04.42.46:177][  0]LogConfig: Setting CVar [[r.CustomDepthTemporalAAJitter:1]]
[2019.01.09-04.42.46:177][  0]LogConfig: Setting CVar [[r.PostProcessing.PropagateAlpha:0]]
[2019.01.09-04.42.46:177][  0]LogConfig: Setting CVar [[r.DOF.Algorithm:1]]
[2019.01.09-04.42.46:177][  0]LogConfig: Setting CVar [[r.DefaultFeature.Bloom:1]]
[2019.01.09-04.42.46:177][  0]LogConfig: Setting CVar [[r.DefaultFeature.AmbientOcclusion:1]]
[2019.01.09-04.42.46:177][  0]LogConfig: Setting CVar [[r.DefaultFeature.AmbientOcclusionStaticFraction:1]]
[2019.01.09-04.42.46:177][  0]LogConfig: Setting CVar [[r.DefaultFeature.AutoExposure:1]]
[2019.01.09-04.42.46:177][  0]LogConfig: Setting CVar [[r.DefaultFeature.AutoExposure.Method:0]]
[2019.01.09-04.42.46:177][  0]LogConfig: Setting CVar [[r.DefaultFeature.AutoExposure.ExtendDefaultLuminanceRange:0]]
[2019.01.09-04.42.46:177][  0]LogConfig: Setting CVar [[r.UsePreExposure:0]]
[2019.01.09-04.42.46:177][  0]LogConfig: Setting CVar [[r.DefaultFeature.MotionBlur:1]]
[2019.01.09-04.42.46:177][  0]LogConfig: Setting CVar [[r.DefaultFeature.LensFlare:0]]
[2019.01.09-04.42.46:177][  0]LogConfig: Setting CVar [[r.TemporalAA.Upsampling:0]]
[2019.01.09-04.42.46:177][  0]LogConfig: Setting CVar [[r.DefaultFeature.AntiAliasing:2]]
[2019.01.09-04.42.46:177][  0]LogConfig: Setting CVar [[r.DefaultFeature.LightUnits:1]]
[2019.01.09-04.42.46:177][  0]LogConfig: Setting CVar [[r.DefaultBackBufferPixelFormat:4]]
[2019.01.09-04.42.46:177][  0]LogConfig: Setting CVar [[r.Shadow.UnbuiltPreviewInGame:1]]
[2019.01.09-04.42.46:177][  0]LogConfig: Setting CVar [[r.StencilForLODDither:0]]
[2019.01.09-04.42.46:177][  0]LogConfig: Setting CVar [[r.EarlyZPass:3]]
[2019.01.09-04.42.46:177][  0]LogConfig: Setting CVar [[r.EarlyZPassMovable:1]]
[2019.01.09-04.42.46:177][  0]LogConfig: Setting CVar [[r.EarlyZPassOnlyMaterialMasking:0]]
[2019.01.09-04.42.46:177][  0]LogConfig: Setting CVar [[r.DBuffer:1]]
[2019.01.09-04.42.46:177][  0]LogConfig: Setting CVar [[r.ClearSceneMethod:1]]
[2019.01.09-04.42.46:177][  0]LogConfig: Setting CVar [[r.BasePassOutputsVelocity:0]]
[2019.01.09-04.42.46:177][  0]LogConfig: Setting CVar [[r.SelectiveBasePassOutputs:0]]
[2019.01.09-04.42.46:177][  0]LogConfig: Setting CVar [[fx.GPUSimulationTextureSizeX:1024]]
[2019.01.09-04.42.46:177][  0]LogConfig: Setting CVar [[fx.GPUSimulationTextureSizeY:1024]]
[2019.01.09-04.42.46:177][  0]LogConfig: Setting CVar [[r.AllowGlobalClipPlane:0]]
[2019.01.09-04.42.46:177][  0]LogConfig: Setting CVar [[r.GBufferFormat:1]]
[2019.01.09-04.42.46:177][  0]LogConfig: Setting CVar [[r.MorphTarget.Mode:1]]
[2019.01.09-04.42.46:177][  0]LogConfig: Setting CVar [[vr.InstancedStereo:0]]
[2019.01.09-04.42.46:177][  0]LogConfig: Setting CVar [[vr.MultiView:0]]
[2019.01.09-04.42.46:177][  0]LogConfig: Setting CVar [[vr.MobileMultiView:0]]
[2019.01.09-04.42.46:177][  0]LogConfig: Setting CVar [[vr.MobileMultiView.Direct:0]]
[2019.01.09-04.42.46:177][  0]LogConfig: Setting CVar [[vr.MonoscopicFarField:0]]
[2019.01.09-04.42.46:178][  0]LogConfig: Setting CVar [[vr.RoundRobinOcclusion:0]]
[2019.01.09-04.42.46:178][  0]LogConfig: Setting CVar [[vr.ODSCapture:0]]
[2019.01.09-04.42.46:178][  0]LogConfig: Setting CVar [[r.WireframeCullThreshold:5.000000]]
[2019.01.09-04.42.46:178][  0]LogConfig: Setting CVar [[r.SupportStationarySkylight:1]]
[2019.01.09-04.42.46:178][  0]LogConfig: Setting CVar [[r.SupportLowQualityLightmaps:1]]
[2019.01.09-04.42.46:178][  0]LogConfig: Setting CVar [[r.SupportPointLightWholeSceneShadows:1]]
[2019.01.09-04.42.46:178][  0]LogConfig: Setting CVar [[r.SupportAtmosphericFog:1]]
[2019.01.09-04.42.46:178][  0]LogConfig: Setting CVar [[r.SkinCache.CompileShaders:0]]
[2019.01.09-04.42.46:178][  0]LogConfig: Setting CVar [[r.Mobile.EnableStaticAndCSMShadowReceivers:1]]
[2019.01.09-04.42.46:178][  0]LogConfig: Setting CVar [[r.Mobile.EnableMovableLightCSMShaderCulling:1]]
[2019.01.09-04.42.46:178][  0]LogConfig: Setting CVar [[r.Mobile.AllowDistanceFieldShadows:1]]
[2019.01.09-04.42.46:178][  0]LogConfig: Setting CVar [[r.Mobile.AllowMovableDirectionalLights:1]]
[2019.01.09-04.42.46:178][  0]LogConfig: Setting CVar [[r.MobileNumDynamicPointLights:4]]
[2019.01.09-04.42.46:178][  0]LogConfig: Setting CVar [[r.MobileDynamicPointLightsUseStaticBranch:1]]
[2019.01.09-04.42.46:178][  0]LogConfig: Setting CVar [[r.SkinCache.SceneMemoryLimitInMB:128.000000]]
[2019.01.09-04.42.46:178][  0]LogConfig: Setting CVar [[r.GPUSkin.Limit2BoneInfluences:0]]
[2019.01.09-04.42.46:178][  0]LogConfig: Setting CVar [[r.SupportDepthOnlyIndexBuffers:1]]
[2019.01.09-04.42.46:178][  0]LogConfig: Setting CVar [[r.SupportReversedIndexBuffers:1]]
[2019.01.09-04.42.46:178][  0]LogConfig: Setting CVar [[r.SupportMaterialLayers:0]]
[2019.01.09-04.42.46:178][  0]LogConfig: Applying CVar settings from Section [/Script/Engine.RendererOverrideSettings] File [F:/PCBackup/MISC/Unreal Games/Ultimate-New-Age-Fighters/Ultimate_NAF/Saved/Config/Windows/Engine.ini]
[2019.01.09-04.42.46:178][  0]LogConfig: Applying CVar settings from Section [/Script/Engine.StreamingSettings] File [F:/PCBackup/MISC/Unreal Games/Ultimate-New-Age-Fighters/Ultimate_NAF/Saved/Config/Windows/Engine.ini]
[2019.01.09-04.42.46:178][  0]LogConfig: Setting CVar [[s.MinBulkDataSizeForAsyncLoading:131072]]
[2019.01.09-04.42.46:178][  0]LogConfig: Setting CVar [[s.AsyncLoadingThreadEnabled:0]]
[2019.01.09-04.42.46:178][  0]LogConfig: Setting CVar [[s.EventDrivenLoaderEnabled:1]]
[2019.01.09-04.42.46:178][  0]LogConfig: Setting CVar [[s.WarnIfTimeLimitExceeded:0]]
[2019.01.09-04.42.46:178][  0]LogConfig: Setting CVar [[s.TimeLimitExceededMultiplier:1.5]]
[2019.01.09-04.42.46:178][  0]LogConfig: Setting CVar [[s.TimeLimitExceededMinTime:0.005]]
[2019.01.09-04.42.46:178][  0]LogConfig: Setting CVar [[s.UseBackgroundLevelStreaming:1]]
[2019.01.09-04.42.46:178][  0]LogConfig: Setting CVar [[s.PriorityAsyncLoadingExtraTime:15.0]]
[2019.01.09-04.42.46:178][  0]LogConfig: Setting CVar [[s.LevelStreamingActorsUpdateTimeLimit:5.0]]
[2019.01.09-04.42.46:178][  0]LogConfig: Setting CVar [[s.PriorityLevelStreamingActorsUpdateExtraTime:5.0]]
[2019.01.09-04.42.46:178][  0]LogConfig: Setting CVar [[s.LevelStreamingComponentsRegistrationGranularity:10]]
[2019.01.09-04.42.46:178][  0]LogConfig: Setting CVar [[s.UnregisterComponentsTimeLimit:1.0]]
[2019.01.09-04.42.46:178][  0]LogConfig: Setting CVar [[s.LevelStreamingComponentsUnregistrationGranularity:5]]
[2019.01.09-04.42.46:178][  0]LogConfig: Applying CVar settings from Section [/Script/Engine.GarbageCollectionSettings] File [F:/PCBackup/MISC/Unreal Games/Ultimate-New-Age-Fighters/Ultimate_NAF/Saved/Config/Windows/Engine.ini]
[2019.01.09-04.42.46:178][  0]LogConfig: Setting CVar [[gc.MaxObjectsNotConsideredByGC:1]]
[2019.01.09-04.42.46:178][  0]LogConfig: Setting CVar [[gc.SizeOfPermanentObjectPool:0]]
[2019.01.09-04.42.46:178][  0]LogConfig: Setting CVar [[gc.FlushStreamingOnGC:0]]
[2019.01.09-04.42.46:178][  0]LogConfig: Setting CVar [[gc.NumRetriesBeforeForcingGC:10]]
[2019.01.09-04.42.46:178][  0]LogConfig: Setting CVar [[gc.AllowParallelGC:1]]
[2019.01.09-04.42.46:178][  0]LogConfig: Setting CVar [[gc.TimeBetweenPurgingPendingKillObjects:61.1]]
[2019.01.09-04.42.46:179][  0]LogConfig: Setting CVar [[gc.MaxObjectsInEditor:8388607]]
[2019.01.09-04.42.46:179][  0]LogConfig: Setting CVar [[gc.IncrementalBeginDestroyEnabled:1]]
[2019.01.09-04.42.46:179][  0]LogConfig: Setting CVar [[gc.CreateGCClusters:1]]
[2019.01.09-04.42.46:179][  0]LogConfig: Setting CVar [[gc.MergeGCClusters:0]]
[2019.01.09-04.42.46:179][  0]LogConfig: Setting CVar [[gc.MinGCClusterSize:5]]
[2019.01.09-04.42.46:179][  0]LogConfig: Setting CVar [[gc.ActorClusteringEnabled:0]]
[2019.01.09-04.42.46:179][  0]LogConfig: Setting CVar [[gc.BlueprintClusteringEnabled:0]]
[2019.01.09-04.42.46:179][  0]LogConfig: Setting CVar [[gc.UseDisregardForGCOnDedicatedServers:0]]
[2019.01.09-04.42.46:179][  0]LogConfig: Applying CVar settings from Section [/Script/Engine.NetworkSettings] File [F:/PCBackup/MISC/Unreal Games/Ultimate-New-Age-Fighters/Ultimate_NAF/Saved/Config/Windows/Engine.ini]
[2019.01.09-04.42.46:179][  0]LogConfig: Applying CVar settings from Section [/Script/UnrealEd.CookerSettings] File [F:/PCBackup/MISC/Unreal Games/Ultimate-New-Age-Fighters/Ultimate_NAF/Saved/Config/Windows/Engine.ini]
[2019.01.09-04.42.46:193][  0]LogConfig: Applying CVar settings from Section [ViewDistanceQuality@3] File [F:/PCBackup/MISC/Unreal Games/Ultimate-New-Age-Fighters/Ultimate_NAF/Saved/Config/Windows/Scalability.ini]
[2019.01.09-04.42.46:193][  0]LogConfig: Setting CVar [[r.SkeletalMeshLODBias:0]]
[2019.01.09-04.42.46:193][  0]LogConfig: Setting CVar [[r.ViewDistanceScale:1.0]]
[2019.01.09-04.42.46:193][  0]LogConfig: Applying CVar settings from Section [AntiAliasingQuality@3] File [F:/PCBackup/MISC/Unreal Games/Ultimate-New-Age-Fighters/Ultimate_NAF/Saved/Config/Windows/Scalability.ini]
[2019.01.09-04.42.46:193][  0]LogConfig: Setting CVar [[r.PostProcessAAQuality:4]]
[2019.01.09-04.42.46:193][  0]LogConfig: Applying CVar settings from Section [ShadowQuality@3] File [F:/PCBackup/MISC/Unreal Games/Ultimate-New-Age-Fighters/Ultimate_NAF/Saved/Config/Windows/Scalability.ini]
[2019.01.09-04.42.46:193][  0]LogConfig: Setting CVar [[r.LightFunctionQuality:1]]
[2019.01.09-04.42.46:194][  0]LogConfig: Setting CVar [[r.ShadowQuality:5]]
[2019.01.09-04.42.46:194][  0]LogConfig: Setting CVar [[r.Shadow.CSM.MaxCascades:10]]
[2019.01.09-04.42.46:194][  0]LogConfig: Setting CVar [[r.Shadow.MaxResolution:2048]]
[2019.01.09-04.42.46:194][  0]LogConfig: Setting CVar [[r.Shadow.MaxCSMResolution:2048]]
[2019.01.09-04.42.46:194][  0]LogConfig: Setting CVar [[r.Shadow.RadiusThreshold:0.01]]
[2019.01.09-04.42.46:194][  0]LogConfig: Setting CVar [[r.Shadow.DistanceScale:1.0]]
[2019.01.09-04.42.46:194][  0]LogConfig: Setting CVar [[r.Shadow.CSM.TransitionScale:1.0]]
[2019.01.09-04.42.46:194][  0]LogConfig: Setting CVar [[r.Shadow.PreShadowResolutionFactor:1.0]]
[2019.01.09-04.42.46:194][  0]LogConfig: Setting CVar [[r.DistanceFieldShadowing:1]]
[2019.01.09-04.42.46:194][  0]LogConfig: Setting CVar [[r.DistanceFieldAO:1]]
[2019.01.09-04.42.46:194][  0]LogConfig: Setting CVar [[r.AOQuality:2]]
[2019.01.09-04.42.46:194][  0]LogConfig: Setting CVar [[r.VolumetricFog:1]]
[2019.01.09-04.42.46:194][  0]LogConfig: Setting CVar [[r.VolumetricFog.GridPixelSize:8]]
[2019.01.09-04.42.46:194][  0]LogConfig: Setting CVar [[r.VolumetricFog.GridSizeZ:128]]
[2019.01.09-04.42.46:194][  0]LogConfig: Setting CVar [[r.VolumetricFog.HistoryMissSupersampleCount:4]]
[2019.01.09-04.42.46:194][  0]LogConfig: Setting CVar [[r.LightMaxDrawDistanceScale:1]]
[2019.01.09-04.42.46:194][  0]LogConfig: Setting CVar [[r.CapsuleShadows:1]]
[2019.01.09-04.42.46:194][  0]LogConfig: Applying CVar settings from Section [PostProcessQuality@3] File [F:/PCBackup/MISC/Unreal Games/Ultimate-New-Age-Fighters/Ultimate_NAF/Saved/Config/Windows/Scalability.ini]
[2019.01.09-04.42.46:194][  0]LogConfig: Setting CVar [[r.MotionBlurQuality:4]]
[2019.01.09-04.42.46:194][  0]LogConfig: Setting CVar [[r.AmbientOcclusionMipLevelFactor:0.4]]
[2019.01.09-04.42.46:194][  0]LogConfig: Setting CVar [[r.AmbientOcclusionMaxQuality:100]]
[2019.01.09-04.42.46:194][  0]LogConfig: Setting CVar [[r.AmbientOcclusionLevels:-1]]
[2019.01.09-04.42.46:194][  0]LogConfig: Setting CVar [[r.AmbientOcclusionRadiusScale:1.0]]
[2019.01.09-04.42.46:194][  0]LogConfig: Setting CVar [[r.DepthOfFieldQuality:2]]
[2019.01.09-04.42.46:194][  0]LogConfig: Setting CVar [[r.RenderTargetPoolMin:400]]
[2019.01.09-04.42.46:194][  0]LogConfig: Setting CVar [[r.LensFlareQuality:2]]
[2019.01.09-04.42.46:194][  0]LogConfig: Setting CVar [[r.SceneColorFringeQuality:1]]
[2019.01.09-04.42.46:194][  0]LogConfig: Setting CVar [[r.EyeAdaptationQuality:2]]
[2019.01.09-04.42.46:194][  0]LogConfig: Setting CVar [[r.BloomQuality:5]]
[2019.01.09-04.42.46:194][  0]LogConfig: Setting CVar [[r.FastBlurThreshold:100]]
[2019.01.09-04.42.46:194][  0]LogConfig: Setting CVar [[r.Upscale.Quality:3]]
[2019.01.09-04.42.46:194][  0]LogConfig: Setting CVar [[r.Tonemapper.GrainQuantization:1]]
[2019.01.09-04.42.46:194][  0]LogConfig: Setting CVar [[r.LightShaftQuality:1]]
[2019.01.09-04.42.46:194][  0]LogConfig: Setting CVar [[r.Filter.SizeScale:1]]
[2019.01.09-04.42.46:194][  0]LogConfig: Setting CVar [[r.Tonemapper.Quality:5]]
[2019.01.09-04.42.46:194][  0]LogConfig: Setting CVar [[r.DOF.Gather.AccumulatorQuality:1        ; higher gathering accumulator quality]]
[2019.01.09-04.42.46:194][  0]LogConfig: Setting CVar [[r.DOF.Gather.PostfilterMethod:1          ; Median3x3 postfilering method]]
[2019.01.09-04.42.46:194][  0]LogConfig: Setting CVar [[r.DOF.Gather.EnableBokehSettings:0       ; no bokeh simulation when gathering]]
[2019.01.09-04.42.46:194][  0]LogConfig: Setting CVar [[r.DOF.Gather.RingCount:4                 ; medium number of samples when gathering]]
[2019.01.09-04.42.46:194][  0]LogConfig: Setting CVar [[r.DOF.Scatter.ForegroundCompositing:1    ; additive foreground scattering]]
[2019.01.09-04.42.46:194][  0]LogConfig: Setting CVar [[r.DOF.Scatter.BackgroundCompositing:2    ; additive background scattering]]
[2019.01.09-04.42.46:194][  0]LogConfig: Setting CVar [[r.DOF.Scatter.EnableBokehSettings:1      ; bokeh simulation when scattering]]
[2019.01.09-04.42.46:194][  0]LogConfig: Setting CVar [[r.DOF.Scatter.MaxSpriteRatio:0.1         ; only a maximum of 10% of scattered bokeh]]
[2019.01.09-04.42.46:194][  0]LogConfig: Setting CVar [[r.DOF.Recombine.Quality:1                ; cheap slight out of focus]]
[2019.01.09-04.42.46:194][  0]LogConfig: Setting CVar [[r.DOF.Recombine.EnableBokehSettings:0    ; no bokeh simulation on slight out of focus]]
[2019.01.09-04.42.46:194][  0]LogConfig: Setting CVar [[r.DOF.TemporalAAQuality:1                ; more stable temporal accumulation]]
[2019.01.09-04.42.46:194][  0]LogConfig: Setting CVar [[r.DOF.Kernel.MaxForegroundRadius:0.025]]
[2019.01.09-04.42.46:195][  0]LogConfig: Setting CVar [[r.DOF.Kernel.MaxBackgroundRadius:0.025]]
[2019.01.09-04.42.46:195][  0]LogConfig: Applying CVar settings from Section [TextureQuality@3] File [F:/PCBackup/MISC/Unreal Games/Ultimate-New-Age-Fighters/Ultimate_NAF/Saved/Config/Windows/Scalability.ini]
[2019.01.09-04.42.46:195][  0]LogConfig: Setting CVar [[r.Streaming.MipBias:0]]
[2019.01.09-04.42.46:195][  0]LogConfig: Setting CVar [[r.Streaming.AmortizeCPUToGPUCopy:0]]
[2019.01.09-04.42.46:195][  0]LogConfig: Setting CVar [[r.Streaming.MaxNumTexturesToStreamPerFrame:0]]
[2019.01.09-04.42.46:195][  0]LogConfig: Setting CVar [[r.Streaming.Boost:1]]
[2019.01.09-04.42.46:195][  0]LogConfig: Setting CVar [[r.MaxAnisotropy:8]]
[2019.01.09-04.42.46:195][  0]LogConfig: Setting CVar [[r.Streaming.LimitPoolSizeToVRAM:0]]
[2019.01.09-04.42.46:195][  0]LogConfig: Setting CVar [[r.Streaming.PoolSize:1000]]
[2019.01.09-04.42.46:195][  0]LogConfig: Setting CVar [[r.Streaming.MaxEffectiveScreenSize:0]]
[2019.01.09-04.42.46:195][  0]LogConfig: Applying CVar settings from Section [EffectsQuality@3] File [F:/PCBackup/MISC/Unreal Games/Ultimate-New-Age-Fighters/Ultimate_NAF/Saved/Config/Windows/Scalability.ini]
[2019.01.09-04.42.46:195][  0]LogConfig: Setting CVar [[r.TranslucencyLightingVolumeDim:64]]
[2019.01.09-04.42.46:195][  0]LogConfig: Setting CVar [[r.RefractionQuality:2]]
[2019.01.09-04.42.46:195][  0]LogConfig: Setting CVar [[r.SSR.Quality:3]]
[2019.01.09-04.42.46:195][  0]LogConfig: Setting CVar [[r.SceneColorFormat:4]]
[2019.01.09-04.42.46:195][  0]LogConfig: Setting CVar [[r.DetailMode:2]]
[2019.01.09-04.42.46:195][  0]LogConfig: Setting CVar [[r.TranslucencyVolumeBlur:1]]
[2019.01.09-04.42.46:195][  0]LogConfig: Setting CVar [[r.MaterialQualityLevel:1 ; High quality]]
[2019.01.09-04.42.46:195][  0]LogConfig: Setting CVar [[r.SSS.Scale:1]]
[2019.01.09-04.42.46:195][  0]LogConfig: Setting CVar [[r.SSS.SampleSet:2]]
[2019.01.09-04.42.46:195][  0]LogConfig: Setting CVar [[r.SSS.Quality:1]]
[2019.01.09-04.42.46:195][  0]LogConfig: Setting CVar [[r.SSS.HalfRes:1]]
[2019.01.09-04.42.46:195][  0]LogConfig: Setting CVar [[r.EmitterSpawnRateScale:1.0]]
[2019.01.09-04.42.46:195][  0]LogConfig: Setting CVar [[r.ParticleLightQuality:2]]
[2019.01.09-04.42.46:195][  0]LogConfig: Applying CVar settings from Section [FoliageQuality@3] File [F:/PCBackup/MISC/Unreal Games/Ultimate-New-Age-Fighters/Ultimate_NAF/Saved/Config/Windows/Scalability.ini]
[2019.01.09-04.42.46:195][  0]LogConfig: Setting CVar [[foliage.DensityScale:1.0]]
[2019.01.09-04.42.46:195][  0]LogConfig: Setting CVar [[grass.DensityScale:1.0]]
[2019.01.09-04.42.46:195][  0]LogInit: Selected Device Profile: [Windows]
[2019.01.09-04.42.46:195][  0]LogInit: Applying CVar settings loaded from the selected device profile: [Windows]
[2019.01.09-04.42.46:251][  0]LogHAL: Display: Platform has ~ 16 GB [17160523776 / 17179869184 / 16], which maps to Larger [LargestMinGB=32, LargerMinGB=12, DefaultMinGB=8, SmallerMinGB=6, SmallestMinGB=0)
[2019.01.09-04.42.46:252][  0]LogConfig: Setting CVar [[r.Vulkan.UseRealUBs:1]]
[2019.01.09-04.42.46:252][  0]LogInit: Going up to parent DeviceProfile []
[2019.01.09-04.42.46:252][  0]LogConfig: Applying CVar settings from Section [ViewDistanceQuality@3] File [F:/PCBackup/MISC/Unreal Games/Ultimate-New-Age-Fighters/Ultimate_NAF/Saved/Config/Windows/Scalability.ini]
[2019.01.09-04.42.46:252][  0]LogConfig: Setting CVar [[r.SkeletalMeshLODBias:0]]
[2019.01.09-04.42.46:252][  0]LogConfig: Setting CVar [[r.ViewDistanceScale:1.0]]
[2019.01.09-04.42.46:252][  0]LogConfig: Applying CVar settings from Section [AntiAliasingQuality@3] File [F:/PCBackup/MISC/Unreal Games/Ultimate-New-Age-Fighters/Ultimate_NAF/Saved/Config/Windows/Scalability.ini]
[2019.01.09-04.42.46:252][  0]LogConfig: Setting CVar [[r.PostProcessAAQuality:4]]
[2019.01.09-04.42.46:252][  0]LogConfig: Applying CVar settings from Section [ShadowQuality@3] File [F:/PCBackup/MISC/Unreal Games/Ultimate-New-Age-Fighters/Ultimate_NAF/Saved/Config/Windows/Scalability.ini]
[2019.01.09-04.42.46:252][  0]LogConfig: Setting CVar [[r.LightFunctionQuality:1]]
[2019.01.09-04.42.46:252][  0]LogConfig: Setting CVar [[r.ShadowQuality:5]]
[2019.01.09-04.42.46:252][  0]LogConfig: Setting CVar [[r.Shadow.CSM.MaxCascades:10]]
[2019.01.09-04.42.46:252][  0]LogConfig: Setting CVar [[r.Shadow.MaxResolution:2048]]
[2019.01.09-04.42.46:252][  0]LogConfig: Setting CVar [[r.Shadow.MaxCSMResolution:2048]]
[2019.01.09-04.42.46:252][  0]LogConfig: Setting CVar [[r.Shadow.RadiusThreshold:0.01]]
[2019.01.09-04.42.46:252][  0]LogConfig: Setting CVar [[r.Shadow.DistanceScale:1.0]]
[2019.01.09-04.42.46:252][  0]LogConfig: Setting CVar [[r.Shadow.CSM.TransitionScale:1.0]]
[2019.01.09-04.42.46:252][  0]LogConfig: Setting CVar [[r.Shadow.PreShadowResolutionFactor:1.0]]
[2019.01.09-04.42.46:252][  0]LogConfig: Setting CVar [[r.DistanceFieldShadowing:1]]
[2019.01.09-04.42.46:252][  0]LogConfig: Setting CVar [[r.DistanceFieldAO:1]]
[2019.01.09-04.42.46:252][  0]LogConfig: Setting CVar [[r.AOQuality:2]]
[2019.01.09-04.42.46:252][  0]LogConfig: Setting CVar [[r.VolumetricFog:1]]
[2019.01.09-04.42.46:252][  0]LogConfig: Setting CVar [[r.VolumetricFog.GridPixelSize:8]]
[2019.01.09-04.42.46:252][  0]LogConfig: Setting CVar [[r.VolumetricFog.GridSizeZ:128]]
[2019.01.09-04.42.46:252][  0]LogConfig: Setting CVar [[r.VolumetricFog.HistoryMissSupersampleCount:4]]
[2019.01.09-04.42.46:252][  0]LogConfig: Setting CVar [[r.LightMaxDrawDistanceScale:1]]
[2019.01.09-04.42.46:252][  0]LogConfig: Setting CVar [[r.CapsuleShadows:1]]
[2019.01.09-04.42.46:252][  0]LogConfig: Applying CVar settings from Section [PostProcessQuality@3] File [F:/PCBackup/MISC/Unreal Games/Ultimate-New-Age-Fighters/Ultimate_NAF/Saved/Config/Windows/Scalability.ini]
[2019.01.09-04.42.46:252][  0]LogConfig: Setting CVar [[r.MotionBlurQuality:4]]
[2019.01.09-04.42.46:252][  0]LogConfig: Setting CVar [[r.AmbientOcclusionMipLevelFactor:0.4]]
[2019.01.09-04.42.46:252][  0]LogConfig: Setting CVar [[r.AmbientOcclusionMaxQuality:100]]
[2019.01.09-04.42.46:252][  0]LogConfig: Setting CVar [[r.AmbientOcclusionLevels:-1]]
[2019.01.09-04.42.46:252][  0]LogConfig: Setting CVar [[r.AmbientOcclusionRadiusScale:1.0]]
[2019.01.09-04.42.46:252][  0]LogConfig: Setting CVar [[r.DepthOfFieldQuality:2]]
[2019.01.09-04.42.46:252][  0]LogConfig: Setting CVar [[r.RenderTargetPoolMin:400]]
[2019.01.09-04.42.46:253][  0]LogConfig: Setting CVar [[r.LensFlareQuality:2]]
[2019.01.09-04.42.46:253][  0]LogConfig: Setting CVar [[r.SceneColorFringeQuality:1]]
[2019.01.09-04.42.46:253][  0]LogConfig: Setting CVar [[r.EyeAdaptationQuality:2]]
[2019.01.09-04.42.46:253][  0]LogConfig: Setting CVar [[r.BloomQuality:5]]
[2019.01.09-04.42.46:253][  0]LogConfig: Setting CVar [[r.FastBlurThreshold:100]]
[2019.01.09-04.42.46:253][  0]LogConfig: Setting CVar [[r.Upscale.Quality:3]]
[2019.01.09-04.42.46:253][  0]LogConfig: Setting CVar [[r.Tonemapper.GrainQuantization:1]]
[2019.01.09-04.42.46:253][  0]LogConfig: Setting CVar [[r.LightShaftQuality:1]]
[2019.01.09-04.42.46:253][  0]LogConfig: Setting CVar [[r.Filter.SizeScale:1]]
[2019.01.09-04.42.46:253][  0]LogConfig: Setting CVar [[r.Tonemapper.Quality:5]]
[2019.01.09-04.42.46:253][  0]LogConfig: Setting CVar [[r.DOF.Gather.AccumulatorQuality:1        ; higher gathering accumulator quality]]
[2019.01.09-04.42.46:253][  0]LogConfig: Setting CVar [[r.DOF.Gather.PostfilterMethod:1          ; Median3x3 postfilering method]]
[2019.01.09-04.42.46:253][  0]LogConfig: Setting CVar [[r.DOF.Gather.EnableBokehSettings:0       ; no bokeh simulation when gathering]]
[2019.01.09-04.42.46:253][  0]LogConfig: Setting CVar [[r.DOF.Gather.RingCount:4                 ; medium number of samples when gathering]]
[2019.01.09-04.42.46:253][  0]LogConfig: Setting CVar [[r.DOF.Scatter.ForegroundCompositing:1    ; additive foreground scattering]]
[2019.01.09-04.42.46:253][  0]LogConfig: Setting CVar [[r.DOF.Scatter.BackgroundCompositing:2    ; additive background scattering]]
[2019.01.09-04.42.46:253][  0]LogConfig: Setting CVar [[r.DOF.Scatter.EnableBokehSettings:1      ; bokeh simulation when scattering]]
[2019.01.09-04.42.46:253][  0]LogConfig: Setting CVar [[r.DOF.Scatter.MaxSpriteRatio:0.1         ; only a maximum of 10% of scattered bokeh]]
[2019.01.09-04.42.46:253][  0]LogConfig: Setting CVar [[r.DOF.Recombine.Quality:1                ; cheap slight out of focus]]
[2019.01.09-04.42.46:253][  0]LogConfig: Setting CVar [[r.DOF.Recombine.EnableBokehSettings:0    ; no bokeh simulation on slight out of focus]]
[2019.01.09-04.42.46:253][  0]LogConfig: Setting CVar [[r.DOF.TemporalAAQuality:1                ; more stable temporal accumulation]]
[2019.01.09-04.42.46:253][  0]LogConfig: Setting CVar [[r.DOF.Kernel.MaxForegroundRadius:0.025]]
[2019.01.09-04.42.46:253][  0]LogConfig: Setting CVar [[r.DOF.Kernel.MaxBackgroundRadius:0.025]]
[2019.01.09-04.42.46:253][  0]LogConfig: Applying CVar settings from Section [TextureQuality@3] File [F:/PCBackup/MISC/Unreal Games/Ultimate-New-Age-Fighters/Ultimate_NAF/Saved/Config/Windows/Scalability.ini]
[2019.01.09-04.42.46:253][  0]LogConfig: Setting CVar [[r.Streaming.MipBias:0]]
[2019.01.09-04.42.46:253][  0]LogConfig: Setting CVar [[r.Streaming.AmortizeCPUToGPUCopy:0]]
[2019.01.09-04.42.46:253][  0]LogConfig: Setting CVar [[r.Streaming.MaxNumTexturesToStreamPerFrame:0]]
[2019.01.09-04.42.46:253][  0]LogConfig: Setting CVar [[r.Streaming.Boost:1]]
[2019.01.09-04.42.46:253][  0]LogConfig: Setting CVar [[r.MaxAnisotropy:8]]
[2019.01.09-04.42.46:253][  0]LogConfig: Setting CVar [[r.Streaming.LimitPoolSizeToVRAM:0]]
[2019.01.09-04.42.46:253][  0]LogConfig: Setting CVar [[r.Streaming.PoolSize:1000]]
[2019.01.09-04.42.46:253][  0]LogConfig: Setting CVar [[r.Streaming.MaxEffectiveScreenSize:0]]
[2019.01.09-04.42.46:253][  0]LogConfig: Applying CVar settings from Section [EffectsQuality@3] File [F:/PCBackup/MISC/Unreal Games/Ultimate-New-Age-Fighters/Ultimate_NAF/Saved/Config/Windows/Scalability.ini]
[2019.01.09-04.42.46:253][  0]LogConfig: Setting CVar [[r.TranslucencyLightingVolumeDim:64]]
[2019.01.09-04.42.46:253][  0]LogConfig: Setting CVar [[r.RefractionQuality:2]]
[2019.01.09-04.42.46:253][  0]LogConfig: Setting CVar [[r.SSR.Quality:3]]
[2019.01.09-04.42.46:253][  0]LogConfig: Setting CVar [[r.SceneColorFormat:4]]
[2019.01.09-04.42.46:253][  0]LogConfig: Setting CVar [[r.DetailMode:2]]
[2019.01.09-04.42.46:253][  0]LogConfig: Setting CVar [[r.TranslucencyVolumeBlur:1]]
[2019.01.09-04.42.46:253][  0]LogConfig: Setting CVar [[r.MaterialQualityLevel:1 ; High quality]]
[2019.01.09-04.42.46:253][  0]LogConfig: Setting CVar [[r.SSS.Scale:1]]
[2019.01.09-04.42.46:253][  0]LogConfig: Setting CVar [[r.SSS.SampleSet:2]]
[2019.01.09-04.42.46:253][  0]LogConfig: Setting CVar [[r.SSS.Quality:1]]
[2019.01.09-04.42.46:253][  0]LogConfig: Setting CVar [[r.SSS.HalfRes:1]]
[2019.01.09-04.42.46:253][  0]LogConfig: Setting CVar [[r.EmitterSpawnRateScale:1.0]]
[2019.01.09-04.42.46:253][  0]LogConfig: Setting CVar [[r.ParticleLightQuality:2]]
[2019.01.09-04.42.46:253][  0]LogConfig: Applying CVar settings from Section [FoliageQuality@3] File [F:/PCBackup/MISC/Unreal Games/Ultimate-New-Age-Fighters/Ultimate_NAF/Saved/Config/Windows/Scalability.ini]
[2019.01.09-04.42.46:253][  0]LogConfig: Setting CVar [[foliage.DensityScale:1.0]]
[2019.01.09-04.42.46:253][  0]LogConfig: Setting CVar [[grass.DensityScale:1.0]]
[2019.01.09-04.42.46:254][  0]LogConfig: Applying CVar settings from Section [Startup] File [../../../Engine/Config/ConsoleVariables.ini]
[2019.01.09-04.42.46:254][  0]LogConfig: Setting CVar [[net.UseAdaptiveNetUpdateFrequency:0]]
[2019.01.09-04.42.46:254][  0]LogConfig: Applying CVar settings from Section [ConsoleVariables] File [F:/PCBackup/MISC/Unreal Games/Ultimate-New-Age-Fighters/Ultimate_NAF/Saved/Config/Windows/Engine.ini]
[2019.01.09-04.42.46:254][  0]LogInit: Computer: DESKTOP-MARKS
[2019.01.09-04.42.46:254][  0]LogInit: User: Mark
[2019.01.09-04.42.46:254][  0]LogInit: CPU Page size=4096, Cores=3
[2019.01.09-04.42.46:254][  0]LogInit: High frequency timer resolution =3.433153 MHz
[2019.01.09-04.42.46:254][  0]LogMemory: Memory total: Physical=16.0GB (16GB approx)
[2019.01.09-04.42.46:255][  0]LogMemory: Platform Memory Stats for Windows
[2019.01.09-04.42.46:255][  0]LogMemory: Process Physical Memory: 104.62 MB used, 104.62 MB peak
[2019.01.09-04.42.46:255][  0]LogMemory: Process Virtual Memory: 99.88 MB used, 99.88 MB peak
[2019.01.09-04.42.46:255][  0]LogMemory: Physical Memory: 5119.79 MB used,  11245.76 MB free, 16365.55 MB total
[2019.01.09-04.42.46:255][  0]LogMemory: Virtual Memory: 4643.79 MB used,  134213088.00 MB free, 134217728.00 MB total
[2019.01.09-04.42.46:295][  0]LogInit: Using OS detected language (en-US).
[2019.01.09-04.42.46:295][  0]LogInit: Using OS detected locale (en-AU).
[2019.01.09-04.42.46:297][  0]LogTextLocalizationManager: No specific localization for 'en-US' exists, so the 'en' localization will be used.
[2019.01.09-04.42.46:903][  0]LogStreaming: Display: Took  0.608s to InitEngineTextLocalization.
[2019.01.09-04.42.46:903][  0]LogInit: Setting process to per monitor DPI aware
[2019.01.09-04.42.46:977][  0]LogSlate: New Slate User Created.  User Index 0, Is Virtual User: 0
[2019.01.09-04.42.46:977][  0]LogSlate: Slate User Registered.  User Index 0, Is Virtual User: 0
[2019.01.09-04.42.47:393][  0]LogHMD: Failed to initialize OpenVR with code 110
[2019.01.09-04.42.47:393][  0]LogD3D11RHI: D3D11 adapters:
[2019.01.09-04.42.47:511][  0]LogD3D11RHI:    0. 'NVIDIA GeForce GTX 1050 Ti' (Feature Level 11_0)
[2019.01.09-04.42.47:511][  0]LogD3D11RHI:       4018/0/8182 MB DedicatedVideo/DedicatedSystem/SharedSystem, Outputs:2, VendorId:0x10de
[2019.01.09-04.42.47:515][  0]LogD3D11RHI:    1. 'Microsoft Basic Render Driver' (Feature Level 11_0)
[2019.01.09-04.42.47:515][  0]LogD3D11RHI:       0/0/8182 MB DedicatedVideo/DedicatedSystem/SharedSystem, Outputs:0, VendorId:0x1414
[2019.01.09-04.42.47:515][  0]LogD3D11RHI: Chosen D3D11 Adapter: 0
[2019.01.09-04.42.47:528][  0]LogD3D11RHI: Creating new Direct3DDevice
[2019.01.09-04.42.47:528][  0]LogD3D11RHI:     GPU DeviceId: 0x1c82 (for the marketing name, search the web for "GPU Device Id")
[2019.01.09-04.42.47:528][  0]LogWindows: EnumDisplayDevices:
[2019.01.09-04.42.47:528][  0]LogWindows:    0. 'NVIDIA GeForce GTX 1050 Ti' (P:1 D:1)
[2019.01.09-04.42.47:529][  0]LogWindows:    1. 'NVIDIA GeForce GTX 1050 Ti' (P:0 D:1)
[2019.01.09-04.42.47:530][  0]LogWindows:    2. 'NVIDIA GeForce GTX 1050 Ti' (P:0 D:0)
[2019.01.09-04.42.47:531][  0]LogWindows:    3. 'NVIDIA GeForce GTX 1050 Ti' (P:0 D:0)
[2019.01.09-04.42.47:531][  0]LogWindows: DebugString: FoundDriverCount:4 
[2019.01.09-04.42.47:531][  0]LogD3D11RHI:     Adapter Name: NVIDIA GeForce GTX 1050 Ti
[2019.01.09-04.42.47:531][  0]LogD3D11RHI:   Driver Version: 417.35 (internal:25.21.14.1735, unified:417.35)
[2019.01.09-04.42.47:531][  0]LogD3D11RHI:      Driver Date: 12-11-2018
[2019.01.09-04.42.47:531][  0]LogRHI: Texture pool is 2812 MB (70% of 4018 MB)
[2019.01.09-04.42.47:615][  0]LogD3D11RHI: Async texture creation enabled
[2019.01.09-04.42.47:639][  0]LogD3D11RHI: GPU Timing Frequency: 1000.000000 (Debug: 2 2)
[2019.01.09-04.42.48:314][  0]LogTemp: Display: Loaded TP AllDesktopTargetPlatform
[2019.01.09-04.42.48:345][  0]LogTemp: Display: Loaded TP MacClientTargetPlatform
[2019.01.09-04.42.48:372][  0]LogTemp: Display: Loaded TP MacNoEditorTargetPlatform
[2019.01.09-04.42.48:398][  0]LogTemp: Display: Loaded TP MacServerTargetPlatform
[2019.01.09-04.42.48:423][  0]LogTemp: Display: Loaded TP MacTargetPlatform
[2019.01.09-04.42.48:450][  0]LogTemp: Display: Loaded TP WindowsClientTargetPlatform
[2019.01.09-04.42.48:479][  0]LogTemp: Display: Loaded TP WindowsNoEditorTargetPlatform
[2019.01.09-04.42.48:509][  0]LogTemp: Display: Loaded TP WindowsServerTargetPlatform
[2019.01.09-04.42.48:521][  0]LogTemp: Display: Loaded TP WindowsTargetPlatform
[2019.01.09-04.42.48:684][  0]LogTemp: Display: Loaded TP AndroidTargetPlatform
[2019.01.09-04.42.48:684][  0]LogTemp: Display: Loaded TP AndroidTargetPlatform
[2019.01.09-04.42.48:684][  0]LogTemp: Display: Loaded TP AndroidTargetPlatform
[2019.01.09-04.42.48:684][  0]LogTemp: Display: Loaded TP AndroidTargetPlatform
[2019.01.09-04.42.48:684][  0]LogTemp: Display: Loaded TP AndroidTargetPlatform
[2019.01.09-04.42.48:684][  0]LogTemp: Display: Loaded TP AndroidTargetPlatform
[2019.01.09-04.42.48:684][  0]LogTemp: Display: Loaded TP AndroidTargetPlatform
[2019.01.09-04.42.48:684][  0]LogTemp: Display: Loaded TP AndroidTargetPlatform
[2019.01.09-04.42.48:684][  0]LogTemp: Display: Loaded TP AndroidTargetPlatform
[2019.01.09-04.42.48:684][  0]LogTemp: Display: Loaded TP AndroidTargetPlatform
[2019.01.09-04.42.48:684][  0]LogTemp: Display: Loaded TP AndroidTargetPlatform
[2019.01.09-04.42.48:684][  0]LogTemp: Display: Loaded TP AndroidTargetPlatform
[2019.01.09-04.42.48:684][  0]LogTemp: Display: Loaded TP AndroidTargetPlatform
[2019.01.09-04.42.48:684][  0]LogTemp: Display: Loaded TP AndroidTargetPlatform
[2019.01.09-04.42.48:684][  0]LogTemp: Display: Loaded TP AndroidTargetPlatform
[2019.01.09-04.42.48:684][  0]LogTemp: Display: Loaded TP AndroidTargetPlatform
[2019.01.09-04.42.48:684][  0]LogTemp: Display: Loaded TP AndroidTargetPlatform
[2019.01.09-04.42.48:684][  0]LogTemp: Display: Loaded TP AndroidTargetPlatform
[2019.01.09-04.42.48:688][  0]LogTemp: Display: Loaded TP HTML5TargetPlatform
[2019.01.09-04.42.48:778][  0]LogTemp: Display: Loaded TP IOSTargetPlatform
[2019.01.09-04.42.48:778][  0]LogTemp: Display: Loaded TP IOSTargetPlatform
[2019.01.09-04.42.48:829][  0]LogTemp: Display: Loaded TP TVOSTargetPlatform
[2019.01.09-04.42.48:829][  0]LogTemp: Display: Loaded TP TVOSTargetPlatform
[2019.01.09-04.42.48:856][  0]LogTemp: Display: Loaded TP LinuxClientTargetPlatform
[2019.01.09-04.42.48:885][  0]LogTemp: Display: Loaded TP LinuxNoEditorTargetPlatform
[2019.01.09-04.42.48:917][  0]LogTemp: Display: Loaded TP LinuxServerTargetPlatform
[2019.01.09-04.42.48:945][  0]LogTemp: Display: Loaded TP LinuxTargetPlatform
[2019.01.09-04.42.49:049][  0]LogTemp: Display: Loaded TP LuminTargetPlatform
[2019.01.09-04.42.49:049][  0]LogTemp: Display: Loaded TP LuminTargetPlatform
[2019.01.09-04.42.49:049][  0]LogTargetPlatformManager: Display: Building Assets For Windows
[2019.01.09-04.42.49:158][  0]LogShaderCompilers: Guid format shader working directory is -24 characters bigger than the processId version (F:/PCBackup/MISC/Unreal Games/Ultimate-New-Age-Fighters/Ultimate_NAF/Intermediate/Shaders/WorkingDirectory/12772/).
[2019.01.09-04.42.49:158][  0]LogShaderCompilers: Cleaned the shader compiler working directory 'C:/Users/Mark/AppData/Local/Temp/UnrealShaderWorkingDir/67DC17B2472ED54A3804D9934558FB31/'.
[2019.01.09-04.42.49:161][  0]LogXGEController: Cleaning working directory: C:/Users/Mark/AppData/Local/Temp/UnrealXGEWorkingDir/
[2019.01.09-04.42.49:162][  0]LogXGEController: Cannot use XGE Controller as Incredibuild is not installed on this machine.
[2019.01.09-04.42.49:162][  0]LogShaderCompilers: Cannot use XGE Shader Compiler as Incredibuild is not installed on this machine.
[2019.01.09-04.42.49:162][  0]LogShaderCompilers: Display: Using Local Shader Compiler.
[2019.01.09-04.42.50:263][  0]LogDerivedDataCache: Display: Max Cache Size: 512 MB
[2019.01.09-04.42.50:368][  0]LogDerivedDataCache: Loaded boot cache 0.10s 71MB C:/Users/Mark/AppData/Local/UnrealEngine/4.21/DerivedDataCache/Boot.ddc.
[2019.01.09-04.42.50:368][  0]LogDerivedDataCache: Display: Loaded Boot cache: C:/Users/Mark/AppData/Local/UnrealEngine/4.21/DerivedDataCache/Boot.ddc
[2019.01.09-04.42.50:368][  0]LogDerivedDataCache: FDerivedDataBackendGraph:  Pak pak cache file F:/PCBackup/MISC/Unreal Games/Ultimate-New-Age-Fighters/Ultimate_NAF/DerivedDataCache/DDC.ddp not found, will not use a pak cache.
[2019.01.09-04.42.50:368][  0]LogDerivedDataCache: Unable to find inner node Pak for hierarchical cache Hierarchy.
[2019.01.09-04.42.50:368][  0]LogDerivedDataCache: FDerivedDataBackendGraph:  CompressedPak pak cache file F:/PCBackup/MISC/Unreal Games/Ultimate-New-Age-Fighters/Ultimate_NAF/DerivedDataCache/Compressed.ddp not found, will not use a pak cache.
[2019.01.09-04.42.50:368][  0]LogDerivedDataCache: Unable to find inner node CompressedPak for hierarchical cache Hierarchy.
[2019.01.09-04.42.50:390][  0]LogDerivedDataCache: Display: Pak cache opened for reading ../../../Engine/DerivedDataCache/Compressed.ddp.
[2019.01.09-04.42.50:390][  0]LogDerivedDataCache: FDerivedDataBackendGraph:  EnterprisePak pak cache file ../../../Enterprise/DerivedDataCache/Compressed.ddp not found, will not use a pak cache.
[2019.01.09-04.42.50:390][  0]LogDerivedDataCache: Unable to find inner node EnterprisePak for hierarchical cache Hierarchy.
[2019.01.09-04.42.50:403][  0]LogDerivedDataCache: Using Local data cache path C:/Users/Mark/AppData/Local/UnrealEngine/Common/DerivedDataCache: Writable
[2019.01.09-04.42.50:403][  0]LogDerivedDataCache: Shared data cache path not found in *engine.ini, will not use an Shared cache.
[2019.01.09-04.42.50:403][  0]LogDerivedDataCache: Unable to find inner node Shared for hierarchical cache Hierarchy.
[2019.01.09-04.42.50:451][  0]LogMaterial: Verifying Global Shaders for PCD3D_SM5
[2019.01.09-04.42.50:453][  0]LogSlate: Using FreeType 2.6.0
[2019.01.09-04.42.50:455][  0]LogSlate: SlateFontServices - WITH_FREETYPE: 1, WITH_HARFBUZZ: 1
[2019.01.09-04.42.50:601][  0]LogAssetRegistry: FAssetRegistry took 0.0478 seconds to start up
[2019.01.09-04.42.51:467][  0]LogInit: Selected Device Profile: [Windows]
[2019.01.09-04.42.51:782][  0]LogSimplygon: Simplygon DLL not present - disabling.
[2019.01.09-04.42.51:792][  0]LogMeshReduction: Using SimplygonSwarm for distributed automatic mesh merging
[2019.01.09-04.42.51:792][  0]LogMeshReduction: Using ProxyLODMeshReduction for automatic mesh merging
[2019.01.09-04.42.51:792][  0]LogMeshReduction: Using QuadricMeshReduction for automatic static mesh reduction
[2019.01.09-04.42.51:792][  0]LogMeshReduction: No automatic skeletal mesh reduction module available
[2019.01.09-04.42.51:829][  0]LogNetVersion: Ultimate_NAF 1.0.0, NetCL: 4541578, EngineNetVer: 5, GameNetVer: 0 (Checksum: 2550955653)
[2019.01.09-04.42.53:713][  0]LogPackageLocalizationCache: Processed 11 localized package path(s) for 2 prioritized culture(s) in 1.067166 seconds
[2019.01.09-04.42.53:722][  0]LogUObjectArray: 39775 objects as part of root set at end of initial load.
[2019.01.09-04.42.53:722][  0]LogUObjectAllocator: 6914656 out of 0 bytes used by permanent object pool.
[2019.01.09-04.42.53:722][  0]LogUObjectArray: CloseDisregardForGC: 0/0 objects in disregard for GC pool
[2019.01.09-04.42.55:279][  0]LogTcpMessaging: Initializing TcpMessaging bridge
[2019.01.09-04.42.55:294][  0]LogUdpMessaging: Initializing bridge on interface 0.0.0.0:0 to multicast group 230.0.0.1:6666.
[2019.01.09-04.42.56:483][  0]SourceControl: Source control is disabled
[2019.01.09-04.42.56:483][  0]SourceControl: Source control is disabled
[2019.01.09-04.42.56:487][  0]SourceControl: Source control is disabled
[2019.01.09-04.42.56:490][  0]SourceControl: Source control is disabled
[2019.01.09-04.42.56:760][  0]LogAndroidPermission: UAndroidPermissionCallbackProxy::GetInstance
[2019.01.09-04.42.57:023][  0]LogOcInput: OculusInput pre-init called
[2019.01.09-04.42.57:205][  0]LogEngine: Initializing Engine...
[2019.01.09-04.42.57:207][  0]LogHMD: Failed to initialize OpenVR with code 110
[2019.01.09-04.42.57:210][  0]LogStats: UGameplayTagsManager::ConstructGameplayTagTree: ImportINI prefixes -  0.000 s
[2019.01.09-04.42.57:210][  0]LogStats: UGameplayTagsManager::ConstructGameplayTagTree: Construct from data asset -  0.000 s
[2019.01.09-04.42.57:210][  0]LogStats: UGameplayTagsManager::ConstructGameplayTagTree: ImportINI -  0.000 s
[2019.01.09-04.42.57:210][  0]LogStats: UGameplayTagsManager::ConstructGameplayTagTree: GameplayTagTreeChangedEvent.Broadcast -  0.000 s
[2019.01.09-04.42.57:657][  0]LogInit: Initializing FReadOnlyCVARCache
[2019.01.09-04.42.57:681][  0]LogAIModule: Creating AISystem for world Untitled
[2019.01.09-04.42.57:759][  0]LogInit: XAudio2 using 'VoiceMeeter Input (VB-Audio VoiceMeeter VAIO)' : 2 channels at 48 kHz using 16 bits per sample (channel mask 0x3)
[2019.01.09-04.42.57:781][  0]LogInit: FAudioDevice initialized.
[2019.01.09-04.42.57:782][  0]LogNetVersion: Set ProjectVersion to 1.0.0.0. Version Checksum will be recalculated on next use.
[2019.01.09-04.42.57:986][  0]LogDerivedDataCache: Saved boot cache 0.20s 71MB C:/Users/Mark/AppData/Local/UnrealEngine/4.21/DerivedDataCache/Boot.ddc.
[2019.01.09-04.42.58:004][  0]LogInit: Texture streaming: Enabled
[2019.01.09-04.42.58:034][  0]LogEngineSessionManager: EngineSessionManager initialized
[2019.01.09-04.42.58:131][  0]LogInit: Transaction tracking system initialized
[2019.01.09-04.42.58:228][  0]BlueprintLog: New page: Editor Load
[2019.01.09-04.42.58:412][  0]LocalizationService: Localization service is disabled
[2019.01.09-04.42.59:716][  0]LogFileCache: Scanning file cache for directory 'F:/PCBackup/MISC/Unreal Games/Ultimate-New-Age-Fighters/Ultimate_NAF/Content/' took 0.03s
[2019.01.09-04.42.59:716][  0]LogCook: Display: Max memory allowance for cook 16384mb min free memory 0mb
[2019.01.09-04.42.59:716][  0]LogCook: Display: Mobile HDR setting 1
[2019.01.09-04.42.59:716][  0]LogGameplayTags: Display: UGameplayTagsManager::DoneAddingNativeTags. DelegateIsBound: 0
[2019.01.09-04.42.59:716][  0]LogStats: UGameplayTagsManager::ConstructGameplayTagTree: ImportINI prefixes -  0.000 s
[2019.01.09-04.42.59:716][  0]LogStats: UGameplayTagsManager::ConstructGameplayTagTree: Construct from data asset -  0.000 s
[2019.01.09-04.42.59:717][  0]LogStats: UGameplayTagsManager::ConstructGameplayTagTree: ImportINI -  0.000 s
[2019.01.09-04.42.59:717][  0]LogStats: UGameplayTagsManager::ConstructGameplayTagTree: GameplayTagTreeChangedEvent.Broadcast -  0.000 s
[2019.01.09-04.43.00:076][  0]SourceControl: Source control is disabled
[2019.01.09-04.43.00:076][  0]Cmd: MAP LOAD FILE="F:/PCBackup/MISC/Unreal Games/Ultimate-New-Age-Fighters/Ultimate_NAF/Content/2DSideScrollerBP/Maps/2DSideScrollerExampleMap.umap" TEMPLATE=0 SHOWPROGRESS=1 FEATURELEVEL=3
[2019.01.09-04.43.00:076][  0]LogEditorServer: Warning: Can't find file 'F:/PCBackup/MISC/Unreal Games/Ultimate-New-Age-Fighters/Ultimate_NAF/Content/2DSideScrollerBP/Maps/2DSideScrollerExampleMap.umap'
[2019.01.09-04.43.00:077][  0]Cmd: MAP CHECKDEP NOCLEARLOG
[2019.01.09-04.43.00:077][  0]MapCheck: Map check complete: 0 Error(s), 0 Warning(s), took 0.227ms to complete.
[2019.01.09-04.43.00:077][  0]LogFileHelpers: Loading map '2DSideScrollerExampleMap' took 0.001
[2019.01.09-04.43.00:234][  0]LogSlate: Updating window title bar state: overlay mode, drag disabled, window buttons hidden, title bar hidden
[2019.01.09-04.43.00:258][  0]LogSlate: Updating window title bar state: overlay mode, drag disabled, window buttons hidden, title bar hidden
[2019.01.09-04.43.00:277][  0]LogSlate: Updating window title bar state: overlay mode, drag disabled, window buttons hidden, title bar hidden
[2019.01.09-04.43.00:299][  0]LogSlate: Updating window title bar state: overlay mode, drag disabled, window buttons hidden, title bar hidden
[2019.01.09-04.43.00:319][  0]LogCollectionManager: Loaded 0 collections in 0.004239 seconds
[2019.01.09-04.43.00:421][  0]LogFileCache: Scanning file cache for directory 'F:/PCBackup/MISC/Unreal Games/Ultimate-New-Age-Fighters/Ultimate_NAF/Saved/Collections/' took 0.04s
[2019.01.09-04.43.00:421][  0]LogFileCache: Scanning file cache for directory 'F:/PCBackup/MISC/Unreal Games/Ultimate-New-Age-Fighters/Ultimate_NAF/Content/Developers/Mark/Collections/' took 0.03s
[2019.01.09-04.43.00:421][  0]LogFileCache: Scanning file cache for directory 'F:/PCBackup/MISC/Unreal Games/Ultimate-New-Age-Fighters/Ultimate_NAF/Content/Collections/' took 0.02s
[2019.01.09-04.43.00:421][  0]LogCollectionManager: Rebuilt the GUID cache for 0 collections in 0.000000 seconds
[2019.01.09-04.43.00:450][  0]LogContentBrowser: Native class hierarchy populated in 0.0280 seconds. Added 2651 classes and 620 folders.
[2019.01.09-04.43.00:478][  0]LogContentBrowser: Native class hierarchy updated for 'WidgetCarousel' in 0.0005 seconds. Added 0 classes and 0 folders.
[2019.01.09-04.43.00:482][  0]LogPakFile: Registered encryption key '00000000000000000000000000000000': 0 pak files mounted, 0 remain pending
[2019.01.09-04.43.00:484][  0]LogPakFile: Registered encryption key '00000000000000000000000000000000': 0 pak files mounted, 0 remain pending
[2019.01.09-04.43.00:485][  0]LogPakFile: Registered encryption key '00000000000000000000000000000000': 0 pak files mounted, 0 remain pending
[2019.01.09-04.43.00:487][  0]LogPakFile: Registered encryption key '00000000000000000000000000000000': 0 pak files mounted, 0 remain pending
[2019.01.09-04.43.00:489][  0]LogPakFile: Registered encryption key '00000000000000000000000000000000': 0 pak files mounted, 0 remain pending
[2019.01.09-04.43.00:490][  0]LogPakFile: Registered encryption key '00000000000000000000000000000000': 0 pak files mounted, 0 remain pending
[2019.01.09-04.43.00:493][  0]LogPakFile: Registered encryption key '00000000000000000000000000000000': 0 pak files mounted, 0 remain pending
[2019.01.09-04.43.00:494][  0]LogPakFile: Registered encryption key '00000000000000000000000000000000': 0 pak files mounted, 0 remain pending
[2019.01.09-04.43.00:496][  0]LogPakFile: Registered encryption key '00000000000000000000000000000000': 0 pak files mounted, 0 remain pending
[2019.01.09-04.43.00:497][  0]LogPakFile: Registered encryption key '00000000000000000000000000000000': 0 pak files mounted, 0 remain pending
[2019.01.09-04.43.00:499][  0]LogPakFile: Registered encryption key '00000000000000000000000000000000': 0 pak files mounted, 0 remain pending
[2019.01.09-04.43.00:500][  0]LogPakFile: Registered encryption key '00000000000000000000000000000000': 0 pak files mounted, 0 remain pending
[2019.01.09-04.43.00:502][  0]LogPakFile: Registered encryption key '00000000000000000000000000000000': 0 pak files mounted, 0 remain pending
[2019.01.09-04.43.00:503][  0]LogPakFile: Registered encryption key '00000000000000000000000000000000': 0 pak files mounted, 0 remain pending
[2019.01.09-04.43.00:506][  0]LogPakFile: Registered encryption key '00000000000000000000000000000000': 0 pak files mounted, 0 remain pending
[2019.01.09-04.43.00:507][  0]LogPakFile: Registered encryption key '00000000000000000000000000000000': 0 pak files mounted, 0 remain pending
[2019.01.09-04.43.00:509][  0]LogPakFile: Registered encryption key '00000000000000000000000000000000': 0 pak files mounted, 0 remain pending
[2019.01.09-04.43.00:510][  0]LogPakFile: Registered encryption key '00000000000000000000000000000000': 0 pak files mounted, 0 remain pending
[2019.01.09-04.43.00:512][  0]LogPakFile: Registered encryption key '00000000000000000000000000000000': 0 pak files mounted, 0 remain pending
[2019.01.09-04.43.00:514][  0]LogPakFile: Registered encryption key '00000000000000000000000000000000': 0 pak files mounted, 0 remain pending
[2019.01.09-04.43.00:515][  0]LogPakFile: Registered encryption key '00000000000000000000000000000000': 0 pak files mounted, 0 remain pending
[2019.01.09-04.43.00:517][  0]LogPakFile: Registered encryption key '00000000000000000000000000000000': 0 pak files mounted, 0 remain pending
[2019.01.09-04.43.00:518][  0]LogPakFile: Registered encryption key '00000000000000000000000000000000': 0 pak files mounted, 0 remain pending
[2019.01.09-04.43.00:519][  0]LogPakFile: Registered encryption key '00000000000000000000000000000000': 0 pak files mounted, 0 remain pending
[2019.01.09-04.43.00:521][  0]LogPakFile: Registered encryption key '00000000000000000000000000000000': 0 pak files mounted, 0 remain pending
[2019.01.09-04.43.00:523][  0]LogPakFile: Registered encryption key '00000000000000000000000000000000': 0 pak files mounted, 0 remain pending
[2019.01.09-04.43.00:660][  0]LogContentBrowser: Native class hierarchy updated for 'AddContentDialog' in 0.0006 seconds. Added 0 classes and 0 folders.
[2019.01.09-04.43.00:672][  0]LogContentBrowser: Native class hierarchy updated for 'SceneOutliner' in 0.0005 seconds. Added 1 classes and 2 folders.
[2019.01.09-04.43.00:815][  0]LogSlate: Took 0.000519 seconds to synchronously load lazily loaded font '../../../Engine/Content/Slate/Fonts/Roboto-Regular.ttf' (155K)
[2019.01.09-04.43.00:819][  0]LogSlate: Took 0.000424 seconds to synchronously load lazily loaded font '../../../Engine/Content/Slate/Fonts/Roboto-Bold.ttf' (160K)
[2019.01.09-04.43.00:831][  0]LogSlate: Took 0.000615 seconds to synchronously load lazily loaded font '../../../Engine/Content/Editor/Slate/Fonts/FontAwesome.ttf' (139K)
[2019.01.09-04.43.01:037][  0]LogRenderer: Reallocating scene render targets to support 1148x576 Format 10 NumSamples 1 (Frame:1).
[2019.01.09-04.43.01:291][  0]LogContentBrowser: Native class hierarchy updated for 'HierarchicalLODOutliner' in 0.0006 seconds. Added 0 classes and 0 folders.
[2019.01.09-04.43.01:291][  0]LogLoad: (Engine Initialization) Total time: 19.37 seconds
[2019.01.09-04.43.01:291][  0]LogLoad: (Engine Initialization) Total Blueprint compile time: 0.00 seconds
[2019.01.09-04.43.01:370][  0]LogContentStreaming: Texture pool size now 1000 MB
[2019.01.09-04.43.01:462][  0]LogSlate: Took 0.000418 seconds to synchronously load lazily loaded font '../../../Engine/Content/Slate/Fonts/Roboto-Light.ttf' (167K)
[2019.01.09-04.43.05:194][147]LogAssetRegistry: Asset discovery search completed in 14.6154 seconds
[2019.01.09-04.43.05:198][147]LogCollectionManager: Rebuilt the object cache for 0 collections in 0.000000 seconds (found 0 objects)
[2019.01.09-04.43.05:198][147]LogCollectionManager: Fixed up redirectors for 0 collections in 0.000060 seconds (updated 0 objects)
[2019.01.09-04.43.09:218][160]LogSlate: FSceneViewport::OnFocusLost() reason 0
[2019.01.09-04.43.11:581][333]LogSlate: Took 0.000322 seconds to synchronously load lazily loaded font '../../../Engine/Content/Slate/Fonts/Roboto-Light.ttf' (167K)
[2019.01.09-04.43.12:498][333]LogAIModule: Creating AISystem for world Testing_Level_02_1
[2019.01.09-04.43.12:527][333]LogAssetEditorManager: Opening Asset editor for World /Game/Levels/Templates/Testing_Level_02_1.Testing_Level_02_1
[2019.01.09-04.43.12:631][333]Cmd: MAP LOAD FILE="F:/PCBackup/MISC/Unreal Games/Ultimate-New-Age-Fighters/Ultimate_NAF/Content/Levels/Templates/Testing_Level_02_1.umap" TEMPLATE=0 SHOWPROGRESS=1 FEATURELEVEL=3
[2019.01.09-04.43.12:631][333]LightingResults: New page: Lighting Build
[2019.01.09-04.43.12:635][333]LogContentBrowser: Native class hierarchy updated for 'StatsViewer' in 0.0005 seconds. Added 5 classes and 0 folders.
[2019.01.09-04.43.12:637][333]LoadErrors: New page: Loading map: Testing_Level_02_1.umap
[2019.01.09-04.43.12:637][333]MapCheck: New page: Map Check
[2019.01.09-04.43.12:637][333]LightingResults: New page: Lighting Build
[2019.01.09-04.43.12:880][333]LogEditorServer: Finished looking for orphan Actors (0.000 secs)
[2019.01.09-04.43.13:035][333]Cmd: MAP CHECKDEP NOCLEARLOG
[2019.01.09-04.43.13:035][333]MapCheck: Map check complete: 0 Error(s), 0 Warning(s), took 0.133ms to complete.
[2019.01.09-04.43.13:035][333]LogFileHelpers: Loading map 'Testing_Level_02_1' took 0.405
[2019.01.09-04.43.13:556][359]LogTemp: Repeating last play command: Selected Viewport
[2019.01.09-04.43.13:587][359]LogBlueprintUserMessages: Early PlayInEditor Detection: Level '/Game/Levels/Templates/Testing_Level_02_1.Testing_Level_02_1:PersistentLevel' has LevelScriptBlueprint '/Game/Levels/Templates/Testing_Level_02_1.Testing_Level_02_1:PersistentLevel.Testing_Level_02_1' with GeneratedClass '/Game/Levels/Templates/Testing_Level_02_1.Testing_Level_02_1_C' with ClassGeneratedBy '/Game/Levels/Templates/Testing_Level_02_1.Testing_Level_02_1:PersistentLevel.Testing_Level_02_1'
[2019.01.09-04.43.13:587][359]LogPlayLevel: PlayLevel: No blueprints needed recompiling
[2019.01.09-04.43.13:588][359]PIE: New page: PIE session: Testing_Level_02_1 (10 Jan 2019 2:43:13 am)
[2019.01.09-04.43.13:601][359]LogPlayLevel: Creating play world package: /Game/Levels/Templates/UEDPIE_0_Testing_Level_02_1
[2019.01.09-04.43.13:651][359]LogPlayLevel: PIE: StaticDuplicateObject took: (0.050006s)
[2019.01.09-04.43.13:652][359]LogAIModule: Creating AISystem for world Testing_Level_02_1
[2019.01.09-04.43.13:652][359]LogPlayLevel: PIE: World Init took: (0.001076s)
[2019.01.09-04.43.13:652][359]LogPlayLevel: PIE: Created PIE world by copying editor world from /Game/Levels/Templates/Testing_Level_02_1.Testing_Level_02_1 to /Game/Levels/Templates/UEDPIE_0_Testing_Level_02_1.Testing_Level_02_1 (0.051449s)
[2019.01.09-04.43.13:809][359]LogInit: XAudio2 using 'VoiceMeeter Input (VB-Audio VoiceMeeter VAIO)' : 2 channels at 48 kHz using 16 bits per sample (channel mask 0x3)
[2019.01.09-04.43.13:820][359]LogInit: FAudioDevice initialized.
[2019.01.09-04.43.13:866][359]LogLoad: Game class is 'Paper_GM_C'
[2019.01.09-04.43.13:870][359]LogWorld: Bringing World /Game/Levels/Templates/UEDPIE_0_Testing_Level_02_1.Testing_Level_02_1 up for play (max tick rate 0) at 2019.01.09-15.43.13
[2019.01.09-04.43.13:870][359]LogWorld: Bringing up level for play took: 0.002152
[2019.01.09-04.43.13:893][359]LogContentBrowser: Native class hierarchy updated for 'MovieSceneCapture' in 0.0005 seconds. Added 20 classes and 0 folders.
[2019.01.09-04.43.13:968][359]PIE: Play in editor start time for /Game/Levels/Templates/UEDPIE_0_Testing_Level_02_1 0.896
[2019.01.09-04.43.13:969][359]LogBlueprintUserMessages: Late PlayInEditor Detection: Level '/Game/Levels/Templates/Testing_Level_02_1.Testing_Level_02_1:PersistentLevel' has LevelScriptBlueprint '/Game/Levels/Templates/Testing_Level_02_1.Testing_Level_02_1:PersistentLevel.Testing_Level_02_1' with GeneratedClass '/Game/Levels/Templates/Testing_Level_02_1.Testing_Level_02_1_C' with ClassGeneratedBy '/Game/Levels/Templates/Testing_Level_02_1.Testing_Level_02_1:PersistentLevel.Testing_Level_02_1'
[2019.01.09-04.43.15:261][463]LogBlueprintUserMessages: [Paper2D_Character_C_0] He is running
[2019.01.09-04.43.21:757][ 28]LogBlueprintUserMessages: [Paper2D_Character_C_0] He is no longer running
[2019.01.09-04.43.31:739][ 85]LogSlate: FSceneViewport::OnFocusLost() reason 0
[2019.01.09-04.43.47:446][512]LogBlueprintUserMessages: [Paper2D_Character_C_0] He is running
[2019.01.09-04.43.57:729][412]LogBlueprintUserMessages: [Paper2D_Character_C_0] He is no longer running
[2019.01.09-04.43.58:656][486]LogBlueprintUserMessages: [Paper2D_Character_C_0] He is running
[2019.01.09-04.43.59:696][572]LogBlueprintUserMessages: [Paper2D_Character_C_0] He is no longer running
[2019.01.09-04.44.16:555][906]LogSlate: FSceneViewport::OnFocusLost() reason 0
[2019.01.09-04.44.17:478][987]LogBlueprintUserMessages: Early EndPlayMap Detection: Level '/Game/Levels/Templates/Testing_Level_02_1.Testing_Level_02_1:PersistentLevel' has LevelScriptBlueprint '/Game/Levels/Templates/Testing_Level_02_1.Testing_Level_02_1:PersistentLevel.Testing_Level_02_1' with GeneratedClass '/Game/Levels/Templates/Testing_Level_02_1.Testing_Level_02_1_C' with ClassGeneratedBy '/Game/Levels/Templates/Testing_Level_02_1.Testing_Level_02_1:PersistentLevel.Testing_Level_02_1'
[2019.01.09-04.44.17:478][987]LogSlate: Updating window title bar state: overlay mode, drag disabled, window buttons hidden, title bar hidden
[2019.01.09-04.44.17:515][987]LogPlayLevel: Display: Shutting down PIE online subsystems
[2019.01.09-04.44.17:516][987]LogBlueprintUserMessages: Late EndPlayMap Detection: Level '/Game/Levels/Templates/Testing_Level_02_1.Testing_Level_02_1:PersistentLevel' has LevelScriptBlueprint '/Game/Levels/Templates/Testing_Level_02_1.Testing_Level_02_1:PersistentLevel.Testing_Level_02_1' with GeneratedClass '/Game/Levels/Templates/Testing_Level_02_1.Testing_Level_02_1_C' with ClassGeneratedBy '/Game/Levels/Templates/Testing_Level_02_1.Testing_Level_02_1:PersistentLevel.Testing_Level_02_1'
[2019.01.09-04.44.17:615][987]LogSlate: Updating window title bar state: overlay mode, drag disabled, window buttons hidden, title bar hidden
[2019.01.09-04.44.17:654][988]LogPlayLevel: Display: Destroying online subsystem :Context_1
[2019.01.09-04.44.19:156][101]LogAssetEditorManager: Opening Asset editor for Blueprint /Game/Blueprints/Paper2D_Character.Paper2D_Character
[2019.01.09-04.44.20:172][101]LogContentBrowser: Native class hierarchy updated for 'BlueprintGraph' in 0.0014 seconds. Added 117 classes and 0 folders.
[2019.01.09-04.44.21:768][101]LogSlate: Took 0.000468 seconds to synchronously load lazily loaded font '../../../Engine/Content/Slate/Fonts/Roboto-BoldCondensed.ttf' (158K)
[2019.01.09-04.44.22:131][102]LogSlate: Took 0.000473 seconds to synchronously load lazily loaded font '../../../Engine/Content/Slate/Fonts/Roboto-Italic.ttf' (157K)
[2019.01.09-04.44.23:512][170]LogSlate: Window 'Paper2D_Character' being destroyed
[2019.01.09-04.47.55:514][602]LogEditorTransaction: Undo Paste clipboard contents
[2019.01.09-04.47.58:482][849]LogUObjectHash: Warning: Ambiguous search, could be K2Node_VariableGet /Game/Blueprints/Paper2D_Character.Paper2D_Character:EventGraph.K2Node_VariableGet_24 or K2Node_VariableGet /Game/Blueprints/Paper2D_Character.Paper2D_Character:EventGraph.K2Node_VariableGet_24
[2019.01.09-04.47.58:482][849]LogUObjectHash: Warning: Ambiguous search, could be K2Node_EnumEquality /Game/Blueprints/Paper2D_Character.Paper2D_Character:EventGraph.K2Node_EnumEquality_3 or K2Node_EnumEquality /Game/Blueprints/Paper2D_Character.Paper2D_Character:EventGraph.K2Node_EnumEquality_3
[2019.01.09-04.47.58:483][849]LogUObjectHash: Warning: Ambiguous search, could be K2Node_IfThenElse /Game/Blueprints/Paper2D_Character.Paper2D_Character:EventGraph.K2Node_IfThenElse_4 or K2Node_IfThenElse /Game/Blueprints/Paper2D_Character.Paper2D_Character:EventGraph.K2Node_IfThenElse_4
[2019.01.09-04.49.19:469][267]LogTemp: Repeating last play command: Selected Viewport
[2019.01.09-04.49.19:799][267]LogBlueprintUserMessages: Early PlayInEditor Detection: Level '/Game/Levels/Templates/Testing_Level_02_1.Testing_Level_02_1:PersistentLevel' has LevelScriptBlueprint '/Game/Levels/Templates/Testing_Level_02_1.Testing_Level_02_1:PersistentLevel.Testing_Level_02_1' with GeneratedClass '/Game/Levels/Templates/Testing_Level_02_1.Testing_Level_02_1_C' with ClassGeneratedBy '/Game/Levels/Templates/Testing_Level_02_1.Testing_Level_02_1:PersistentLevel.Testing_Level_02_1'
[2019.01.09-04.49.19:799][267]BlueprintLog: New page: Pre-Play auto-recompile
[2019.01.09-04.49.20:090][267]LogPlayLevel: [PlayLevel] Compiling Paper2D_Character before play...
[2019.01.09-04.49.20:738][267]LogPlayLevel: PlayLevel: Blueprint regeneration took 939 ms (1 blueprints)
[2019.01.09-04.49.20:738][267]PIE: New page: PIE session: Testing_Level_02_1 (10 Jan 2019 2:49:20 am)
[2019.01.09-04.49.20:738][267]LogPlayLevel: Creating play world package: /Game/Levels/Templates/UEDPIE_0_Testing_Level_02_1
[2019.01.09-04.49.20:803][267]LogPlayLevel: PIE: StaticDuplicateObject took: (0.064819s)
[2019.01.09-04.49.20:804][267]LogAIModule: Creating AISystem for world Testing_Level_02_1
[2019.01.09-04.49.20:805][267]LogPlayLevel: PIE: World Init took: (0.001189s)
[2019.01.09-04.49.20:805][267]LogPlayLevel: PIE: Created PIE world by copying editor world from /Game/Levels/Templates/Testing_Level_02_1.Testing_Level_02_1 to /Game/Levels/Templates/UEDPIE_0_Testing_Level_02_1.Testing_Level_02_1 (0.066220s)
[2019.01.09-04.49.20:976][267]LogInit: XAudio2 using 'VoiceMeeter Input (VB-Audio VoiceMeeter VAIO)' : 2 channels at 48 kHz using 16 bits per sample (channel mask 0x3)
[2019.01.09-04.49.20:990][267]LogInit: FAudioDevice initialized.
[2019.01.09-04.49.21:000][267]LogSlate: Updating window title bar state: overlay mode, drag disabled, window buttons hidden, title bar hidden
[2019.01.09-04.49.21:039][267]LogLoad: Game class is 'Paper_GM_C'
[2019.01.09-04.49.21:042][267]LogWorld: Bringing World /Game/Levels/Templates/UEDPIE_0_Testing_Level_02_1.Testing_Level_02_1 up for play (max tick rate 0) at 2019.01.09-15.49.21
[2019.01.09-04.49.21:043][267]LogWorld: Bringing up level for play took: 0.002917
[2019.01.09-04.49.21:061][267]PIE: Play in editor start time for /Game/Levels/Templates/UEDPIE_0_Testing_Level_02_1 1.989
[2019.01.09-04.49.21:061][267]LogBlueprintUserMessages: Late PlayInEditor Detection: Level '/Game/Levels/Templates/Testing_Level_02_1.Testing_Level_02_1:PersistentLevel' has LevelScriptBlueprint '/Game/Levels/Templates/Testing_Level_02_1.Testing_Level_02_1:PersistentLevel.Testing_Level_02_1' with GeneratedClass '/Game/Levels/Templates/Testing_Level_02_1.Testing_Level_02_1_C' with ClassGeneratedBy '/Game/Levels/Templates/Testing_Level_02_1.Testing_Level_02_1:PersistentLevel.Testing_Level_02_1'
[2019.01.09-04.49.21:169][267]LogRenderer: Reallocating scene render targets to support 1292x756 Format 10 NumSamples 1 (Frame:1).
[2019.01.09-04.49.26:807][776]LogBlueprintUserMessages: [Paper2D_Character_C_0] He is running
[2019.01.09-04.49.28:069][887]LogBlueprintUserMessages: [Paper2D_Character_C_0] He is no longer running
[2019.01.09-04.49.28:490][924]LogBlueprintUserMessages: [Paper2D_Character_C_0] He is running
[2019.01.09-04.49.28:928][961]LogBlueprintUserMessages: [Paper2D_Character_C_0] He is no longer running
[2019.01.09-04.49.29:235][986]LogBlueprintUserMessages: [Paper2D_Character_C_0] He is running
[2019.01.09-04.49.33:272][333]LogBlueprintUserMessages: [Paper2D_Character_C_0] He is no longer running
[2019.01.09-04.49.36:346][618]LogBlueprintUserMessages: Early EndPlayMap Detection: Level '/Game/Levels/Templates/Testing_Level_02_1.Testing_Level_02_1:PersistentLevel' has LevelScriptBlueprint '/Game/Levels/Templates/Testing_Level_02_1.Testing_Level_02_1:PersistentLevel.Testing_Level_02_1' with GeneratedClass '/Game/Levels/Templates/Testing_Level_02_1.Testing_Level_02_1_C' with ClassGeneratedBy '/Game/Levels/Templates/Testing_Level_02_1.Testing_Level_02_1:PersistentLevel.Testing_Level_02_1'
[2019.01.09-04.49.36:347][618]LogSlate: Updating window title bar state: overlay mode, drag disabled, window buttons hidden, title bar hidden
[2019.01.09-04.49.36:398][618]LogSlate: Window 'Ultimate_NAF Game Preview Standalone (64-bit/PCD3D_SM5)' being destroyed
[2019.01.09-04.49.36:442][618]LogPlayLevel: Display: Shutting down PIE online subsystems
[2019.01.09-04.49.36:443][618]LogBlueprintUserMessages: Late EndPlayMap Detection: Level '/Game/Levels/Templates/Testing_Level_02_1.Testing_Level_02_1:PersistentLevel' has LevelScriptBlueprint '/Game/Levels/Templates/Testing_Level_02_1.Testing_Level_02_1:PersistentLevel.Testing_Level_02_1' with GeneratedClass '/Game/Levels/Templates/Testing_Level_02_1.Testing_Level_02_1_C' with ClassGeneratedBy '/Game/Levels/Templates/Testing_Level_02_1.Testing_Level_02_1:PersistentLevel.Testing_Level_02_1'
[2019.01.09-04.49.36:610][619]LogPlayLevel: Display: Destroying online subsystem :Context_3
[2019.01.09-04.49.46:307][503]LogTemp: Repeating last play command: Selected Viewport
[2019.01.09-04.49.46:356][503]LogBlueprintUserMessages: Early PlayInEditor Detection: Level '/Game/Levels/Templates/Testing_Level_02_1.Testing_Level_02_1:PersistentLevel' has LevelScriptBlueprint '/Game/Levels/Templates/Testing_Level_02_1.Testing_Level_02_1:PersistentLevel.Testing_Level_02_1' with GeneratedClass '/Game/Levels/Templates/Testing_Level_02_1.Testing_Level_02_1_C' with ClassGeneratedBy '/Game/Levels/Templates/Testing_Level_02_1.Testing_Level_02_1:PersistentLevel.Testing_Level_02_1'
[2019.01.09-04.49.46:356][503]BlueprintLog: New page: Pre-Play auto-recompile
[2019.01.09-04.49.46:522][503]LogPlayLevel: [PlayLevel] Compiling Paper2D_Character before play...
[2019.01.09-04.49.47:138][503]LogPlayLevel: PlayLevel: Blueprint regeneration took 781 ms (1 blueprints)
[2019.01.09-04.49.47:138][503]PIE: New page: PIE session: Testing_Level_02_1 (10 Jan 2019 2:49:47 am)
[2019.01.09-04.49.47:138][503]LogPlayLevel: Creating play world package: /Game/Levels/Templates/UEDPIE_0_Testing_Level_02_1
[2019.01.09-04.49.47:193][503]LogPlayLevel: PIE: StaticDuplicateObject took: (0.054931s)
[2019.01.09-04.49.47:195][503]LogAIModule: Creating AISystem for world Testing_Level_02_1
[2019.01.09-04.49.47:195][503]LogPlayLevel: PIE: World Init took: (0.001984s)
[2019.01.09-04.49.47:195][503]LogPlayLevel: PIE: Created PIE world by copying editor world from /Game/Levels/Templates/Testing_Level_02_1.Testing_Level_02_1 to /Game/Levels/Templates/UEDPIE_0_Testing_Level_02_1.Testing_Level_02_1 (0.057193s)
[2019.01.09-04.49.47:367][503]LogInit: XAudio2 using 'VoiceMeeter Input (VB-Audio VoiceMeeter VAIO)' : 2 channels at 48 kHz using 16 bits per sample (channel mask 0x3)
[2019.01.09-04.49.47:381][503]LogInit: FAudioDevice initialized.
[2019.01.09-04.49.47:392][503]LogSlate: Updating window title bar state: overlay mode, drag disabled, window buttons hidden, title bar hidden
[2019.01.09-04.49.47:429][503]LogLoad: Game class is 'Paper_GM_C'
[2019.01.09-04.49.47:433][503]LogWorld: Bringing World /Game/Levels/Templates/UEDPIE_0_Testing_Level_02_1.Testing_Level_02_1 up for play (max tick rate 0) at 2019.01.09-15.49.47
[2019.01.09-04.49.47:434][503]LogWorld: Bringing up level for play took: 0.003651
[2019.01.09-04.49.47:452][503]PIE: Play in editor start time for /Game/Levels/Templates/UEDPIE_0_Testing_Level_02_1 0.38
[2019.01.09-04.49.47:453][503]LogBlueprintUserMessages: Late PlayInEditor Detection: Level '/Game/Levels/Templates/Testing_Level_02_1.Testing_Level_02_1:PersistentLevel' has LevelScriptBlueprint '/Game/Levels/Templates/Testing_Level_02_1.Testing_Level_02_1:PersistentLevel.Testing_Level_02_1' with GeneratedClass '/Game/Levels/Templates/Testing_Level_02_1.Testing_Level_02_1_C' with ClassGeneratedBy '/Game/Levels/Templates/Testing_Level_02_1.Testing_Level_02_1:PersistentLevel.Testing_Level_02_1'
[2019.01.09-04.49.55:380][ 18]LogBlueprintUserMessages: [Paper2D_Character_C_0] He is running
[2019.01.09-04.49.56:483][ 98]LogBlueprintUserMessages: [Paper2D_Character_C_0] He is no longer running
[2019.01.09-04.49.56:631][108]LogBlueprintUserMessages: Early EndPlayMap Detection: Level '/Game/Levels/Templates/Testing_Level_02_1.Testing_Level_02_1:PersistentLevel' has LevelScriptBlueprint '/Game/Levels/Templates/Testing_Level_02_1.Testing_Level_02_1:PersistentLevel.Testing_Level_02_1' with GeneratedClass '/Game/Levels/Templates/Testing_Level_02_1.Testing_Level_02_1_C' with ClassGeneratedBy '/Game/Levels/Templates/Testing_Level_02_1.Testing_Level_02_1:PersistentLevel.Testing_Level_02_1'
[2019.01.09-04.49.56:632][108]LogSlate: Updating window title bar state: overlay mode, drag disabled, window buttons hidden, title bar hidden
[2019.01.09-04.49.56:686][108]LogSlate: Window 'Ultimate_NAF Game Preview Standalone (64-bit/PCD3D_SM5)' being destroyed
[2019.01.09-04.49.56:728][108]LogPlayLevel: Display: Shutting down PIE online subsystems
[2019.01.09-04.49.56:728][108]LogBlueprintUserMessages: Late EndPlayMap Detection: Level '/Game/Levels/Templates/Testing_Level_02_1.Testing_Level_02_1:PersistentLevel' has LevelScriptBlueprint '/Game/Levels/Templates/Testing_Level_02_1.Testing_Level_02_1:PersistentLevel.Testing_Level_02_1' with GeneratedClass '/Game/Levels/Templates/Testing_Level_02_1.Testing_Level_02_1_C' with ClassGeneratedBy '/Game/Levels/Templates/Testing_Level_02_1.Testing_Level_02_1:PersistentLevel.Testing_Level_02_1'
[2019.01.09-04.49.56:899][109]LogPlayLevel: Display: Destroying online subsystem :Context_4
[2019.01.09-04.51.09:061][347]LogTemp: Repeating last play command: Selected Viewport
[2019.01.09-04.51.09:391][347]LogBlueprintUserMessages: Early PlayInEditor Detection: Level '/Game/Levels/Templates/Testing_Level_02_1.Testing_Level_02_1:PersistentLevel' has LevelScriptBlueprint '/Game/Levels/Templates/Testing_Level_02_1.Testing_Level_02_1:PersistentLevel.Testing_Level_02_1' with GeneratedClass '/Game/Levels/Templates/Testing_Level_02_1.Testing_Level_02_1_C' with ClassGeneratedBy '/Game/Levels/Templates/Testing_Level_02_1.Testing_Level_02_1:PersistentLevel.Testing_Level_02_1'
[2019.01.09-04.51.09:391][347]BlueprintLog: New page: Pre-Play auto-recompile
[2019.01.09-04.51.09:643][347]LogPlayLevel: [PlayLevel] Compiling Paper2D_Character before play...
[2019.01.09-04.51.10:215][347]LogPlayLevel: PlayLevel: Blueprint regeneration took 823 ms (1 blueprints)
[2019.01.09-04.51.10:215][347]PIE: New page: PIE session: Testing_Level_02_1 (10 Jan 2019 2:51:10 am)
[2019.01.09-04.51.10:215][347]LogPlayLevel: Creating play world package: /Game/Levels/Templates/UEDPIE_0_Testing_Level_02_1
[2019.01.09-04.51.10:267][347]LogPlayLevel: PIE: StaticDuplicateObject took: (0.051239s)
[2019.01.09-04.51.10:267][347]LogAIModule: Creating AISystem for world Testing_Level_02_1
[2019.01.09-04.51.10:268][347]LogPlayLevel: PIE: World Init took: (0.000908s)
[2019.01.09-04.51.10:268][347]LogPlayLevel: PIE: Created PIE world by copying editor world from /Game/Levels/Templates/Testing_Level_02_1.Testing_Level_02_1 to /Game/Levels/Templates/UEDPIE_0_Testing_Level_02_1.Testing_Level_02_1 (0.052357s)
[2019.01.09-04.51.10:419][347]LogInit: XAudio2 using 'VoiceMeeter Input (VB-Audio VoiceMeeter VAIO)' : 2 channels at 48 kHz using 16 bits per sample (channel mask 0x3)
[2019.01.09-04.51.10:430][347]LogInit: FAudioDevice initialized.
[2019.01.09-04.51.10:437][347]LogSlate: Updating window title bar state: overlay mode, drag disabled, window buttons hidden, title bar hidden
[2019.01.09-04.51.10:474][347]LogLoad: Game class is 'Paper_GM_C'
[2019.01.09-04.51.10:477][347]LogWorld: Bringing World /Game/Levels/Templates/UEDPIE_0_Testing_Level_02_1.Testing_Level_02_1 up for play (max tick rate 0) at 2019.01.09-15.51.10
[2019.01.09-04.51.10:477][347]LogWorld: Bringing up level for play took: 0.002545
[2019.01.09-04.51.10:495][347]PIE: Play in editor start time for /Game/Levels/Templates/UEDPIE_0_Testing_Level_02_1 1.423
[2019.01.09-04.51.10:495][347]LogBlueprintUserMessages: Late PlayInEditor Detection: Level '/Game/Levels/Templates/Testing_Level_02_1.Testing_Level_02_1:PersistentLevel' has LevelScriptBlueprint '/Game/Levels/Templates/Testing_Level_02_1.Testing_Level_02_1:PersistentLevel.Testing_Level_02_1' with GeneratedClass '/Game/Levels/Templates/Testing_Level_02_1.Testing_Level_02_1_C' with ClassGeneratedBy '/Game/Levels/Templates/Testing_Level_02_1.Testing_Level_02_1:PersistentLevel.Testing_Level_02_1'
[2019.01.09-04.51.16:654][867]LogBlueprintUserMessages: [Paper2D_Character_C_0] He is running
[2019.01.09-04.51.18:365][  4]LogBlueprintUserMessages: [Paper2D_Character_C_0] He is no longer running
[2019.01.09-04.51.18:786][ 37]LogBlueprintUserMessages: [Paper2D_Character_C_0] He is running
[2019.01.09-04.51.32:288][155]LogBlueprintUserMessages: [Paper2D_Character_C_0] He is no longer running
[2019.01.09-04.51.34:701][357]LogBlueprintUserMessages: Early EndPlayMap Detection: Level '/Game/Levels/Templates/Testing_Level_02_1.Testing_Level_02_1:PersistentLevel' has LevelScriptBlueprint '/Game/Levels/Templates/Testing_Level_02_1.Testing_Level_02_1:PersistentLevel.Testing_Level_02_1' with GeneratedClass '/Game/Levels/Templates/Testing_Level_02_1.Testing_Level_02_1_C' with ClassGeneratedBy '/Game/Levels/Templates/Testing_Level_02_1.Testing_Level_02_1:PersistentLevel.Testing_Level_02_1'
[2019.01.09-04.51.34:702][357]LogSlate: Updating window title bar state: overlay mode, drag disabled, window buttons hidden, title bar hidden
[2019.01.09-04.51.34:749][357]LogSlate: Window 'Ultimate_NAF Game Preview Standalone (64-bit/PCD3D_SM5)' being destroyed
[2019.01.09-04.51.34:791][357]LogPlayLevel: Display: Shutting down PIE online subsystems
[2019.01.09-04.51.34:791][357]LogBlueprintUserMessages: Late EndPlayMap Detection: Level '/Game/Levels/Templates/Testing_Level_02_1.Testing_Level_02_1:PersistentLevel' has LevelScriptBlueprint '/Game/Levels/Templates/Testing_Level_02_1.Testing_Level_02_1:PersistentLevel.Testing_Level_02_1' with GeneratedClass '/Game/Levels/Templates/Testing_Level_02_1.Testing_Level_02_1_C' with ClassGeneratedBy '/Game/Levels/Templates/Testing_Level_02_1.Testing_Level_02_1:PersistentLevel.Testing_Level_02_1'
[2019.01.09-04.51.34:953][358]LogPlayLevel: Display: Destroying online subsystem :Context_5
[2019.01.09-04.51.49:462][935]LogTemp: Repeating last play command: Selected Viewport
[2019.01.09-04.51.49:510][935]LogBlueprintUserMessages: Early PlayInEditor Detection: Level '/Game/Levels/Templates/Testing_Level_02_1.Testing_Level_02_1:PersistentLevel' has LevelScriptBlueprint '/Game/Levels/Templates/Testing_Level_02_1.Testing_Level_02_1:PersistentLevel.Testing_Level_02_1' with GeneratedClass '/Game/Levels/Templates/Testing_Level_02_1.Testing_Level_02_1_C' with ClassGeneratedBy '/Game/Levels/Templates/Testing_Level_02_1.Testing_Level_02_1:PersistentLevel.Testing_Level_02_1'
[2019.01.09-04.51.49:510][935]LogPlayLevel: PlayLevel: No blueprints needed recompiling
[2019.01.09-04.51.49:510][935]PIE: New page: PIE session: Testing_Level_02_1 (10 Jan 2019 2:51:49 am)
[2019.01.09-04.51.49:510][935]LogPlayLevel: Creating play world package: /Game/Levels/Templates/UEDPIE_0_Testing_Level_02_1
[2019.01.09-04.51.49:555][935]LogPlayLevel: PIE: StaticDuplicateObject took: (0.044904s)
[2019.01.09-04.51.49:556][935]LogAIModule: Creating AISystem for world Testing_Level_02_1
[2019.01.09-04.51.49:556][935]LogPlayLevel: PIE: World Init took: (0.000913s)
[2019.01.09-04.51.49:556][935]LogPlayLevel: PIE: Created PIE world by copying editor world from /Game/Levels/Templates/Testing_Level_02_1.Testing_Level_02_1 to /Game/Levels/Templates/UEDPIE_0_Testing_Level_02_1.Testing_Level_02_1 (0.046015s)
[2019.01.09-04.51.49:740][935]LogInit: XAudio2 using 'VoiceMeeter Input (VB-Audio VoiceMeeter VAIO)' : 2 channels at 48 kHz using 16 bits per sample (channel mask 0x3)
[2019.01.09-04.51.49:750][935]LogInit: FAudioDevice initialized.
[2019.01.09-04.51.49:762][935]LogSlate: Updating window title bar state: overlay mode, drag disabled, window buttons hidden, title bar hidden
[2019.01.09-04.51.49:805][935]LogLoad: Game class is 'Paper_GM_C'
[2019.01.09-04.51.49:808][935]LogWorld: Bringing World /Game/Levels/Templates/UEDPIE_0_Testing_Level_02_1.Testing_Level_02_1 up for play (max tick rate 0) at 2019.01.09-15.51.49
[2019.01.09-04.51.49:809][935]LogWorld: Bringing up level for play took: 0.002673
[2019.01.09-04.51.49:831][935]PIE: Play in editor start time for /Game/Levels/Templates/UEDPIE_0_Testing_Level_02_1 0.759
[2019.01.09-04.51.49:831][935]LogBlueprintUserMessages: Late PlayInEditor Detection: Level '/Game/Levels/Templates/Testing_Level_02_1.Testing_Level_02_1:PersistentLevel' has LevelScriptBlueprint '/Game/Levels/Templates/Testing_Level_02_1.Testing_Level_02_1:PersistentLevel.Testing_Level_02_1' with GeneratedClass '/Game/Levels/Templates/Testing_Level_02_1.Testing_Level_02_1_C' with ClassGeneratedBy '/Game/Levels/Templates/Testing_Level_02_1.Testing_Level_02_1:PersistentLevel.Testing_Level_02_1'
[2019.01.09-04.51.50:379][969]LogBlueprintUserMessages: [Paper2D_Character_C_0] He is running
[2019.01.09-04.51.51:373][ 43]LogBlueprintUserMessages: [Paper2D_Character_C_0] He is no longer running
[2019.01.09-04.51.52:610][147]LogBlueprintUserMessages: [Paper2D_Character_C_0] He is running
[2019.01.09-04.51.56:710][502]LogBlueprintUserMessages: [Paper2D_Character_C_0] He is no longer running
[2019.01.09-04.51.57:915][600]LogBlueprintUserMessages: [Paper2D_Character_C_0] He is running
[2019.01.09-04.51.58:878][676]LogBlueprintUserMessages: [Paper2D_Character_C_0] He is no longer running
[2019.01.09-04.51.59:883][753]LogBlueprintUserMessages: Early EndPlayMap Detection: Level '/Game/Levels/Templates/Testing_Level_02_1.Testing_Level_02_1:PersistentLevel' has LevelScriptBlueprint '/Game/Levels/Templates/Testing_Level_02_1.Testing_Level_02_1:PersistentLevel.Testing_Level_02_1' with GeneratedClass '/Game/Levels/Templates/Testing_Level_02_1.Testing_Level_02_1_C' with ClassGeneratedBy '/Game/Levels/Templates/Testing_Level_02_1.Testing_Level_02_1:PersistentLevel.Testing_Level_02_1'
[2019.01.09-04.51.59:883][753]LogSlate: Updating window title bar state: overlay mode, drag disabled, window buttons hidden, title bar hidden
[2019.01.09-04.51.59:934][753]LogSlate: Window 'Ultimate_NAF Game Preview Standalone (64-bit/PCD3D_SM5)' being destroyed
[2019.01.09-04.51.59:974][753]LogPlayLevel: Display: Shutting down PIE online subsystems
[2019.01.09-04.51.59:974][753]LogBlueprintUserMessages: Late EndPlayMap Detection: Level '/Game/Levels/Templates/Testing_Level_02_1.Testing_Level_02_1:PersistentLevel' has LevelScriptBlueprint '/Game/Levels/Templates/Testing_Level_02_1.Testing_Level_02_1:PersistentLevel.Testing_Level_02_1' with GeneratedClass '/Game/Levels/Templates/Testing_Level_02_1.Testing_Level_02_1_C' with ClassGeneratedBy '/Game/Levels/Templates/Testing_Level_02_1.Testing_Level_02_1:PersistentLevel.Testing_Level_02_1'
[2019.01.09-04.52.00:149][754]LogPlayLevel: Display: Destroying online subsystem :Context_6
[2019.01.09-04.52.15:881][611]BlueprintLog: New page: Compile Paper2D_Character
[2019.01.09-04.52.35:278][571]BlueprintLog: New page: Compile Paper2D_Character
[2019.01.09-04.52.36:082][577]LogTemp: Repeating last play command: Selected Viewport
[2019.01.09-04.52.36:123][577]LogBlueprintUserMessages: Early PlayInEditor Detection: Level '/Game/Levels/Templates/Testing_Level_02_1.Testing_Level_02_1:PersistentLevel' has LevelScriptBlueprint '/Game/Levels/Templates/Testing_Level_02_1.Testing_Level_02_1:PersistentLevel.Testing_Level_02_1' with GeneratedClass '/Game/Levels/Templates/Testing_Level_02_1.Testing_Level_02_1_C' with ClassGeneratedBy '/Game/Levels/Templates/Testing_Level_02_1.Testing_Level_02_1:PersistentLevel.Testing_Level_02_1'
[2019.01.09-04.52.36:123][577]LogPlayLevel: PlayLevel: No blueprints needed recompiling
[2019.01.09-04.52.36:123][577]PIE: New page: PIE session: Testing_Level_02_1 (10 Jan 2019 2:52:36 am)
[2019.01.09-04.52.36:124][577]LogPlayLevel: Creating play world package: /Game/Levels/Templates/UEDPIE_0_Testing_Level_02_1
[2019.01.09-04.52.36:163][577]LogPlayLevel: PIE: StaticDuplicateObject took: (0.039059s)
[2019.01.09-04.52.36:163][577]LogAIModule: Creating AISystem for world Testing_Level_02_1
[2019.01.09-04.52.36:164][577]LogPlayLevel: PIE: World Init took: (0.000779s)
[2019.01.09-04.52.36:164][577]LogPlayLevel: PIE: Created PIE world by copying editor world from /Game/Levels/Templates/Testing_Level_02_1.Testing_Level_02_1 to /Game/Levels/Templates/UEDPIE_0_Testing_Level_02_1.Testing_Level_02_1 (0.040015s)
[2019.01.09-04.52.36:327][577]LogInit: XAudio2 using 'VoiceMeeter Input (VB-Audio VoiceMeeter VAIO)' : 2 channels at 48 kHz using 16 bits per sample (channel mask 0x3)
[2019.01.09-04.52.36:337][577]LogInit: FAudioDevice initialized.
[2019.01.09-04.52.36:344][577]LogSlate: Updating window title bar state: overlay mode, drag disabled, window buttons hidden, title bar hidden
[2019.01.09-04.52.36:376][577]LogLoad: Game class is 'Paper_GM_C'
[2019.01.09-04.52.36:379][577]LogWorld: Bringing World /Game/Levels/Templates/UEDPIE_0_Testing_Level_02_1.Testing_Level_02_1 up for play (max tick rate 0) at 2019.01.09-15.52.36
[2019.01.09-04.52.36:379][577]LogWorld: Bringing up level for play took: 0.002416
[2019.01.09-04.52.36:396][577]PIE: Play in editor start time for /Game/Levels/Templates/UEDPIE_0_Testing_Level_02_1 -0.676
[2019.01.09-04.52.36:397][577]LogBlueprintUserMessages: Late PlayInEditor Detection: Level '/Game/Levels/Templates/Testing_Level_02_1.Testing_Level_02_1:PersistentLevel' has LevelScriptBlueprint '/Game/Levels/Templates/Testing_Level_02_1.Testing_Level_02_1:PersistentLevel.Testing_Level_02_1' with GeneratedClass '/Game/Levels/Templates/Testing_Level_02_1.Testing_Level_02_1_C' with ClassGeneratedBy '/Game/Levels/Templates/Testing_Level_02_1.Testing_Level_02_1:PersistentLevel.Testing_Level_02_1'
[2019.01.09-04.52.40:210][932]LogBlueprintUserMessages: [Paper2D_Character_C_0] He is no longer running
[2019.01.09-04.52.40:309][942]LogBlueprintUserMessages: [Paper2D_Character_C_0] He is running
[2019.01.09-04.52.41:144][ 18]LogBlueprintUserMessages: [Paper2D_Character_C_0] He is no longer running
[2019.01.09-04.52.41:803][ 88]LogBlueprintUserMessages: [Paper2D_Character_C_0] He is running
[2019.01.09-04.52.42:839][197]LogBlueprintUserMessages: [Paper2D_Character_C_0] He is no longer running
[2019.01.09-04.52.43:046][219]LogBlueprintUserMessages: Early EndPlayMap Detection: Level '/Game/Levels/Templates/Testing_Level_02_1.Testing_Level_02_1:PersistentLevel' has LevelScriptBlueprint '/Game/Levels/Templates/Testing_Level_02_1.Testing_Level_02_1:PersistentLevel.Testing_Level_02_1' with GeneratedClass '/Game/Levels/Templates/Testing_Level_02_1.Testing_Level_02_1_C' with ClassGeneratedBy '/Game/Levels/Templates/Testing_Level_02_1.Testing_Level_02_1:PersistentLevel.Testing_Level_02_1'
[2019.01.09-04.52.43:047][219]LogSlate: Updating window title bar state: overlay mode, drag disabled, window buttons hidden, title bar hidden
[2019.01.09-04.52.43:087][219]LogSlate: Window 'Ultimate_NAF Game Preview Standalone (64-bit/PCD3D_SM5)' being destroyed
[2019.01.09-04.52.43:131][219]LogPlayLevel: Display: Shutting down PIE online subsystems
[2019.01.09-04.52.43:131][219]LogBlueprintUserMessages: Late EndPlayMap Detection: Level '/Game/Levels/Templates/Testing_Level_02_1.Testing_Level_02_1:PersistentLevel' has LevelScriptBlueprint '/Game/Levels/Templates/Testing_Level_02_1.Testing_Level_02_1:PersistentLevel.Testing_Level_02_1' with GeneratedClass '/Game/Levels/Templates/Testing_Level_02_1.Testing_Level_02_1_C' with ClassGeneratedBy '/Game/Levels/Templates/Testing_Level_02_1.Testing_Level_02_1:PersistentLevel.Testing_Level_02_1'
[2019.01.09-04.52.43:276][220]LogPlayLevel: Display: Destroying online subsystem :Context_7
[2019.01.09-04.52.51:086][  1]LogTemp: Repeating last play command: Selected Viewport
[2019.01.09-04.52.51:141][  1]LogBlueprintUserMessages: Early PlayInEditor Detection: Level '/Game/Levels/Templates/Testing_Level_02_1.Testing_Level_02_1:PersistentLevel' has LevelScriptBlueprint '/Game/Levels/Templates/Testing_Level_02_1.Testing_Level_02_1:PersistentLevel.Testing_Level_02_1' with GeneratedClass '/Game/Levels/Templates/Testing_Level_02_1.Testing_Level_02_1_C' with ClassGeneratedBy '/Game/Levels/Templates/Testing_Level_02_1.Testing_Level_02_1:PersistentLevel.Testing_Level_02_1'
[2019.01.09-04.52.51:141][  1]BlueprintLog: New page: Pre-Play auto-recompile
[2019.01.09-04.52.51:314][  1]LogPlayLevel: [PlayLevel] Compiling Paper2D_Character before play...
[2019.01.09-04.52.51:830][  1]LogPlayLevel: PlayLevel: Blueprint regeneration took 689 ms (1 blueprints)
[2019.01.09-04.52.51:831][  1]PIE: New page: PIE session: Testing_Level_02_1 (10 Jan 2019 2:52:51 am)
[2019.01.09-04.52.51:831][  1]LogPlayLevel: Creating play world package: /Game/Levels/Templates/UEDPIE_0_Testing_Level_02_1
[2019.01.09-04.52.51:870][  1]LogPlayLevel: PIE: StaticDuplicateObject took: (0.038965s)
[2019.01.09-04.52.51:870][  1]LogAIModule: Creating AISystem for world Testing_Level_02_1
[2019.01.09-04.52.51:870][  1]LogPlayLevel: PIE: World Init took: (0.000740s)
[2019.01.09-04.52.51:871][  1]LogPlayLevel: PIE: Created PIE world by copying editor world from /Game/Levels/Templates/Testing_Level_02_1.Testing_Level_02_1 to /Game/Levels/Templates/UEDPIE_0_Testing_Level_02_1.Testing_Level_02_1 (0.039864s)
[2019.01.09-04.52.52:020][  1]LogInit: XAudio2 using 'VoiceMeeter Input (VB-Audio VoiceMeeter VAIO)' : 2 channels at 48 kHz using 16 bits per sample (channel mask 0x3)
[2019.01.09-04.52.52:030][  1]LogInit: FAudioDevice initialized.
[2019.01.09-04.52.52:036][  1]LogSlate: Updating window title bar state: overlay mode, drag disabled, window buttons hidden, title bar hidden
[2019.01.09-04.52.52:071][  1]LogLoad: Game class is 'Paper_GM_C'
[2019.01.09-04.52.52:075][  1]LogWorld: Bringing World /Game/Levels/Templates/UEDPIE_0_Testing_Level_02_1.Testing_Level_02_1 up for play (max tick rate 0) at 2019.01.09-15.52.52
[2019.01.09-04.52.52:076][  1]LogWorld: Bringing up level for play took: 0.003128
[2019.01.09-04.52.52:093][  1]PIE: Play in editor start time for /Game/Levels/Templates/UEDPIE_0_Testing_Level_02_1 1.021
[2019.01.09-04.52.52:094][  1]LogBlueprintUserMessages: Late PlayInEditor Detection: Level '/Game/Levels/Templates/Testing_Level_02_1.Testing_Level_02_1:PersistentLevel' has LevelScriptBlueprint '/Game/Levels/Templates/Testing_Level_02_1.Testing_Level_02_1:PersistentLevel.Testing_Level_02_1' with GeneratedClass '/Game/Levels/Templates/Testing_Level_02_1.Testing_Level_02_1_C' with ClassGeneratedBy '/Game/Levels/Templates/Testing_Level_02_1.Testing_Level_02_1:PersistentLevel.Testing_Level_02_1'
[2019.01.09-04.52.53:797][139]LogBlueprintUserMessages: [Paper2D_Character_C_0] He is running
[2019.01.09-04.52.54:510][205]LogBlueprintUserMessages: [Paper2D_Character_C_0] He is no longer running
[2019.01.09-04.52.54:907][242]LogBlueprintUserMessages: [Paper2D_Character_C_0] He is running
[2019.01.09-04.52.55:989][345]LogBlueprintUserMessages: [Paper2D_Character_C_0] He is no longer running
[2019.01.09-04.52.56:855][426]LogBlueprintUserMessages: [Paper2D_Character_C_0] He is running
[2019.01.09-04.53.08:398][436]LogBlueprintUserMessages: [Paper2D_Character_C_0] He is no longer running
[2019.01.09-04.53.11:308][679]LogBlueprintUserMessages: [Paper2D_Character_C_0] He is running
[2019.01.09-04.53.13:121][844]LogBlueprintUserMessages: [Paper2D_Character_C_0] He is no longer running
[2019.01.09-04.53.15:251][ 37]LogSlate: FSceneViewport::OnFocusLost() reason 2
[2019.01.09-04.53.16:057][ 56]LogBlueprintUserMessages: Early EndPlayMap Detection: Level '/Game/Levels/Templates/Testing_Level_02_1.Testing_Level_02_1:PersistentLevel' has LevelScriptBlueprint '/Game/Levels/Templates/Testing_Level_02_1.Testing_Level_02_1:PersistentLevel.Testing_Level_02_1' with GeneratedClass '/Game/Levels/Templates/Testing_Level_02_1.Testing_Level_02_1_C' with ClassGeneratedBy '/Game/Levels/Templates/Testing_Level_02_1.Testing_Level_02_1:PersistentLevel.Testing_Level_02_1'
[2019.01.09-04.53.16:057][ 56]LogSlate: Updating window title bar state: overlay mode, drag disabled, window buttons hidden, title bar hidden
[2019.01.09-04.53.16:100][ 56]LogSlate: Window 'Ultimate_NAF Game Preview Standalone (64-bit/PCD3D_SM5)' being destroyed
[2019.01.09-04.53.16:136][ 56]LogPlayLevel: Display: Shutting down PIE online subsystems
[2019.01.09-04.53.16:137][ 56]LogBlueprintUserMessages: Late EndPlayMap Detection: Level '/Game/Levels/Templates/Testing_Level_02_1.Testing_Level_02_1:PersistentLevel' has LevelScriptBlueprint '/Game/Levels/Templates/Testing_Level_02_1.Testing_Level_02_1:PersistentLevel.Testing_Level_02_1' with GeneratedClass '/Game/Levels/Templates/Testing_Level_02_1.Testing_Level_02_1_C' with ClassGeneratedBy '/Game/Levels/Templates/Testing_Level_02_1.Testing_Level_02_1:PersistentLevel.Testing_Level_02_1'
[2019.01.09-04.53.16:251][ 57]LogPlayLevel: Display: Destroying online subsystem :Context_8
[2019.01.09-04.53.24:287][609]BlueprintLog: New page: Compile Paper2D_Character
